Started GET "/users" for ::1 at 2019-05-26 20:11:55 -0600
  
ActiveRecord::PendingMigrationError (

Migrations are pending. To resolve this issue, run:

        bin/rails db:migrate RAILS_ENV=development

):
  
activerecord (5.2.3) lib/active_record/migration.rb:579:in `check_pending!'
activerecord (5.2.3) lib/active_record/migration.rb:556:in `call'
actionpack (5.2.3) lib/action_dispatch/middleware/callbacks.rb:28:in `block in call'
activesupport (5.2.3) lib/active_support/callbacks.rb:98:in `run_callbacks'
actionpack (5.2.3) lib/action_dispatch/middleware/callbacks.rb:26:in `call'
actionpack (5.2.3) lib/action_dispatch/middleware/executor.rb:14:in `call'
actionpack (5.2.3) lib/action_dispatch/middleware/debug_exceptions.rb:61:in `call'
actionpack (5.2.3) lib/action_dispatch/middleware/show_exceptions.rb:33:in `call'
railties (5.2.3) lib/rails/rack/logger.rb:38:in `call_app'
railties (5.2.3) lib/rails/rack/logger.rb:26:in `block in call'
activesupport (5.2.3) lib/active_support/tagged_logging.rb:71:in `block in tagged'
activesupport (5.2.3) lib/active_support/tagged_logging.rb:28:in `tagged'
activesupport (5.2.3) lib/active_support/tagged_logging.rb:71:in `tagged'
railties (5.2.3) lib/rails/rack/logger.rb:26:in `call'
actionpack (5.2.3) lib/action_dispatch/middleware/remote_ip.rb:81:in `call'
actionpack (5.2.3) lib/action_dispatch/middleware/request_id.rb:27:in `call'
rack (2.0.7) lib/rack/runtime.rb:22:in `call'
activesupport (5.2.3) lib/active_support/cache/strategy/local_cache_middleware.rb:29:in `call'
actionpack (5.2.3) lib/action_dispatch/middleware/executor.rb:14:in `call'
actionpack (5.2.3) lib/action_dispatch/middleware/static.rb:127:in `call'
rack (2.0.7) lib/rack/sendfile.rb:111:in `call'
railties (5.2.3) lib/rails/engine.rb:524:in `call'
puma (3.12.1) lib/puma/configuration.rb:227:in `call'
puma (3.12.1) lib/puma/server.rb:660:in `handle_request'
puma (3.12.1) lib/puma/server.rb:474:in `process_client'
puma (3.12.1) lib/puma/server.rb:334:in `block in run'
puma (3.12.1) lib/puma/thread_pool.rb:135:in `block in spawn_thread'
  [1m[35m (0.1ms)[0m  [1m[34mSELECT sqlite_version(*)[0m
  â†³ bin/rails:9
  [1m[35m (10.9ms)[0m  [1m[35mCREATE TABLE "schema_migrations" ("version" varchar NOT NULL PRIMARY KEY)[0m
  â†³ bin/rails:9
  [1m[35m (10.1ms)[0m  [1m[35mCREATE TABLE "ar_internal_metadata" ("key" varchar NOT NULL PRIMARY KEY, "value" varchar, "created_at" datetime NOT NULL, "updated_at" datetime NOT NULL)[0m
  â†³ bin/rails:9
  [1m[35m (0.2ms)[0m  [1m[34mSELECT "schema_migrations"."version" FROM "schema_migrations" ORDER BY "schema_migrations"."version" ASC[0m
  â†³ bin/rails:9
Migrating to CreateUsers (20190527004757)
  [1m[35m (0.1ms)[0m  [1m[36mbegin transaction[0m
  â†³ bin/rails:9
  [1m[35m (2.2ms)[0m  [1m[35mCREATE TABLE "users" ("id" integer PRIMARY KEY AUTOINCREMENT NOT NULL, "email" varchar, "password_digest" varchar, "created_at" datetime NOT NULL, "updated_at" datetime NOT NULL)[0m
  â†³ db/migrate/20190527004757_create_users.rb:3
  [1m[36mActiveRecord::SchemaMigration Create (0.2ms)[0m  [1m[32mINSERT INTO "schema_migrations" ("version") VALUES (?)[0m  [["version", "20190527004757"]]
  â†³ bin/rails:9
  [1m[35m (14.9ms)[0m  [1m[36mcommit transaction[0m
  â†³ bin/rails:9
  [1m[36mActiveRecord::InternalMetadata Load (0.2ms)[0m  [1m[34mSELECT  "ar_internal_metadata".* FROM "ar_internal_metadata" WHERE "ar_internal_metadata"."key" = ? LIMIT ?[0m  [["key", "environment"], ["LIMIT", 1]]
  â†³ bin/rails:9
  [1m[35m (0.1ms)[0m  [1m[36mbegin transaction[0m
  â†³ bin/rails:9
  [1m[36mActiveRecord::InternalMetadata Create (4.0ms)[0m  [1m[32mINSERT INTO "ar_internal_metadata" ("key", "value", "created_at", "updated_at") VALUES (?, ?, ?, ?)[0m  [["key", "environment"], ["value", "development"], ["created_at", "2019-05-27 02:13:49.981578"], ["updated_at", "2019-05-27 02:13:49.981578"]]
  â†³ bin/rails:9
  [1m[35m (9.5ms)[0m  [1m[36mcommit transaction[0m
  â†³ bin/rails:9
  [1m[35m (0.1ms)[0m  [1m[34mSELECT "schema_migrations"."version" FROM "schema_migrations" ORDER BY "schema_migrations"."version" ASC[0m
  â†³ bin/rails:9
Started GET "/users" for ::1 at 2019-05-26 20:14:09 -0600
  [1m[35m (0.3ms)[0m  [1m[34mSELECT "schema_migrations"."version" FROM "schema_migrations" ORDER BY "schema_migrations"."version" ASC[0m
  â†³ /home/paulo/.rvm/gems/ruby-2.5.1/gems/activerecord-5.2.3/lib/active_record/log_subscriber.rb:98
Processing by UsersController#index as */*
Filter chain halted as :authorize_request rendered or redirected
Completed 401 Unauthorized in 3ms (Views: 0.9ms | ActiveRecord: 0.0ms)


Started GET "/auth/login" for ::1 at 2019-05-26 20:15:39 -0600
Processing by ApplicationController#not_found as */*
  Parameters: {"a"=>"auth/login"}
Completed 200 OK in 1ms (Views: 0.2ms | ActiveRecord: 0.0ms)


Started POST "/auth/login" for ::1 at 2019-05-26 20:16:03 -0600
Processing by AuthenticationController#login as */*
  [1m[36mUser Load (0.2ms)[0m  [1m[34mSELECT  "users".* FROM "users" WHERE "users"."email" IS NULL LIMIT ?[0m  [["LIMIT", 1]]
  â†³ app/controllers/authentication_controller.rb:6
Completed 401 Unauthorized in 15ms (Views: 0.2ms | ActiveRecord: 0.6ms)


Started POST "/auth/login?email=paulozuniga17@gmail.com&password=[FILTERED]" for ::1 at 2019-05-26 20:17:11 -0600
Processing by AuthenticationController#login as */*
  Parameters: {"email"=>"paulozuniga17@gmail.com", "password"=>"[FILTERED]"}
  [1m[36mUser Load (0.2ms)[0m  [1m[34mSELECT  "users".* FROM "users" WHERE "users"."email" = ? LIMIT ?[0m  [["email", "paulozuniga17@gmail.com"], ["LIMIT", 1]]
  â†³ app/controllers/authentication_controller.rb:6
Completed 401 Unauthorized in 3ms (Views: 0.2ms | ActiveRecord: 0.2ms)


Started POST "/users?email=paulozuniga17@gmail.com&password=[FILTERED]" for ::1 at 2019-05-26 21:17:57 -0600
Processing by UsersController#create as */*
  Parameters: {"email"=>"paulozuniga17@gmail.com", "password"=>"[FILTERED]"}
  [1m[35m (0.1ms)[0m  [1m[36mbegin transaction[0m
  â†³ app/controllers/users_controller.rb:19
  [1m[36mUser Exists (0.2ms)[0m  [1m[34mSELECT  1 AS one FROM "users" WHERE "users"."email" = ? LIMIT ?[0m  [["email", "paulozuniga17@gmail.com"], ["LIMIT", 1]]
  â†³ app/controllers/users_controller.rb:19
  [1m[36mUser Create (2.6ms)[0m  [1m[32mINSERT INTO "users" ("email", "password_digest", "created_at", "updated_at") VALUES (?, ?, ?, ?)[0m  [["email", "paulozuniga17@gmail.com"], ["password_digest", "$2a$10$MgVQgGMY.OtL5Edw5jlWROozmgy.in536OY8HBs7Ainbh6d/feEu2"], ["created_at", "2019-05-27 03:17:57.363676"], ["updated_at", "2019-05-27 03:17:57.363676"]]
  â†³ app/controllers/users_controller.rb:19
  [1m[35m (21.8ms)[0m  [1m[36mcommit transaction[0m
  â†³ app/controllers/users_controller.rb:19
Completed 201 Created in 201ms (Views: 0.6ms | ActiveRecord: 25.3ms)


Started POST "/auth/login?email=paulozuniga17@gmail.com&password=[FILTERED]" for ::1 at 2019-05-26 21:19:18 -0600
Processing by AuthenticationController#login as */*
  Parameters: {"email"=>"paulozuniga17@gmail.com", "password"=>"[FILTERED]"}
  [1m[36mUser Load (0.2ms)[0m  [1m[34mSELECT  "users".* FROM "users" WHERE "users"."email" = ? LIMIT ?[0m  [["email", "paulozuniga17@gmail.com"], ["LIMIT", 1]]
  â†³ app/controllers/authentication_controller.rb:6
Completed 500 Internal Server Error in 201ms (ActiveRecord: 0.2ms)


  
NoMethodError (undefined method `username' for #<User:0x00007fc8201caa58>):
  
app/controllers/authentication_controller.rb:11:in `login'
Started POST "/auth/login?email=paulozuniga17@gmail.com&password=[FILTERED]" for ::1 at 2019-05-26 21:28:01 -0600
  [1m[35m (0.2ms)[0m  [1m[34mSELECT "schema_migrations"."version" FROM "schema_migrations" ORDER BY "schema_migrations"."version" ASC[0m
  â†³ /home/paulo/.rvm/gems/ruby-2.5.1/gems/activerecord-5.2.3/lib/active_record/log_subscriber.rb:98
Processing by AuthenticationController#login as */*
  Parameters: {"email"=>"paulozuniga17@gmail.com", "password"=>"[FILTERED]"}
  [1m[36mUser Load (0.4ms)[0m  [1m[34mSELECT  "users".* FROM "users" WHERE "users"."email" = ? LIMIT ?[0m  [["email", "paulozuniga17@gmail.com"], ["LIMIT", 1]]
  â†³ app/controllers/authentication_controller.rb:6
Completed 200 OK in 191ms (Views: 0.3ms | ActiveRecord: 2.9ms)


Started POST "/auth/login?email=paulozuniga17@gmail.com&password=[FILTERED]" for ::1 at 2019-05-26 21:28:55 -0600
  [1m[35m (0.2ms)[0m  [1m[34mSELECT "schema_migrations"."version" FROM "schema_migrations" ORDER BY "schema_migrations"."version" ASC[0m
  â†³ /home/paulo/.rvm/gems/ruby-2.5.1/gems/activerecord-5.2.3/lib/active_record/log_subscriber.rb:98
Processing by AuthenticationController#login as */*
  Parameters: {"email"=>"paulozuniga17@gmail.com", "password"=>"[FILTERED]"}
  [1m[36mUser Load (0.2ms)[0m  [1m[34mSELECT  "users".* FROM "users" WHERE "users"."email" = ? LIMIT ?[0m  [["email", "paulozuniga17@gmail.com"], ["LIMIT", 1]]
  â†³ app/controllers/authentication_controller.rb:6
Completed 200 OK in 165ms (Views: 0.4ms | ActiveRecord: 4.2ms)


Started GET "/users" for ::1 at 2019-05-26 21:32:13 -0600
Processing by UsersController#index as */*
Filter chain halted as :authorize_request rendered or redirected
Completed 401 Unauthorized in 1ms (Views: 0.3ms | ActiveRecord: 0.0ms)


Started POST "/auth/login?email=paulozuniga17@gmail.com&password=[FILTERED]" for ::1 at 2019-05-26 21:32:50 -0600
Processing by AuthenticationController#login as */*
  Parameters: {"email"=>"paulozuniga17@gmail.com", "password"=>"[FILTERED]"}
  [1m[36mUser Load (0.2ms)[0m  [1m[34mSELECT  "users".* FROM "users" WHERE "users"."email" = ? LIMIT ?[0m  [["email", "paulozuniga17@gmail.com"], ["LIMIT", 1]]
  â†³ app/controllers/authentication_controller.rb:6
Completed 200 OK in 144ms (Views: 0.2ms | ActiveRecord: 0.2ms)


Started GET "/users?Authorization=eyJhbGciOiJIUzI1NiJ9.eyJ1c2VyX2lkIjoxLCJleHAiOjE1NTkwMTQzNzB9.ZL870KGR7QyzH24MrGvLKal5NFoIgyfcsIafaaNy0io" for ::1 at 2019-05-26 21:33:12 -0600
Processing by UsersController#index as */*
  Parameters: {"Authorization"=>"eyJhbGciOiJIUzI1NiJ9.eyJ1c2VyX2lkIjoxLCJleHAiOjE1NTkwMTQzNzB9.ZL870KGR7QyzH24MrGvLKal5NFoIgyfcsIafaaNy0io"}
Filter chain halted as :authorize_request rendered or redirected
Completed 401 Unauthorized in 0ms (Views: 0.2ms | ActiveRecord: 0.0ms)


Started POST "/auth/login?email=paulozuniga17@gmail.com&password=[FILTERED]" for ::1 at 2019-05-26 21:33:58 -0600
Processing by AuthenticationController#login as */*
  Parameters: {"email"=>"paulozuniga17@gmail.com", "password"=>"[FILTERED]"}
  [1m[36mUser Load (0.1ms)[0m  [1m[34mSELECT  "users".* FROM "users" WHERE "users"."email" = ? LIMIT ?[0m  [["email", "paulozuniga17@gmail.com"], ["LIMIT", 1]]
  â†³ app/controllers/authentication_controller.rb:6
Completed 200 OK in 143ms (Views: 0.3ms | ActiveRecord: 0.1ms)


Started GET "/users?Authorization=eyJhbGciOiJIUzI1NiJ9.eyJ1c2VyX2lkIjoxLCJleHAiOjE1NTkwMTQ0Mzl9.PDVvuXEzeXeyjaBZZz5lAQUDRR7GCSdFvu414s841DY" for ::1 at 2019-05-26 21:34:20 -0600
Processing by UsersController#index as */*
  Parameters: {"Authorization"=>"eyJhbGciOiJIUzI1NiJ9.eyJ1c2VyX2lkIjoxLCJleHAiOjE1NTkwMTQ0Mzl9.PDVvuXEzeXeyjaBZZz5lAQUDRR7GCSdFvu414s841DY"}
Filter chain halted as :authorize_request rendered or redirected
Completed 401 Unauthorized in 1ms (Views: 0.3ms | ActiveRecord: 0.0ms)


Started POST "/auth/login?email=paulozuniga17@gmail.com&password=[FILTERED]" for ::1 at 2019-05-26 21:35:29 -0600
Processing by AuthenticationController#login as */*
  Parameters: {"email"=>"paulozuniga17@gmail.com", "password"=>"[FILTERED]"}
  [1m[36mUser Load (0.3ms)[0m  [1m[34mSELECT  "users".* FROM "users" WHERE "users"."email" = ? LIMIT ?[0m  [["email", "paulozuniga17@gmail.com"], ["LIMIT", 1]]
  â†³ app/controllers/authentication_controller.rb:6
Completed 200 OK in 145ms (Views: 0.2ms | ActiveRecord: 0.3ms)


Started GET "/users?Authorization=eyJhbGciOiJIUzI1NiJ9.eyJ1c2VyX2lkIjoxLCJleHAiOjE1NTkwMTQ1Mjl9.5S_dsPXP2LFfps97aoh3MVBWl9ACZCuHr64HY4AbGBY" for ::1 at 2019-05-26 21:36:16 -0600
Processing by UsersController#index as */*
  Parameters: {"Authorization"=>"eyJhbGciOiJIUzI1NiJ9.eyJ1c2VyX2lkIjoxLCJleHAiOjE1NTkwMTQ1Mjl9.5S_dsPXP2LFfps97aoh3MVBWl9ACZCuHr64HY4AbGBY"}
Filter chain halted as :authorize_request rendered or redirected
Completed 401 Unauthorized in 0ms (Views: 0.2ms | ActiveRecord: 0.0ms)


Started GET "/userone?Authorization=eyJhbGciOiJIUzI1NiJ9.eyJ1c2VyX2lkIjoxLCJleHAiOjE1NTkwMTQ1Mjl9.5S_dsPXP2LFfps97aoh3MVBWl9ACZCuHr64HY4AbGBY" for ::1 at 2019-05-26 21:57:35 -0600
Processing by ApplicationController#not_found as */*
  Parameters: {"Authorization"=>"eyJhbGciOiJIUzI1NiJ9.eyJ1c2VyX2lkIjoxLCJleHAiOjE1NTkwMTQ1Mjl9.5S_dsPXP2LFfps97aoh3MVBWl9ACZCuHr64HY4AbGBY", "a"=>"userone"}
Completed 200 OK in 1ms (Views: 0.3ms | ActiveRecord: 0.0ms)


Started GET "/users" for ::1 at 2019-05-26 21:58:39 -0600
Processing by UsersController#index as */*
  [1m[36mUser Load (3.5ms)[0m  [1m[34mSELECT  "users".* FROM "users" WHERE "users"."id" = ? LIMIT ?[0m  [["id", 1], ["LIMIT", 1]]
  â†³ app/controllers/application_controller.rb:12
  [1m[36mUser Load (0.3ms)[0m  [1m[34mSELECT "users".* FROM "users"[0m
  â†³ app/controllers/users_controller.rb:8
Completed 200 OK in 33ms (Views: 7.5ms | ActiveRecord: 4.6ms)


Started GET "/userone" for ::1 at 2019-05-26 21:59:01 -0600
Processing by ApplicationController#not_found as */*
  Parameters: {"a"=>"userone"}
Completed 200 OK in 0ms (Views: 0.1ms | ActiveRecord: 0.0ms)


Started POST "/auth/login?email=paulozuniga17@gmail.com&password=[FILTERED]" for ::1 at 2019-05-28 17:35:57 -0600
  [1m[35m (0.2ms)[0m  [1m[34mSELECT "schema_migrations"."version" FROM "schema_migrations" ORDER BY "schema_migrations"."version" ASC[0m
  â†³ /home/paulo/.rvm/gems/ruby-2.5.1/gems/activerecord-5.2.3/lib/active_record/log_subscriber.rb:98
Processing by AuthenticationController#login as */*
  Parameters: {"email"=>"paulozuniga17@gmail.com", "password"=>"[FILTERED]"}
  [1m[36mUser Load (0.9ms)[0m  [1m[34mSELECT  "users".* FROM "users" WHERE "users"."email" = ? LIMIT ?[0m  [["email", "paulozuniga17@gmail.com"], ["LIMIT", 1]]
  â†³ app/controllers/authentication_controller.rb:6
Completed 200 OK in 178ms (Views: 0.3ms | ActiveRecord: 1.9ms)


Started GET "/users?Authorization=eyJhbGciOiJIUzI1NiJ9.eyJ1c2VyX2lkIjoxLCJleHAiOjE1NTkwMTQzNzB9.ZL870KGR7QyzH24MrGvLKal5NFoIgyfcsIafaaNy0io" for ::1 at 2019-05-28 17:36:34 -0600
Processing by UsersController#index as */*
  Parameters: {"Authorization"=>"eyJhbGciOiJIUzI1NiJ9.eyJ1c2VyX2lkIjoxLCJleHAiOjE1NTkwMTQzNzB9.ZL870KGR7QyzH24MrGvLKal5NFoIgyfcsIafaaNy0io"}
Filter chain halted as :authorize_request rendered or redirected
Completed 401 Unauthorized in 3ms (Views: 0.2ms | ActiveRecord: 0.0ms)


Started GET "/recipes" for ::1 at 2019-05-28 17:37:31 -0600
  
LoadError (cannot load such file -- /models/recipe.rb):
  
app/controllers/recipes_controller.rb:1:in `<top (required)>'
Started GET "/recipes" for ::1 at 2019-05-28 17:44:13 -0600
  [1m[35m (0.2ms)[0m  [1m[34mSELECT "schema_migrations"."version" FROM "schema_migrations" ORDER BY "schema_migrations"."version" ASC[0m
  â†³ /home/paulo/.rvm/gems/ruby-2.5.1/gems/activerecord-5.2.3/lib/active_record/log_subscriber.rb:98
  
LoadError (cannot load such file -- /models/recipe.rb):
  
app/controllers/recipes_controller.rb:1:in `<top (required)>'
Started GET "/recipes" for ::1 at 2019-05-28 17:51:58 -0600
  [1m[35m (0.3ms)[0m  [1m[34mSELECT "schema_migrations"."version" FROM "schema_migrations" ORDER BY "schema_migrations"."version" ASC[0m
  â†³ /home/paulo/.rvm/gems/ruby-2.5.1/gems/activerecord-5.2.3/lib/active_record/log_subscriber.rb:98
Processing by ApplicationController#not_found as */*
  Parameters: {"a"=>"recipes"}
Completed 200 OK in 1ms (Views: 0.2ms | ActiveRecord: 0.0ms)


Started GET "/recipes" for ::1 at 2019-05-28 17:52:46 -0600
  [1m[35m (0.2ms)[0m  [1m[34mSELECT "schema_migrations"."version" FROM "schema_migrations" ORDER BY "schema_migrations"."version" ASC[0m
  â†³ /home/paulo/.rvm/gems/ruby-2.5.1/gems/activerecord-5.2.3/lib/active_record/log_subscriber.rb:98
  
LoadError (cannot load such file -- /models/recipe.rb):
  
app/controllers/recipes_controller.rb:1:in `<top (required)>'
Started GET "/recipes" for ::1 at 2019-05-28 18:12:07 -0600
  [1m[35m (0.3ms)[0m  [1m[34mSELECT "schema_migrations"."version" FROM "schema_migrations" ORDER BY "schema_migrations"."version" ASC[0m
  â†³ /home/paulo/.rvm/gems/ruby-2.5.1/gems/activerecord-5.2.3/lib/active_record/log_subscriber.rb:98
  
LoadError (cannot load such file -- /models/recipe.rb):
  
app/controllers/recipes_controller.rb:1:in `<top (required)>'
Started GET "/recipes" for ::1 at 2019-05-28 19:04:53 -0600
  [1m[35m (0.2ms)[0m  [1m[34mSELECT "schema_migrations"."version" FROM "schema_migrations" ORDER BY "schema_migrations"."version" ASC[0m
  â†³ /home/paulo/.rvm/gems/ruby-2.5.1/gems/activerecord-5.2.3/lib/active_record/log_subscriber.rb:98
  
ActiveRecord::PendingMigrationError (

Migrations are pending. To resolve this issue, run:

        bin/rails db:migrate RAILS_ENV=development

):
  
activerecord (5.2.3) lib/active_record/migration.rb:579:in `check_pending!'
activerecord (5.2.3) lib/active_record/migration.rb:556:in `call'
actionpack (5.2.3) lib/action_dispatch/middleware/callbacks.rb:28:in `block in call'
activesupport (5.2.3) lib/active_support/callbacks.rb:98:in `run_callbacks'
actionpack (5.2.3) lib/action_dispatch/middleware/callbacks.rb:26:in `call'
actionpack (5.2.3) lib/action_dispatch/middleware/executor.rb:14:in `call'
actionpack (5.2.3) lib/action_dispatch/middleware/debug_exceptions.rb:61:in `call'
actionpack (5.2.3) lib/action_dispatch/middleware/show_exceptions.rb:33:in `call'
railties (5.2.3) lib/rails/rack/logger.rb:38:in `call_app'
railties (5.2.3) lib/rails/rack/logger.rb:26:in `block in call'
activesupport (5.2.3) lib/active_support/tagged_logging.rb:71:in `block in tagged'
activesupport (5.2.3) lib/active_support/tagged_logging.rb:28:in `tagged'
activesupport (5.2.3) lib/active_support/tagged_logging.rb:71:in `tagged'
railties (5.2.3) lib/rails/rack/logger.rb:26:in `call'
actionpack (5.2.3) lib/action_dispatch/middleware/remote_ip.rb:81:in `call'
actionpack (5.2.3) lib/action_dispatch/middleware/request_id.rb:27:in `call'
rack (2.0.7) lib/rack/runtime.rb:22:in `call'
activesupport (5.2.3) lib/active_support/cache/strategy/local_cache_middleware.rb:29:in `call'
actionpack (5.2.3) lib/action_dispatch/middleware/executor.rb:14:in `call'
actionpack (5.2.3) lib/action_dispatch/middleware/static.rb:127:in `call'
rack (2.0.7) lib/rack/sendfile.rb:111:in `call'
railties (5.2.3) lib/rails/engine.rb:524:in `call'
puma (3.12.1) lib/puma/configuration.rb:227:in `call'
puma (3.12.1) lib/puma/server.rb:660:in `handle_request'
puma (3.12.1) lib/puma/server.rb:474:in `process_client'
puma (3.12.1) lib/puma/server.rb:334:in `block in run'
puma (3.12.1) lib/puma/thread_pool.rb:135:in `block in spawn_thread'
  [1m[35m (0.2ms)[0m  [1m[34mSELECT "schema_migrations"."version" FROM "schema_migrations" ORDER BY "schema_migrations"."version" ASC[0m
  â†³ bin/rails:9
Migrating to CreateRecipes (20190529005919)
  [1m[35m (0.1ms)[0m  [1m[36mbegin transaction[0m
  â†³ bin/rails:9
  [1m[35m (0.1ms)[0m  [1m[34mSELECT sqlite_version(*)[0m
  â†³ db/migrate/20190529005919_create_recipes.rb:3
  [1m[35m (1.4ms)[0m  [1m[35mCREATE TABLE "recipes" ("id" integer PRIMARY KEY AUTOINCREMENT NOT NULL, "name" varchar, "ingredients" text, "steps" text, "type" varchar, "created_at" datetime NOT NULL, "updated_at" datetime NOT NULL)[0m
  â†³ db/migrate/20190529005919_create_recipes.rb:3
  [1m[36mActiveRecord::SchemaMigration Create (0.3ms)[0m  [1m[32mINSERT INTO "schema_migrations" ("version") VALUES (?)[0m  [["version", "20190529005919"]]
  â†³ bin/rails:9
  [1m[35m (13.0ms)[0m  [1m[36mcommit transaction[0m
  â†³ bin/rails:9
  [1m[36mActiveRecord::InternalMetadata Load (0.2ms)[0m  [1m[34mSELECT  "ar_internal_metadata".* FROM "ar_internal_metadata" WHERE "ar_internal_metadata"."key" = ? LIMIT ?[0m  [["key", "environment"], ["LIMIT", 1]]
  â†³ bin/rails:9
  [1m[35m (0.1ms)[0m  [1m[36mbegin transaction[0m
  â†³ bin/rails:9
  [1m[35m (0.1ms)[0m  [1m[36mcommit transaction[0m
  â†³ bin/rails:9
  [1m[35m (0.1ms)[0m  [1m[34mSELECT "schema_migrations"."version" FROM "schema_migrations" ORDER BY "schema_migrations"."version" ASC[0m
  â†³ bin/rails:9
Started POST "/auth/login?email=paulozuniga17@gmail.com&password=[FILTERED]" for ::1 at 2019-05-28 19:05:31 -0600
  [1m[35m (0.2ms)[0m  [1m[34mSELECT "schema_migrations"."version" FROM "schema_migrations" ORDER BY "schema_migrations"."version" ASC[0m
  â†³ /home/paulo/.rvm/gems/ruby-2.5.1/gems/activerecord-5.2.3/lib/active_record/log_subscriber.rb:98
Processing by AuthenticationController#login as */*
  Parameters: {"email"=>"paulozuniga17@gmail.com", "password"=>"[FILTERED]"}
  [1m[36mUser Load (0.2ms)[0m  [1m[34mSELECT  "users".* FROM "users" WHERE "users"."email" = ? LIMIT ?[0m  [["email", "paulozuniga17@gmail.com"], ["LIMIT", 1]]
  â†³ app/controllers/authentication_controller.rb:6
Completed 200 OK in 100ms (Views: 0.4ms | ActiveRecord: 1.0ms)


Started GET "/recipes" for ::1 at 2019-05-28 19:05:49 -0600
Processing by RecipesController#index as */*
  [1m[36mUser Load (0.3ms)[0m  [1m[34mSELECT  "users".* FROM "users" WHERE "users"."id" = ? LIMIT ?[0m  [["id", 1], ["LIMIT", 1]]
  â†³ app/controllers/application_controller.rb:12
Completed 200 OK in 3ms (Views: 0.2ms | ActiveRecord: 0.3ms)


Started GET "/recipes" for ::1 at 2019-05-28 19:08:43 -0600
Processing by RecipesController#index as */*
  [1m[36mUser Load (4.4ms)[0m  [1m[34mSELECT  "users".* FROM "users" WHERE "users"."id" = ? LIMIT ?[0m  [["id", 1], ["LIMIT", 1]]
  â†³ app/controllers/application_controller.rb:12
Completed 200 OK in 37ms (Views: 4.2ms | ActiveRecord: 6.2ms)


  [1m[35m (0.2ms)[0m  [1m[34mSELECT "schema_migrations"."version" FROM "schema_migrations" ORDER BY "schema_migrations"."version" ASC[0m
  â†³ /home/paulo/.rvm/gems/ruby-2.5.1/bin/rake:23
  [1m[35m (0.1ms)[0m  [1m[34mSELECT "schema_migrations"."version" FROM "schema_migrations" ORDER BY "schema_migrations"."version" ASC[0m
  â†³ /home/paulo/.rvm/gems/ruby-2.5.1/bin/rake:23
  [1m[35m (0.1ms)[0m  [1m[34mSELECT "schema_migrations"."version" FROM "schema_migrations" ORDER BY "schema_migrations"."version" ASC[0m
  â†³ /home/paulo/.rvm/gems/ruby-2.5.1/bin/rake:23
  [1m[35m (0.1ms)[0m  [1m[34mSELECT "schema_migrations"."version" FROM "schema_migrations" ORDER BY "schema_migrations"."version" ASC[0m
  â†³ /home/paulo/.rvm/gems/ruby-2.5.1/bin/rake:23
Migrating to CreateRecipes (20190529005919)
  [1m[35m (0.1ms)[0m  [1m[36mbegin transaction[0m
  â†³ /home/paulo/.rvm/gems/ruby-2.5.1/bin/rake:23
  [1m[35m (3.1ms)[0m  [1m[35mDROP TABLE "recipes"[0m
  â†³ /home/paulo/.rvm/gems/ruby-2.5.1/bin/rake:23
  [1m[36mActiveRecord::SchemaMigration Destroy (0.3ms)[0m  [1m[31mDELETE FROM "schema_migrations" WHERE "schema_migrations"."version" = ?[0m  [["version", "20190529005919"]]
  â†³ /home/paulo/.rvm/gems/ruby-2.5.1/bin/rake:23
  [1m[35m (16.8ms)[0m  [1m[36mcommit transaction[0m
  â†³ /home/paulo/.rvm/gems/ruby-2.5.1/bin/rake:23
  [1m[35m (0.1ms)[0m  [1m[34mSELECT "schema_migrations"."version" FROM "schema_migrations" ORDER BY "schema_migrations"."version" ASC[0m
  â†³ /home/paulo/.rvm/gems/ruby-2.5.1/bin/rake:23
  [1m[35m (0.7ms)[0m  [1m[34mSELECT "schema_migrations"."version" FROM "schema_migrations" ORDER BY "schema_migrations"."version" ASC[0m
  â†³ bin/rails:9
Migrating to CreateRecipes (20190529191821)
  [1m[35m (0.1ms)[0m  [1m[36mbegin transaction[0m
  â†³ bin/rails:9
  [1m[35m (0.1ms)[0m  [1m[34mSELECT sqlite_version(*)[0m
  â†³ db/migrate/20190529191821_create_recipes.rb:3
  [1m[35m (2.2ms)[0m  [1m[35mCREATE TABLE "recipes" ("id" integer PRIMARY KEY AUTOINCREMENT NOT NULL, "name" varchar, "ingredients" text, "steps" text, "type" varchar, "images" text, "created_at" datetime NOT NULL, "updated_at" datetime NOT NULL)[0m
  â†³ db/migrate/20190529191821_create_recipes.rb:3
  [1m[36mActiveRecord::SchemaMigration Create (0.7ms)[0m  [1m[32mINSERT INTO "schema_migrations" ("version") VALUES (?)[0m  [["version", "20190529191821"]]
  â†³ bin/rails:9
  [1m[35m (24.1ms)[0m  [1m[36mcommit transaction[0m
  â†³ bin/rails:9
  [1m[36mActiveRecord::InternalMetadata Load (1.2ms)[0m  [1m[34mSELECT  "ar_internal_metadata".* FROM "ar_internal_metadata" WHERE "ar_internal_metadata"."key" = ? LIMIT ?[0m  [["key", "environment"], ["LIMIT", 1]]
  â†³ bin/rails:9
  [1m[35m (0.1ms)[0m  [1m[36mbegin transaction[0m
  â†³ bin/rails:9
  [1m[35m (0.2ms)[0m  [1m[36mcommit transaction[0m
  â†³ bin/rails:9
  [1m[35m (0.3ms)[0m  [1m[34mSELECT "schema_migrations"."version" FROM "schema_migrations" ORDER BY "schema_migrations"."version" ASC[0m
  â†³ bin/rails:9
Started POST "/auth/login?email=paulozuniga17@gmail.com&password=[FILTERED]" for ::1 at 2019-05-29 13:20:04 -0600
  [1m[35m (0.3ms)[0m  [1m[34mSELECT "schema_migrations"."version" FROM "schema_migrations" ORDER BY "schema_migrations"."version" ASC[0m
  â†³ /home/paulo/.rvm/gems/ruby-2.5.1/gems/activerecord-5.2.3/lib/active_record/log_subscriber.rb:98
Processing by AuthenticationController#login as */*
  Parameters: {"email"=>"paulozuniga17@gmail.com", "password"=>"[FILTERED]"}
  [1m[36mUser Load (0.9ms)[0m  [1m[34mSELECT  "users".* FROM "users" WHERE "users"."email" = ? LIMIT ?[0m  [["email", "paulozuniga17@gmail.com"], ["LIMIT", 1]]
  â†³ app/controllers/authentication_controller.rb:6
Completed 200 OK in 170ms (Views: 0.3ms | ActiveRecord: 2.8ms)


Started GET "/recipes" for ::1 at 2019-05-29 13:20:22 -0600
Processing by RecipesController#index as */*
  [1m[36mUser Load (0.2ms)[0m  [1m[34mSELECT  "users".* FROM "users" WHERE "users"."id" = ? LIMIT ?[0m  [["id", 1], ["LIMIT", 1]]
  â†³ app/controllers/application_controller.rb:12
Completed 200 OK in 6ms (Views: 0.2ms | ActiveRecord: 0.2ms)


Started GET "/recipes" for ::1 at 2019-05-29 13:40:51 -0600
Processing by RecipesController#index as */*
  [1m[36mUser Load (0.2ms)[0m  [1m[34mSELECT  "users".* FROM "users" WHERE "users"."id" = ? LIMIT ?[0m  [["id", 1], ["LIMIT", 1]]
  â†³ app/controllers/application_controller.rb:12
Completed 200 OK in 3ms (Views: 0.2ms | ActiveRecord: 0.2ms)


Started POST "/auth/login?email=paulozuniga17@gmail.com&password=[FILTERED]" for ::1 at 2019-05-29 14:35:37 -0600
  [1m[35m (0.2ms)[0m  [1m[34mSELECT "schema_migrations"."version" FROM "schema_migrations" ORDER BY "schema_migrations"."version" ASC[0m
  â†³ /home/paulo/.rvm/gems/ruby-2.5.1/gems/activerecord-5.2.3/lib/active_record/log_subscriber.rb:98
Processing by AuthenticationController#login as */*
  Parameters: {"email"=>"paulozuniga17@gmail.com", "password"=>"[FILTERED]"}
  [1m[36mUser Load (0.3ms)[0m  [1m[34mSELECT  "users".* FROM "users" WHERE "users"."email" = ? LIMIT ?[0m  [["email", "paulozuniga17@gmail.com"], ["LIMIT", 1]]
  â†³ app/controllers/authentication_controller.rb:6
Completed 200 OK in 108ms (Views: 0.4ms | ActiveRecord: 1.1ms)


Started GET "/recipes" for ::1 at 2019-05-29 14:35:50 -0600
Processing by RecipesController#show as */*
Filter chain halted as :authorize_request rendered or redirected
Completed 401 Unauthorized in 1ms (Views: 0.2ms | ActiveRecord: 0.0ms)


Started GET "/recipes" for ::1 at 2019-05-29 14:36:42 -0600
Processing by RecipesController#index as */*
Filter chain halted as :authorize_request rendered or redirected
Completed 401 Unauthorized in 4ms (Views: 0.2ms | ActiveRecord: 0.0ms)


Started POST "/auth/login?email=paulozuniga17@gmail.com&password=[FILTERED]" for ::1 at 2019-05-29 14:37:01 -0600
  [1m[35m (0.2ms)[0m  [1m[34mSELECT "schema_migrations"."version" FROM "schema_migrations" ORDER BY "schema_migrations"."version" ASC[0m
  â†³ /home/paulo/.rvm/gems/ruby-2.5.1/gems/activerecord-5.2.3/lib/active_record/log_subscriber.rb:98
Processing by AuthenticationController#login as */*
  Parameters: {"email"=>"paulozuniga17@gmail.com", "password"=>"[FILTERED]"}
  [1m[36mUser Load (0.3ms)[0m  [1m[34mSELECT  "users".* FROM "users" WHERE "users"."email" = ? LIMIT ?[0m  [["email", "paulozuniga17@gmail.com"], ["LIMIT", 1]]
  â†³ app/controllers/authentication_controller.rb:6
Completed 200 OK in 191ms (Views: 0.2ms | ActiveRecord: 3.3ms)


Started GET "/recipes" for ::1 at 2019-05-29 14:37:12 -0600
Processing by RecipesController#index as */*
  [1m[36mUser Load (0.3ms)[0m  [1m[34mSELECT  "users".* FROM "users" WHERE "users"."id" = ? LIMIT ?[0m  [["id", 1], ["LIMIT", 1]]
  â†³ app/controllers/application_controller.rb:12
Completed 200 OK in 4ms (Views: 0.2ms | ActiveRecord: 0.3ms)


Started POST "/auth/login?email=paulozuniga17@gmail.com&password=[FILTERED]" for ::1 at 2019-06-03 09:19:08 -0600
  [1m[35m (0.2ms)[0m  [1m[34mSELECT "schema_migrations"."version" FROM "schema_migrations" ORDER BY "schema_migrations"."version" ASC[0m
  â†³ /home/paulo/.rvm/gems/ruby-2.5.1/gems/activerecord-5.2.3/lib/active_record/log_subscriber.rb:98
Processing by AuthenticationController#login as */*
  Parameters: {"email"=>"paulozuniga17@gmail.com", "password"=>"[FILTERED]"}
  [1m[36mUser Load (1.2ms)[0m  [1m[34mSELECT  "users".* FROM "users" WHERE "users"."email" = ? LIMIT ?[0m  [["email", "paulozuniga17@gmail.com"], ["LIMIT", 1]]
  â†³ app/controllers/authentication_controller.rb:6
Completed 200 OK in 97ms (Views: 0.2ms | ActiveRecord: 2.0ms)


Started GET "/recipes" for ::1 at 2019-06-03 09:19:42 -0600
Processing by RecipesController#index as */*
  [1m[36mUser Load (0.2ms)[0m  [1m[34mSELECT  "users".* FROM "users" WHERE "users"."id" = ? LIMIT ?[0m  [["id", 1], ["LIMIT", 1]]
  â†³ app/controllers/application_controller.rb:12
Completed 500 Internal Server Error in 4ms (ActiveRecord: 0.2ms)


  
NameError (uninitialized constant RecipesController::Net):
  
app/controllers/recipes_controller.rb:16:in `index'
Started GET "/recipes" for ::1 at 2019-06-03 09:20:26 -0600
  
LoadError (cannot load such file -- net/ssh):
  
app/controllers/recipes_controller.rb:3:in `<top (required)>'
Started GET "/recipes" for ::1 at 2019-06-03 09:22:40 -0600
Processing by RecipesController#index as */*
  [1m[36mUser Load (0.2ms)[0m  [1m[34mSELECT  "users".* FROM "users" WHERE "users"."id" = ? LIMIT ?[0m  [["id", 1], ["LIMIT", 1]]
  â†³ app/controllers/application_controller.rb:12
Completed 500 Internal Server Error in 26ms (ActiveRecord: 0.9ms)


  
NameError (uninitialized constant RecipesController::Net):
  
app/controllers/recipes_controller.rb:16:in `index'
Started GET "/recipes" for ::1 at 2019-06-03 09:23:49 -0600
Processing by RecipesController#index as */*
  [1m[36mUser Load (0.1ms)[0m  [1m[34mSELECT  "users".* FROM "users" WHERE "users"."id" = ? LIMIT ?[0m  [["id", 1], ["LIMIT", 1]]
  â†³ app/controllers/application_controller.rb:12
Completed 500 Internal Server Error in 7ms (ActiveRecord: 0.1ms)


  
NameError (uninitialized constant RecipesController::Net):
  
app/controllers/recipes_controller.rb:16:in `index'
Started POST "/auth/login?email=paulozuniga17@gmail.com&password=[FILTERED]" for ::1 at 2019-06-03 09:26:39 -0600
  [1m[35m (2.8ms)[0m  [1m[34mSELECT "schema_migrations"."version" FROM "schema_migrations" ORDER BY "schema_migrations"."version" ASC[0m
  â†³ /home/paulo/.rvm/gems/ruby-2.5.1/gems/activerecord-5.2.3/lib/active_record/log_subscriber.rb:98
Processing by AuthenticationController#login as */*
  Parameters: {"email"=>"paulozuniga17@gmail.com", "password"=>"[FILTERED]"}
  [1m[36mUser Load (0.2ms)[0m  [1m[34mSELECT  "users".* FROM "users" WHERE "users"."email" = ? LIMIT ?[0m  [["email", "paulozuniga17@gmail.com"], ["LIMIT", 1]]
  â†³ app/controllers/authentication_controller.rb:6
Completed 200 OK in 166ms (Views: 0.3ms | ActiveRecord: 1.2ms)


Started GET "/recipes" for ::1 at 2019-06-03 09:26:51 -0600
Processing by RecipesController#index as */*
  [1m[36mUser Load (0.3ms)[0m  [1m[34mSELECT  "users".* FROM "users" WHERE "users"."id" = ? LIMIT ?[0m  [["id", 1], ["LIMIT", 1]]
  â†³ app/controllers/application_controller.rb:12
Completed 200 OK in 999ms (Views: 0.2ms | ActiveRecord: 0.3ms)


Started GET "/recipes" for ::1 at 2019-06-03 09:27:48 -0600
Processing by RecipesController#index as */*
  [1m[36mUser Load (0.1ms)[0m  [1m[34mSELECT  "users".* FROM "users" WHERE "users"."id" = ? LIMIT ?[0m  [["id", 1], ["LIMIT", 1]]
  â†³ app/controllers/application_controller.rb:12
Completed 200 OK in 1083ms (Views: 0.1ms | ActiveRecord: 4.9ms)


Started POST "/auth/login?email=paulozuniga17@gmail.com&password=[FILTERED]" for ::1 at 2019-06-03 10:05:18 -0600
  [1m[35m (0.2ms)[0m  [1m[34mSELECT "schema_migrations"."version" FROM "schema_migrations" ORDER BY "schema_migrations"."version" ASC[0m
  â†³ /home/paulo/.rvm/gems/ruby-2.5.1/gems/activerecord-5.2.3/lib/active_record/log_subscriber.rb:98
Processing by AuthenticationController#login as */*
  Parameters: {"email"=>"paulozuniga17@gmail.com", "password"=>"[FILTERED]"}
  [1m[36mUser Load (0.3ms)[0m  [1m[34mSELECT  "users".* FROM "users" WHERE "users"."email" = ? LIMIT ?[0m  [["email", "paulozuniga17@gmail.com"], ["LIMIT", 1]]
  â†³ app/controllers/authentication_controller.rb:6
Completed 200 OK in 102ms (Views: 0.3ms | ActiveRecord: 1.3ms)


Started GET "/recipes" for ::1 at 2019-06-03 10:05:29 -0600
Processing by RecipesController#index as */*
  [1m[36mUser Load (0.3ms)[0m  [1m[34mSELECT  "users".* FROM "users" WHERE "users"."id" = ? LIMIT ?[0m  [["id", 1], ["LIMIT", 1]]
  â†³ app/controllers/application_controller.rb:12
Completed 500 Internal Server Error in 1066ms (ActiveRecord: 0.3ms)


  
JSON::ParserError (765: unexpected token at 'Warning: /home/paulozuniga/recetas.pl:10:
	Singleton variables: [N]
Warning: /home/paulozuniga/recetas.pl:11:
	Singleton variables: [T]
Warning: /home/paulozuniga/recetas.pl:14:
	Singleton variables: [R]
Warning: /home/paulozuniga/recetas.pl:15:
	Singleton variables: [B]
puerco
sal
pimienta
arroz
huevo
frijoles
huevo
cereal
leche
espaguetti
salsa de tomate
queso
leche
polvito de arepa
azucar
huevo
[["puerco asado", "cena", "[\"puerco\", \"sal\", \"pimienta\"]", "embarre el puerco de sal y pimienta y pongalo al fuego", "[\"chanchoalhorno.png\"]"], ["arroz con huevo", "almuerzo", "[\"arroz\", \"huevo\"]", "ponga a hacer el huevo como si fuese a ser pateado y agrega el arroz", "[\"arrozconuevo.png\"]"], ["sopa negra", "cena", "[\"frijoles\", \"huevo\"]", "haga frijoles y agregue el huevo sin pelar para que se ponga duro", "[\"sopanegra.png\"]"], ["cereal", "desayuno", "[\"cereal\", \"leche\"]", "ponga el cereal en un plato hondo y agregue la leche", "[\"cereal.png\"]"], ["macarrones", "almuerzo", "[\"espaguetti\", \"salsa de tomate\", \"queso\"]", "cocine los espaguetties, agregue la salsa y luego el queso", "[\"macarrones.png\"]"], ["arepas", "desayuno", "[\"leche\", \"polvito de arepa\", \"azucar\", \"huevo\"]", "haga una masa con el polvo, la leche y el huevo, agrega azucar al gusto y frie arepitas en el sarten", "[\"arepa.png\"]"]]
'):
  
app/controllers/recipes_controller.rb:17:in `block in index'
app/controllers/recipes_controller.rb:16:in `index'
Started GET "/recipes" for ::1 at 2019-06-03 10:07:34 -0600
  
SyntaxError (/home/paulo/Desktop/API-recipeApp/API-recipeApp/app/controllers/recipes_controller.rb:18: syntax error, unexpected tIDENTIFIER, expecting ')'
...     @recipes = JSON("[["puerco asado", "cena", "[\"puerco\"...
...                         ^~~~~~
/home/paulo/Desktop/API-recipeApp/API-recipeApp/app/controllers/recipes_controller.rb:18: syntax error, unexpected tIDENTIFIER, expecting keyword_end
...= JSON("[["puerco asado", "cena", "[\"puerco\", \"sal\", \"p...
...                           ^~~~
/home/paulo/Desktop/API-recipeApp/API-recipeApp/app/controllers/recipes_controller.rb:18: syntax error, unexpected $undefined, expecting ']'
...("[["puerco asado", "cena", "[\"puerco\", \"sal\", \"pimient...
...                              ^
/home/paulo/Desktop/API-recipeApp/API-recipeApp/app/controllers/recipes_controller.rb:18: syntax error, unexpected ',', expecting keyword_end
...rco\", \"sal\", \"pimienta\"]", "embarre el puerco de sal y ...
...                              ^
/home/paulo/Desktop/API-recipeApp/API-recipeApp/app/controllers/recipes_controller.rb:18: syntax error, unexpected ',', expecting keyword_end
...y pimienta y pongalo al fuego", "[\"chanchoalhorno.png\"]"],...
...                              ^
/home/paulo/Desktop/API-recipeApp/API-recipeApp/app/controllers/recipes_controller.rb:18: syntax error, unexpected ']', expecting keyword_end
...o", "[\"chanchoalhorno.png\"]"], ["arroz con huevo", "almuer...
...                              ^
/home/paulo/Desktop/API-recipeApp/API-recipeApp/app/controllers/recipes_controller.rb:18: syntax error, unexpected ',', expecting keyword_end
...oz", "[\"arrozconuevo.png\"]"], ["sopa negra", "cena", "[\"f...
...                              ^
/home/paulo/Desktop/API-recipeApp/API-recipeApp/app/controllers/recipes_controller.rb:18: syntax error, unexpected ',', expecting keyword_end
... duro", "[\"sopanegra.png\"]"], ["cereal", "desayuno", "[\"c...
...                              ^
/home/paulo/Desktop/API-recipeApp/API-recipeApp/app/controllers/recipes_controller.rb:18: syntax error, unexpected ',', expecting keyword_end
...la leche", "[\"cereal.png\"]"], ["macarrones", "almuerzo", "...
...                              ^
/home/paulo/Desktop/API-recipeApp/API-recipeApp/app/controllers/recipes_controller.rb:18: syntax error, unexpected ',', expecting keyword_end
...ueso", "[\"macarrones.png\"]"], ["arepas", "desayuno", "[\"l...
...                              ^
/home/paulo/Desktop/API-recipeApp/API-recipeApp/app/controllers/recipes_controller.rb:18: syntax error, unexpected ']', expecting keyword_end
...el sarten", "[\"arepa.png\"]"]]")
...                              ^
/home/paulo/Desktop/API-recipeApp/API-recipeApp/app/controllers/recipes_controller.rb:81: unterminated string meets end of file
/home/paulo/Desktop/API-recipeApp/API-recipeApp/app/controllers/recipes_controller.rb:81: syntax error, unexpected end-of-input, expecting keyword_end):
  
app/controllers/recipes_controller.rb:18: syntax error, unexpected tIDENTIFIER, expecting ')'
app/controllers/recipes_controller.rb:18: syntax error, unexpected tIDENTIFIER, expecting keyword_end
app/controllers/recipes_controller.rb:18: syntax error, unexpected $undefined, expecting ']'
app/controllers/recipes_controller.rb:18: syntax error, unexpected ',', expecting keyword_end
app/controllers/recipes_controller.rb:18: syntax error, unexpected ',', expecting keyword_end
app/controllers/recipes_controller.rb:18: syntax error, unexpected ']', expecting keyword_end
app/controllers/recipes_controller.rb:18: syntax error, unexpected ',', expecting keyword_end
app/controllers/recipes_controller.rb:18: syntax error, unexpected ',', expecting keyword_end
app/controllers/recipes_controller.rb:18: syntax error, unexpected ',', expecting keyword_end
app/controllers/recipes_controller.rb:18: syntax error, unexpected ',', expecting keyword_end
app/controllers/recipes_controller.rb:18: syntax error, unexpected ']', expecting keyword_end
app/controllers/recipes_controller.rb:81: unterminated string meets end of file
app/controllers/recipes_controller.rb:81: syntax error, unexpected end-of-input, expecting keyword_end
Started GET "/recipes" for ::1 at 2019-06-03 10:19:54 -0600
  
SyntaxError (/home/paulo/Desktop/API-recipeApp/API-recipeApp/app/controllers/recipes_controller.rb:18: syntax error, unexpected tIDENTIFIER, expecting ')'
...     @recipes = JSON("[["puerco asado", "cena", ["puerco", "...
...                         ^~~~~~
/home/paulo/Desktop/API-recipeApp/API-recipeApp/app/controllers/recipes_controller.rb:18: syntax error, unexpected tIDENTIFIER, expecting keyword_end
...= JSON("[["puerco asado", "cena", ["puerco", "sal", "pimient...
...                           ^~~~
/home/paulo/Desktop/API-recipeApp/API-recipeApp/app/controllers/recipes_controller.rb:18: syntax error, unexpected tIDENTIFIER, expecting keyword_end
...puerco asado", "cena", ["puerco", "sal", "pimienta"], "embar...
...                         ^~~~~~
/home/paulo/Desktop/API-recipeApp/API-recipeApp/app/controllers/recipes_controller.rb:18: syntax error, unexpected tIDENTIFIER, expecting keyword_end
...asado", "cena", ["puerco", "sal", "pimienta"], "embarre el p...
...                            ^~~
/home/paulo/Desktop/API-recipeApp/API-recipeApp/app/controllers/recipes_controller.rb:18: syntax error, unexpected tIDENTIFIER, expecting keyword_end
...a", ["puerco", "sal", "pimienta"], "embarre el puerco de sal...
...                       ^~~~~~~~
/home/paulo/Desktop/API-recipeApp/API-recipeApp/app/controllers/recipes_controller.rb:18: syntax error, unexpected tIDENTIFIER, expecting keyword_end
...", "sal", "pimienta"], "embarre el puerco de sal y pimienta ...
...                        ^~~~~~~
/home/paulo/Desktop/API-recipeApp/API-recipeApp/app/controllers/recipes_controller.rb:18: syntax error, unexpected tIDENTIFIER, expecting keyword_end
...alo al fuego", ["chanchoalhorno.png"]], ["arroz con huevo", ...
...                 ^~~~~~~~~~~~~~
/home/paulo/Desktop/API-recipeApp/API-recipeApp/app/controllers/recipes_controller.rb:18: syntax error, unexpected tIDENTIFIER, expecting keyword_end
..."chanchoalhorno.png"]], ["arroz con huevo", "almuerzo", ["ar...
...                          ^~~~~
/home/paulo/Desktop/API-recipeApp/API-recipeApp/app/controllers/recipes_controller.rb:18: syntax error, unexpected tIDENTIFIER, expecting keyword_end
..., ["arroz con huevo", "almuerzo", ["arroz", "huevo"], "ponga...
...                       ^~~~~~~~
/home/paulo/Desktop/API-recipeApp/API-recipeApp/app/controllers/recipes_controller.rb:18: syntax error, unexpected tIDENTIFIER, expecting keyword_end
...con huevo", "almuerzo", ["arroz", "huevo"], "ponga a hacer e...
...                          ^~~~~
/home/paulo/Desktop/API-recipeApp/API-recipeApp/app/controllers/recipes_controller.rb:18: syntax error, unexpected tIDENTIFIER, expecting keyword_end
...", "almuerzo", ["arroz", "huevo"], "ponga a hacer el huevo c...
...                          ^~~~~
/home/paulo/Desktop/API-recipeApp/API-recipeApp/app/controllers/recipes_controller.rb:18: syntax error, unexpected tIDENTIFIER, expecting keyword_end
...zo", ["arroz", "huevo"], "ponga a hacer el huevo como si fue...
...                          ^~~~~
/home/paulo/Desktop/API-recipeApp/API-recipeApp/app/controllers/recipes_controller.rb:18: syntax error, unexpected tIDENTIFIER, expecting keyword_end
...grega el arroz", ["arrozconuevo.png"]], ["sopa negra", "cena...
...                   ^~~~~~~~~~~~
/home/paulo/Desktop/API-recipeApp/API-recipeApp/app/controllers/recipes_controller.rb:18: syntax error, unexpected tIDENTIFIER, expecting keyword_end
..., ["arrozconuevo.png"]], ["sopa negra", "cena", ["frijoles",...
...                           ^~~~
/home/paulo/Desktop/API-recipeApp/API-recipeApp/app/controllers/recipes_controller.rb:18: syntax error, unexpected tIDENTIFIER, expecting keyword_end
...vo.png"]], ["sopa negra", "cena", ["frijoles", "huevo"], "ha...
...                           ^~~~
/home/paulo/Desktop/API-recipeApp/API-recipeApp/app/controllers/recipes_controller.rb:18: syntax error, unexpected tIDENTIFIER, expecting keyword_end
...sopa negra", "cena", ["frijoles", "huevo"], "haga frijoles y...
...                       ^~~~~~~~
/home/paulo/Desktop/API-recipeApp/API-recipeApp/app/controllers/recipes_controller.rb:18: syntax error, unexpected tIDENTIFIER, expecting keyword_end
...a", "cena", ["frijoles", "huevo"], "haga frijoles y agregue ...
...                          ^~~~~
/home/paulo/Desktop/API-recipeApp/API-recipeApp/app/controllers/recipes_controller.rb:18: syntax error, unexpected tIDENTIFIER, expecting keyword_end
...", ["frijoles", "huevo"], "haga frijoles y agregue el huevo ...
...                           ^~~~
/home/paulo/Desktop/API-recipeApp/API-recipeApp/app/controllers/recipes_controller.rb:18: syntax error, unexpected tIDENTIFIER, expecting keyword_end
...que se ponga duro", ["sopanegra.png"]], ["cereal", "desayuno...
...                      ^~~~~~~~~
/home/paulo/Desktop/API-recipeApp/API-recipeApp/app/controllers/recipes_controller.rb:18: syntax error, unexpected tIDENTIFIER, expecting keyword_end
...", ["sopanegra.png"]], ["cereal", "desayuno", ["cereal", "le...
...                         ^~~~~~
/home/paulo/Desktop/API-recipeApp/API-recipeApp/app/controllers/recipes_controller.rb:18: syntax error, unexpected tIDENTIFIER, expecting keyword_end
...ra.png"]], ["cereal", "desayuno", ["cereal", "leche"], "pong...
...                       ^~~~~~~~
/home/paulo/Desktop/API-recipeApp/API-recipeApp/app/controllers/recipes_controller.rb:18: syntax error, unexpected tIDENTIFIER, expecting keyword_end
...["cereal", "desayuno", ["cereal", "leche"], "ponga el cereal...
...                         ^~~~~~
/home/paulo/Desktop/API-recipeApp/API-recipeApp/app/controllers/recipes_controller.rb:18: syntax error, unexpected tIDENTIFIER, expecting keyword_end
..., "desayuno", ["cereal", "leche"], "ponga el cereal en un pl...
...                          ^~~~~
/home/paulo/Desktop/API-recipeApp/API-recipeApp/app/controllers/recipes_controller.rb:18: syntax error, unexpected tIDENTIFIER, expecting keyword_end
...o", ["cereal", "leche"], "ponga el cereal en un plato hondo ...
...                          ^~~~~
/home/paulo/Desktop/API-recipeApp/API-recipeApp/app/controllers/recipes_controller.rb:18: syntax error, unexpected tIDENTIFIER, expecting keyword_end
...o y agregue la leche", ["cereal.png"]], ["macarrones", "almu...
...                         ^~~~~~
/home/paulo/Desktop/API-recipeApp/API-recipeApp/app/controllers/recipes_controller.rb:18: syntax error, unexpected tIDENTIFIER, expecting keyword_end
..., ["cereal.png"]], ["macarrones", "almuerzo", ["espaguetti",...
...                     ^~~~~~~~~~
/home/paulo/Desktop/API-recipeApp/API-recipeApp/app/controllers/recipes_controller.rb:18: syntax error, unexpected tIDENTIFIER, expecting keyword_end
...ng"]], ["macarrones", "almuerzo", ["espaguetti", "salsa de t...
...                       ^~~~~~~~
/home/paulo/Desktop/API-recipeApp/API-recipeApp/app/controllers/recipes_controller.rb:18: syntax error, unexpected tIDENTIFIER, expecting keyword_end
...ones", "almuerzo", ["espaguetti", "salsa de tomate", "queso"...
...                     ^~~~~~~~~~
/home/paulo/Desktop/API-recipeApp/API-recipeApp/app/controllers/recipes_controller.rb:18: syntax error, unexpected tIDENTIFIER, expecting keyword_end
...lmuerzo", ["espaguetti", "salsa de tomate", "queso"], "cocin...
...                          ^~~~~
/home/paulo/Desktop/API-recipeApp/API-recipeApp/app/controllers/recipes_controller.rb:18: syntax error, unexpected tIDENTIFIER, expecting keyword_end
...tti", "salsa de tomate", "queso"], "cocine los espaguetties,...
...                          ^~~~~
/home/paulo/Desktop/API-recipeApp/API-recipeApp/app/controllers/recipes_controller.rb:18: syntax error, unexpected tIDENTIFIER, expecting keyword_end
...a de tomate", "queso"], "cocine los espaguetties, agregue la...
...                         ^~~~~~
/home/paulo/Desktop/API-recipeApp/API-recipeApp/app/controllers/recipes_controller.rb:18: syntax error, unexpected tIDENTIFIER, expecting keyword_do or '{' or '('
...ne los espaguetties, agregue la salsa y luego el queso", ["m...
...                             ^~
/home/paulo/Desktop/API-recipeApp/API-recipeApp/app/controllers/recipes_controller.rb:18: syntax error, unexpected tIDENTIFIER, expecting keyword_end
...y luego el queso", ["macarrones.png"]], ["arepas", "desayuno...
...                     ^~~~~~~~~~
/home/paulo/Desktop/API-recipeApp/API-recipeApp/app/controllers/recipes_controller.rb:18: syntax error, unexpected tIDENTIFIER, expecting keyword_end
..., ["macarrones.png"]], ["arepas", "desayuno", ["leche", "pol...
...                         ^~~~~~
/home/paulo/Desktop/API-recipeApp/API-recipeApp/app/controllers/recipes_controller.rb:18: syntax error, unexpected tIDENTIFIER, expecting keyword_end
...es.png"]], ["arepas", "desayuno", ["leche", "polvito de arep...
...                       ^~~~~~~~
/home/paulo/Desktop/API-recipeApp/API-recipeApp/app/controllers/recipes_controller.rb:18: syntax error, unexpected tIDENTIFIER, expecting keyword_end
... ["arepas", "desayuno", ["leche", "polvito de arepa", "azuca...
...                          ^~~~~
/home/paulo/Desktop/API-recipeApp/API-recipeApp/app/controllers/recipes_controller.rb:18: syntax error, unexpected tIDENTIFIER, expecting keyword_end
... "desayuno", ["leche", "polvito de arepa", "azucar", "huevo"...
...                        ^~~~~~~
/home/paulo/Desktop/API-recipeApp/API-recipeApp/app/controllers/recipes_controller.rb:18: syntax error, unexpected tIDENTIFIER, expecting keyword_end
...e", "polvito de arepa", "azucar", "huevo"], "haga una masa c...
...                         ^~~~~~
/home/paulo/Desktop/API-recipeApp/API-recipeApp/app/controllers/recipes_controller.rb:18: syntax error, unexpected tIDENTIFIER, expecting keyword_end
...ito de arepa", "azucar", "huevo"], "haga una masa con el pol...
...                          ^~~~~
/home/paulo/Desktop/API-recipeApp/API-recipeApp/app/controllers/recipes_controller.rb:18: syntax error, unexpected tIDENTIFIER, expecting keyword_end
...epa", "azucar", "huevo"], "haga una masa con el polvo, la le...
...                           ^~~~
/home/paulo/Desktop/API-recipeApp/API-recipeApp/app/controllers/recipes_controller.rb:18: syntax error, unexpected tIDENTIFIER, expecting keyword_do or '{' or '('
...una masa con el polvo, la leche y el huevo, agrega azucar al...
...                          ^~~~~
/home/paulo/Desktop/API-recipeApp/API-recipeApp/app/controllers/recipes_controller.rb:18: syntax error, unexpected tIDENTIFIER, expecting keyword_do or '{' or '('
...leche y el huevo, agrega azucar al gusto y frie arepitas en ...
...                         ^~~~~~
/home/paulo/Desktop/API-recipeApp/API-recipeApp/app/controllers/recipes_controller.rb:18: syntax error, unexpected tIDENTIFIER, expecting keyword_end
...arepitas en el sarten", ["arepa.png"]]]")
...                          ^~~~~
/home/paulo/Desktop/API-recipeApp/API-recipeApp/app/controllers/recipes_controller.rb:18: syntax error, unexpected ')', expecting keyword_end
...n el sarten", ["arepa.png"]]]")
...                              ^
/home/paulo/Desktop/API-recipeApp/API-recipeApp/app/controllers/recipes_controller.rb:81: syntax error, unexpected keyword_end, expecting end-of-input):
  
app/controllers/recipes_controller.rb:18: syntax error, unexpected tIDENTIFIER, expecting ')'
app/controllers/recipes_controller.rb:18: syntax error, unexpected tIDENTIFIER, expecting keyword_end
app/controllers/recipes_controller.rb:18: syntax error, unexpected tIDENTIFIER, expecting keyword_end
app/controllers/recipes_controller.rb:18: syntax error, unexpected tIDENTIFIER, expecting keyword_end
app/controllers/recipes_controller.rb:18: syntax error, unexpected tIDENTIFIER, expecting keyword_end
app/controllers/recipes_controller.rb:18: syntax error, unexpected tIDENTIFIER, expecting keyword_end
app/controllers/recipes_controller.rb:18: syntax error, unexpected tIDENTIFIER, expecting keyword_end
app/controllers/recipes_controller.rb:18: syntax error, unexpected tIDENTIFIER, expecting keyword_end
app/controllers/recipes_controller.rb:18: syntax error, unexpected tIDENTIFIER, expecting keyword_end
app/controllers/recipes_controller.rb:18: syntax error, unexpected tIDENTIFIER, expecting keyword_end
app/controllers/recipes_controller.rb:18: syntax error, unexpected tIDENTIFIER, expecting keyword_end
app/controllers/recipes_controller.rb:18: syntax error, unexpected tIDENTIFIER, expecting keyword_end
app/controllers/recipes_controller.rb:18: syntax error, unexpected tIDENTIFIER, expecting keyword_end
app/controllers/recipes_controller.rb:18: syntax error, unexpected tIDENTIFIER, expecting keyword_end
app/controllers/recipes_controller.rb:18: syntax error, unexpected tIDENTIFIER, expecting keyword_end
app/controllers/recipes_controller.rb:18: syntax error, unexpected tIDENTIFIER, expecting keyword_end
app/controllers/recipes_controller.rb:18: syntax error, unexpected tIDENTIFIER, expecting keyword_end
app/controllers/recipes_controller.rb:18: syntax error, unexpected tIDENTIFIER, expecting keyword_end
app/controllers/recipes_controller.rb:18: syntax error, unexpected tIDENTIFIER, expecting keyword_end
app/controllers/recipes_controller.rb:18: syntax error, unexpected tIDENTIFIER, expecting keyword_end
app/controllers/recipes_controller.rb:18: syntax error, unexpected tIDENTIFIER, expecting keyword_end
app/controllers/recipes_controller.rb:18: syntax error, unexpected tIDENTIFIER, expecting keyword_end
app/controllers/recipes_controller.rb:18: syntax error, unexpected tIDENTIFIER, expecting keyword_end
app/controllers/recipes_controller.rb:18: syntax error, unexpected tIDENTIFIER, expecting keyword_end
app/controllers/recipes_controller.rb:18: syntax error, unexpected tIDENTIFIER, expecting keyword_end
app/controllers/recipes_controller.rb:18: syntax error, unexpected tIDENTIFIER, expecting keyword_end
app/controllers/recipes_controller.rb:18: syntax error, unexpected tIDENTIFIER, expecting keyword_end
app/controllers/recipes_controller.rb:18: syntax error, unexpected tIDENTIFIER, expecting keyword_end
app/controllers/recipes_controller.rb:18: syntax error, unexpected tIDENTIFIER, expecting keyword_end
app/controllers/recipes_controller.rb:18: syntax error, unexpected tIDENTIFIER, expecting keyword_end
app/controllers/recipes_controller.rb:18: syntax error, unexpected tIDENTIFIER, expecting keyword_end
app/controllers/recipes_controller.rb:18: syntax error, unexpected tIDENTIFIER, expecting keyword_do or '{' or '('
app/controllers/recipes_controller.rb:18: syntax error, unexpected tIDENTIFIER, expecting keyword_end
app/controllers/recipes_controller.rb:18: syntax error, unexpected tIDENTIFIER, expecting keyword_end
app/controllers/recipes_controller.rb:18: syntax error, unexpected tIDENTIFIER, expecting keyword_end
app/controllers/recipes_controller.rb:18: syntax error, unexpected tIDENTIFIER, expecting keyword_end
app/controllers/recipes_controller.rb:18: syntax error, unexpected tIDENTIFIER, expecting keyword_end
app/controllers/recipes_controller.rb:18: syntax error, unexpected tIDENTIFIER, expecting keyword_end
app/controllers/recipes_controller.rb:18: syntax error, unexpected tIDENTIFIER, expecting keyword_end
app/controllers/recipes_controller.rb:18: syntax error, unexpected tIDENTIFIER, expecting keyword_end
app/controllers/recipes_controller.rb:18: syntax error, unexpected tIDENTIFIER, expecting keyword_do or '{' or '('
app/controllers/recipes_controller.rb:18: syntax error, unexpected tIDENTIFIER, expecting keyword_do or '{' or '('
app/controllers/recipes_controller.rb:18: syntax error, unexpected tIDENTIFIER, expecting keyword_end
app/controllers/recipes_controller.rb:18: syntax error, unexpected ')', expecting keyword_end
app/controllers/recipes_controller.rb:81: syntax error, unexpected keyword_end, expecting end-of-input
Started POST "/auth/login?email=paulozuniga17@gmail.com&password=[FILTERED]" for ::1 at 2019-06-03 10:20:28 -0600
  [1m[35m (0.1ms)[0m  [1m[34mSELECT "schema_migrations"."version" FROM "schema_migrations" ORDER BY "schema_migrations"."version" ASC[0m
  â†³ /home/paulo/.rvm/gems/ruby-2.5.1/gems/activerecord-5.2.3/lib/active_record/log_subscriber.rb:98
Processing by AuthenticationController#login as */*
  Parameters: {"email"=>"paulozuniga17@gmail.com", "password"=>"[FILTERED]"}
  [1m[36mUser Load (0.3ms)[0m  [1m[34mSELECT  "users".* FROM "users" WHERE "users"."email" = ? LIMIT ?[0m  [["email", "paulozuniga17@gmail.com"], ["LIMIT", 1]]
  â†³ app/controllers/authentication_controller.rb:6
Completed 200 OK in 170ms (Views: 0.5ms | ActiveRecord: 3.4ms)


Started GET "/recipes" for ::1 at 2019-06-03 10:20:41 -0600
  
SyntaxError (/home/paulo/Desktop/API-recipeApp/API-recipeApp/app/controllers/recipes_controller.rb:18: syntax error, unexpected tIDENTIFIER, expecting ')'
...     @recipes = JSON("[["puerco asado", "cena", ["puerco", "...
...                         ^~~~~~
/home/paulo/Desktop/API-recipeApp/API-recipeApp/app/controllers/recipes_controller.rb:18: syntax error, unexpected tIDENTIFIER, expecting keyword_end
...= JSON("[["puerco asado", "cena", ["puerco", "sal", "pimient...
...                           ^~~~
/home/paulo/Desktop/API-recipeApp/API-recipeApp/app/controllers/recipes_controller.rb:18: syntax error, unexpected tIDENTIFIER, expecting keyword_end
...puerco asado", "cena", ["puerco", "sal", "pimienta"], "embar...
...                         ^~~~~~
/home/paulo/Desktop/API-recipeApp/API-recipeApp/app/controllers/recipes_controller.rb:18: syntax error, unexpected tIDENTIFIER, expecting keyword_end
...asado", "cena", ["puerco", "sal", "pimienta"], "embarre el p...
...                            ^~~
/home/paulo/Desktop/API-recipeApp/API-recipeApp/app/controllers/recipes_controller.rb:18: syntax error, unexpected tIDENTIFIER, expecting keyword_end
...a", ["puerco", "sal", "pimienta"], "embarre el puerco de sal...
...                       ^~~~~~~~
/home/paulo/Desktop/API-recipeApp/API-recipeApp/app/controllers/recipes_controller.rb:18: syntax error, unexpected tIDENTIFIER, expecting keyword_end
...", "sal", "pimienta"], "embarre el puerco de sal y pimienta ...
...                        ^~~~~~~
/home/paulo/Desktop/API-recipeApp/API-recipeApp/app/controllers/recipes_controller.rb:18: syntax error, unexpected tIDENTIFIER, expecting keyword_end
...alo al fuego", ["chanchoalhorno.png"]], ["arroz con huevo", ...
...                 ^~~~~~~~~~~~~~
/home/paulo/Desktop/API-recipeApp/API-recipeApp/app/controllers/recipes_controller.rb:18: syntax error, unexpected tIDENTIFIER, expecting keyword_end
..."chanchoalhorno.png"]], ["arroz con huevo", "almuerzo", ["ar...
...                          ^~~~~
/home/paulo/Desktop/API-recipeApp/API-recipeApp/app/controllers/recipes_controller.rb:18: syntax error, unexpected tIDENTIFIER, expecting keyword_end
..., ["arroz con huevo", "almuerzo", ["arroz", "huevo"], "ponga...
...                       ^~~~~~~~
/home/paulo/Desktop/API-recipeApp/API-recipeApp/app/controllers/recipes_controller.rb:18: syntax error, unexpected tIDENTIFIER, expecting keyword_end
...con huevo", "almuerzo", ["arroz", "huevo"], "ponga a hacer e...
...                          ^~~~~
/home/paulo/Desktop/API-recipeApp/API-recipeApp/app/controllers/recipes_controller.rb:18: syntax error, unexpected tIDENTIFIER, expecting keyword_end
...", "almuerzo", ["arroz", "huevo"], "ponga a hacer el huevo c...
...                          ^~~~~
/home/paulo/Desktop/API-recipeApp/API-recipeApp/app/controllers/recipes_controller.rb:18: syntax error, unexpected tIDENTIFIER, expecting keyword_end
...zo", ["arroz", "huevo"], "ponga a hacer el huevo como si fue...
...                          ^~~~~
/home/paulo/Desktop/API-recipeApp/API-recipeApp/app/controllers/recipes_controller.rb:18: syntax error, unexpected tIDENTIFIER, expecting keyword_end
...grega el arroz", ["arrozconuevo.png"]], ["sopa negra", "cena...
...                   ^~~~~~~~~~~~
/home/paulo/Desktop/API-recipeApp/API-recipeApp/app/controllers/recipes_controller.rb:18: syntax error, unexpected tIDENTIFIER, expecting keyword_end
..., ["arrozconuevo.png"]], ["sopa negra", "cena", ["frijoles",...
...                           ^~~~
/home/paulo/Desktop/API-recipeApp/API-recipeApp/app/controllers/recipes_controller.rb:18: syntax error, unexpected tIDENTIFIER, expecting keyword_end
...vo.png"]], ["sopa negra", "cena", ["frijoles", "huevo"], "ha...
...                           ^~~~
/home/paulo/Desktop/API-recipeApp/API-recipeApp/app/controllers/recipes_controller.rb:18: syntax error, unexpected tIDENTIFIER, expecting keyword_end
...sopa negra", "cena", ["frijoles", "huevo"], "haga frijoles y...
...                       ^~~~~~~~
/home/paulo/Desktop/API-recipeApp/API-recipeApp/app/controllers/recipes_controller.rb:18: syntax error, unexpected tIDENTIFIER, expecting keyword_end
...a", "cena", ["frijoles", "huevo"], "haga frijoles y agregue ...
...                          ^~~~~
/home/paulo/Desktop/API-recipeApp/API-recipeApp/app/controllers/recipes_controller.rb:18: syntax error, unexpected tIDENTIFIER, expecting keyword_end
...", ["frijoles", "huevo"], "haga frijoles y agregue el huevo ...
...                           ^~~~
/home/paulo/Desktop/API-recipeApp/API-recipeApp/app/controllers/recipes_controller.rb:18: syntax error, unexpected tIDENTIFIER, expecting keyword_end
...que se ponga duro", ["sopanegra.png"]], ["cereal", "desayuno...
...                      ^~~~~~~~~
/home/paulo/Desktop/API-recipeApp/API-recipeApp/app/controllers/recipes_controller.rb:18: syntax error, unexpected tIDENTIFIER, expecting keyword_end
...", ["sopanegra.png"]], ["cereal", "desayuno", ["cereal", "le...
...                         ^~~~~~
/home/paulo/Desktop/API-recipeApp/API-recipeApp/app/controllers/recipes_controller.rb:18: syntax error, unexpected tIDENTIFIER, expecting keyword_end
...ra.png"]], ["cereal", "desayuno", ["cereal", "leche"], "pong...
...                       ^~~~~~~~
/home/paulo/Desktop/API-recipeApp/API-recipeApp/app/controllers/recipes_controller.rb:18: syntax error, unexpected tIDENTIFIER, expecting keyword_end
...["cereal", "desayuno", ["cereal", "leche"], "ponga el cereal...
...                         ^~~~~~
/home/paulo/Desktop/API-recipeApp/API-recipeApp/app/controllers/recipes_controller.rb:18: syntax error, unexpected tIDENTIFIER, expecting keyword_end
..., "desayuno", ["cereal", "leche"], "ponga el cereal en un pl...
...                          ^~~~~
/home/paulo/Desktop/API-recipeApp/API-recipeApp/app/controllers/recipes_controller.rb:18: syntax error, unexpected tIDENTIFIER, expecting keyword_end
...o", ["cereal", "leche"], "ponga el cereal en un plato hondo ...
...                          ^~~~~
/home/paulo/Desktop/API-recipeApp/API-recipeApp/app/controllers/recipes_controller.rb:18: syntax error, unexpected tIDENTIFIER, expecting keyword_end
...o y agregue la leche", ["cereal.png"]], ["macarrones", "almu...
...                         ^~~~~~
/home/paulo/Desktop/API-recipeApp/API-recipeApp/app/controllers/recipes_controller.rb:18: syntax error, unexpected tIDENTIFIER, expecting keyword_end
..., ["cereal.png"]], ["macarrones", "almuerzo", ["espaguetti",...
...                     ^~~~~~~~~~
/home/paulo/Desktop/API-recipeApp/API-recipeApp/app/controllers/recipes_controller.rb:18: syntax error, unexpected tIDENTIFIER, expecting keyword_end
...ng"]], ["macarrones", "almuerzo", ["espaguetti", "salsa de t...
...                       ^~~~~~~~
/home/paulo/Desktop/API-recipeApp/API-recipeApp/app/controllers/recipes_controller.rb:18: syntax error, unexpected tIDENTIFIER, expecting keyword_end
...ones", "almuerzo", ["espaguetti", "salsa de tomate", "queso"...
...                     ^~~~~~~~~~
/home/paulo/Desktop/API-recipeApp/API-recipeApp/app/controllers/recipes_controller.rb:18: syntax error, unexpected tIDENTIFIER, expecting keyword_end
...lmuerzo", ["espaguetti", "salsa de tomate", "queso"], "cocin...
...                          ^~~~~
/home/paulo/Desktop/API-recipeApp/API-recipeApp/app/controllers/recipes_controller.rb:18: syntax error, unexpected tIDENTIFIER, expecting keyword_end
...tti", "salsa de tomate", "queso"], "cocine los espaguetties,...
...                          ^~~~~
/home/paulo/Desktop/API-recipeApp/API-recipeApp/app/controllers/recipes_controller.rb:18: syntax error, unexpected tIDENTIFIER, expecting keyword_end
...a de tomate", "queso"], "cocine los espaguetties, agregue la...
...                         ^~~~~~
/home/paulo/Desktop/API-recipeApp/API-recipeApp/app/controllers/recipes_controller.rb:18: syntax error, unexpected tIDENTIFIER, expecting keyword_do or '{' or '('
...ne los espaguetties, agregue la salsa y luego el queso", ["m...
...                             ^~
/home/paulo/Desktop/API-recipeApp/API-recipeApp/app/controllers/recipes_controller.rb:18: syntax error, unexpected tIDENTIFIER, expecting keyword_end
...y luego el queso", ["macarrones.png"]], ["arepas", "desayuno...
...                     ^~~~~~~~~~
/home/paulo/Desktop/API-recipeApp/API-recipeApp/app/controllers/recipes_controller.rb:18: syntax error, unexpected tIDENTIFIER, expecting keyword_end
..., ["macarrones.png"]], ["arepas", "desayuno", ["leche", "pol...
...                         ^~~~~~
/home/paulo/Desktop/API-recipeApp/API-recipeApp/app/controllers/recipes_controller.rb:18: syntax error, unexpected tIDENTIFIER, expecting keyword_end
...es.png"]], ["arepas", "desayuno", ["leche", "polvito de arep...
...                       ^~~~~~~~
/home/paulo/Desktop/API-recipeApp/API-recipeApp/app/controllers/recipes_controller.rb:18: syntax error, unexpected tIDENTIFIER, expecting keyword_end
... ["arepas", "desayuno", ["leche", "polvito de arepa", "azuca...
...                          ^~~~~
/home/paulo/Desktop/API-recipeApp/API-recipeApp/app/controllers/recipes_controller.rb:18: syntax error, unexpected tIDENTIFIER, expecting keyword_end
... "desayuno", ["leche", "polvito de arepa", "azucar", "huevo"...
...                        ^~~~~~~
/home/paulo/Desktop/API-recipeApp/API-recipeApp/app/controllers/recipes_controller.rb:18: syntax error, unexpected tIDENTIFIER, expecting keyword_end
...e", "polvito de arepa", "azucar", "huevo"], "haga una masa c...
...                         ^~~~~~
/home/paulo/Desktop/API-recipeApp/API-recipeApp/app/controllers/recipes_controller.rb:18: syntax error, unexpected tIDENTIFIER, expecting keyword_end
...ito de arepa", "azucar", "huevo"], "haga una masa con el pol...
...                          ^~~~~
/home/paulo/Desktop/API-recipeApp/API-recipeApp/app/controllers/recipes_controller.rb:18: syntax error, unexpected tIDENTIFIER, expecting keyword_end
...epa", "azucar", "huevo"], "haga una masa con el polvo, la le...
...                           ^~~~
/home/paulo/Desktop/API-recipeApp/API-recipeApp/app/controllers/recipes_controller.rb:18: syntax error, unexpected tIDENTIFIER, expecting keyword_do or '{' or '('
...una masa con el polvo, la leche y el huevo, agrega azucar al...
...                          ^~~~~
/home/paulo/Desktop/API-recipeApp/API-recipeApp/app/controllers/recipes_controller.rb:18: syntax error, unexpected tIDENTIFIER, expecting keyword_do or '{' or '('
...leche y el huevo, agrega azucar al gusto y frie arepitas en ...
...                         ^~~~~~
/home/paulo/Desktop/API-recipeApp/API-recipeApp/app/controllers/recipes_controller.rb:18: syntax error, unexpected tIDENTIFIER, expecting keyword_end
...arepitas en el sarten", ["arepa.png"]]]")
...                          ^~~~~
/home/paulo/Desktop/API-recipeApp/API-recipeApp/app/controllers/recipes_controller.rb:18: syntax error, unexpected ')', expecting keyword_end
...n el sarten", ["arepa.png"]]]")
...                              ^
/home/paulo/Desktop/API-recipeApp/API-recipeApp/app/controllers/recipes_controller.rb:81: syntax error, unexpected keyword_end, expecting end-of-input):
  
app/controllers/recipes_controller.rb:18: syntax error, unexpected tIDENTIFIER, expecting ')'
app/controllers/recipes_controller.rb:18: syntax error, unexpected tIDENTIFIER, expecting keyword_end
app/controllers/recipes_controller.rb:18: syntax error, unexpected tIDENTIFIER, expecting keyword_end
app/controllers/recipes_controller.rb:18: syntax error, unexpected tIDENTIFIER, expecting keyword_end
app/controllers/recipes_controller.rb:18: syntax error, unexpected tIDENTIFIER, expecting keyword_end
app/controllers/recipes_controller.rb:18: syntax error, unexpected tIDENTIFIER, expecting keyword_end
app/controllers/recipes_controller.rb:18: syntax error, unexpected tIDENTIFIER, expecting keyword_end
app/controllers/recipes_controller.rb:18: syntax error, unexpected tIDENTIFIER, expecting keyword_end
app/controllers/recipes_controller.rb:18: syntax error, unexpected tIDENTIFIER, expecting keyword_end
app/controllers/recipes_controller.rb:18: syntax error, unexpected tIDENTIFIER, expecting keyword_end
app/controllers/recipes_controller.rb:18: syntax error, unexpected tIDENTIFIER, expecting keyword_end
app/controllers/recipes_controller.rb:18: syntax error, unexpected tIDENTIFIER, expecting keyword_end
app/controllers/recipes_controller.rb:18: syntax error, unexpected tIDENTIFIER, expecting keyword_end
app/controllers/recipes_controller.rb:18: syntax error, unexpected tIDENTIFIER, expecting keyword_end
app/controllers/recipes_controller.rb:18: syntax error, unexpected tIDENTIFIER, expecting keyword_end
app/controllers/recipes_controller.rb:18: syntax error, unexpected tIDENTIFIER, expecting keyword_end
app/controllers/recipes_controller.rb:18: syntax error, unexpected tIDENTIFIER, expecting keyword_end
app/controllers/recipes_controller.rb:18: syntax error, unexpected tIDENTIFIER, expecting keyword_end
app/controllers/recipes_controller.rb:18: syntax error, unexpected tIDENTIFIER, expecting keyword_end
app/controllers/recipes_controller.rb:18: syntax error, unexpected tIDENTIFIER, expecting keyword_end
app/controllers/recipes_controller.rb:18: syntax error, unexpected tIDENTIFIER, expecting keyword_end
app/controllers/recipes_controller.rb:18: syntax error, unexpected tIDENTIFIER, expecting keyword_end
app/controllers/recipes_controller.rb:18: syntax error, unexpected tIDENTIFIER, expecting keyword_end
app/controllers/recipes_controller.rb:18: syntax error, unexpected tIDENTIFIER, expecting keyword_end
app/controllers/recipes_controller.rb:18: syntax error, unexpected tIDENTIFIER, expecting keyword_end
app/controllers/recipes_controller.rb:18: syntax error, unexpected tIDENTIFIER, expecting keyword_end
app/controllers/recipes_controller.rb:18: syntax error, unexpected tIDENTIFIER, expecting keyword_end
app/controllers/recipes_controller.rb:18: syntax error, unexpected tIDENTIFIER, expecting keyword_end
app/controllers/recipes_controller.rb:18: syntax error, unexpected tIDENTIFIER, expecting keyword_end
app/controllers/recipes_controller.rb:18: syntax error, unexpected tIDENTIFIER, expecting keyword_end
app/controllers/recipes_controller.rb:18: syntax error, unexpected tIDENTIFIER, expecting keyword_end
app/controllers/recipes_controller.rb:18: syntax error, unexpected tIDENTIFIER, expecting keyword_do or '{' or '('
app/controllers/recipes_controller.rb:18: syntax error, unexpected tIDENTIFIER, expecting keyword_end
app/controllers/recipes_controller.rb:18: syntax error, unexpected tIDENTIFIER, expecting keyword_end
app/controllers/recipes_controller.rb:18: syntax error, unexpected tIDENTIFIER, expecting keyword_end
app/controllers/recipes_controller.rb:18: syntax error, unexpected tIDENTIFIER, expecting keyword_end
app/controllers/recipes_controller.rb:18: syntax error, unexpected tIDENTIFIER, expecting keyword_end
app/controllers/recipes_controller.rb:18: syntax error, unexpected tIDENTIFIER, expecting keyword_end
app/controllers/recipes_controller.rb:18: syntax error, unexpected tIDENTIFIER, expecting keyword_end
app/controllers/recipes_controller.rb:18: syntax error, unexpected tIDENTIFIER, expecting keyword_end
app/controllers/recipes_controller.rb:18: syntax error, unexpected tIDENTIFIER, expecting keyword_do or '{' or '('
app/controllers/recipes_controller.rb:18: syntax error, unexpected tIDENTIFIER, expecting keyword_do or '{' or '('
app/controllers/recipes_controller.rb:18: syntax error, unexpected tIDENTIFIER, expecting keyword_end
app/controllers/recipes_controller.rb:18: syntax error, unexpected ')', expecting keyword_end
app/controllers/recipes_controller.rb:81: syntax error, unexpected keyword_end, expecting end-of-input
Started GET "/recipes" for ::1 at 2019-06-03 10:23:05 -0600
  
SyntaxError (/home/paulo/Desktop/API-recipeApp/API-recipeApp/app/controllers/recipes_controller.rb:18: syntax error, unexpected '}', expecting =>
...en el sarten", ["arepa.png"]]]})
...                              ^):
  
app/controllers/recipes_controller.rb:18: syntax error, unexpected '}', expecting =>
Started GET "/recipes" for ::1 at 2019-06-03 10:49:59 -0600
Processing by RecipesController#index as */*
  [1m[36mUser Load (0.2ms)[0m  [1m[34mSELECT  "users".* FROM "users" WHERE "users"."id" = ? LIMIT ?[0m  [["id", 1], ["LIMIT", 1]]
  â†³ app/controllers/application_controller.rb:12
Completed 500 Internal Server Error in 715ms (ActiveRecord: 1.0ms)


  
TypeError (no implicit conversion of Array into String):
  
app/controllers/recipes_controller.rb:19:in `block in index'
app/controllers/recipes_controller.rb:16:in `index'
Started GET "/recipes" for ::1 at 2019-06-03 10:50:34 -0600
  
SyntaxError (/home/paulo/Desktop/API-recipeApp/API-recipeApp/app/controllers/recipes_controller.rb:18: syntax error, unexpected tIDENTIFIER, expecting keyword_end
      file = "[["puerco asado", "cena", ["puerco", "...
                 ^~~~~~
/home/paulo/Desktop/API-recipeApp/API-recipeApp/app/controllers/recipes_controller.rb:18: syntax error, unexpected tIDENTIFIER, expecting keyword_end
...file = "[["puerco asado", "cena", ["puerco", "sal", "pimient...
...                           ^~~~
/home/paulo/Desktop/API-recipeApp/API-recipeApp/app/controllers/recipes_controller.rb:18: syntax error, unexpected tIDENTIFIER, expecting keyword_end
...puerco asado", "cena", ["puerco", "sal", "pimienta"], "embar...
...                         ^~~~~~
/home/paulo/Desktop/API-recipeApp/API-recipeApp/app/controllers/recipes_controller.rb:18: syntax error, unexpected tIDENTIFIER, expecting keyword_end
...asado", "cena", ["puerco", "sal", "pimienta"], "embarre el p...
...                            ^~~
/home/paulo/Desktop/API-recipeApp/API-recipeApp/app/controllers/recipes_controller.rb:18: syntax error, unexpected tIDENTIFIER, expecting keyword_end
...a", ["puerco", "sal", "pimienta"], "embarre el puerco de sal...
...                       ^~~~~~~~
/home/paulo/Desktop/API-recipeApp/API-recipeApp/app/controllers/recipes_controller.rb:18: syntax error, unexpected tIDENTIFIER, expecting keyword_end
...", "sal", "pimienta"], "embarre el puerco de sal y pimienta ...
...                        ^~~~~~~
/home/paulo/Desktop/API-recipeApp/API-recipeApp/app/controllers/recipes_controller.rb:18: syntax error, unexpected tIDENTIFIER, expecting keyword_end
...alo al fuego", ["chanchoalhorno.png"]], ["arroz con huevo", ...
...                 ^~~~~~~~~~~~~~
/home/paulo/Desktop/API-recipeApp/API-recipeApp/app/controllers/recipes_controller.rb:18: syntax error, unexpected tIDENTIFIER, expecting keyword_end
..."chanchoalhorno.png"]], ["arroz con huevo", "almuerzo", ["ar...
...                          ^~~~~
/home/paulo/Desktop/API-recipeApp/API-recipeApp/app/controllers/recipes_controller.rb:18: syntax error, unexpected tIDENTIFIER, expecting keyword_end
..., ["arroz con huevo", "almuerzo", ["arroz", "huevo"], "ponga...
...                       ^~~~~~~~
/home/paulo/Desktop/API-recipeApp/API-recipeApp/app/controllers/recipes_controller.rb:18: syntax error, unexpected tIDENTIFIER, expecting keyword_end
...con huevo", "almuerzo", ["arroz", "huevo"], "ponga a hacer e...
...                          ^~~~~
/home/paulo/Desktop/API-recipeApp/API-recipeApp/app/controllers/recipes_controller.rb:18: syntax error, unexpected tIDENTIFIER, expecting keyword_end
...", "almuerzo", ["arroz", "huevo"], "ponga a hacer el huevo c...
...                          ^~~~~
/home/paulo/Desktop/API-recipeApp/API-recipeApp/app/controllers/recipes_controller.rb:18: syntax error, unexpected tIDENTIFIER, expecting keyword_end
...zo", ["arroz", "huevo"], "ponga a hacer el huevo como si fue...
...                          ^~~~~
/home/paulo/Desktop/API-recipeApp/API-recipeApp/app/controllers/recipes_controller.rb:18: syntax error, unexpected tIDENTIFIER, expecting keyword_end
...grega el arroz", ["arrozconuevo.png"]], ["sopa negra", "cena...
...                   ^~~~~~~~~~~~
/home/paulo/Desktop/API-recipeApp/API-recipeApp/app/controllers/recipes_controller.rb:18: syntax error, unexpected tIDENTIFIER, expecting keyword_end
..., ["arrozconuevo.png"]], ["sopa negra", "cena", ["frijoles",...
...                           ^~~~
/home/paulo/Desktop/API-recipeApp/API-recipeApp/app/controllers/recipes_controller.rb:18: syntax error, unexpected tIDENTIFIER, expecting keyword_end
...vo.png"]], ["sopa negra", "cena", ["frijoles", "huevo"], "ha...
...                           ^~~~
/home/paulo/Desktop/API-recipeApp/API-recipeApp/app/controllers/recipes_controller.rb:18: syntax error, unexpected tIDENTIFIER, expecting keyword_end
...sopa negra", "cena", ["frijoles", "huevo"], "haga frijoles y...
...                       ^~~~~~~~
/home/paulo/Desktop/API-recipeApp/API-recipeApp/app/controllers/recipes_controller.rb:18: syntax error, unexpected tIDENTIFIER, expecting keyword_end
...a", "cena", ["frijoles", "huevo"], "haga frijoles y agregue ...
...                          ^~~~~
/home/paulo/Desktop/API-recipeApp/API-recipeApp/app/controllers/recipes_controller.rb:18: syntax error, unexpected tIDENTIFIER, expecting keyword_end
...", ["frijoles", "huevo"], "haga frijoles y agregue el huevo ...
...                           ^~~~
/home/paulo/Desktop/API-recipeApp/API-recipeApp/app/controllers/recipes_controller.rb:18: syntax error, unexpected tIDENTIFIER, expecting keyword_end
...que se ponga duro", ["sopanegra.png"]], ["cereal", "desayuno...
...                      ^~~~~~~~~
/home/paulo/Desktop/API-recipeApp/API-recipeApp/app/controllers/recipes_controller.rb:18: syntax error, unexpected tIDENTIFIER, expecting keyword_end
...", ["sopanegra.png"]], ["cereal", "desayuno", ["cereal", "le...
...                         ^~~~~~
/home/paulo/Desktop/API-recipeApp/API-recipeApp/app/controllers/recipes_controller.rb:18: syntax error, unexpected tIDENTIFIER, expecting keyword_end
...ra.png"]], ["cereal", "desayuno", ["cereal", "leche"], "pong...
...                       ^~~~~~~~
/home/paulo/Desktop/API-recipeApp/API-recipeApp/app/controllers/recipes_controller.rb:18: syntax error, unexpected tIDENTIFIER, expecting keyword_end
...["cereal", "desayuno", ["cereal", "leche"], "ponga el cereal...
...                         ^~~~~~
/home/paulo/Desktop/API-recipeApp/API-recipeApp/app/controllers/recipes_controller.rb:18: syntax error, unexpected tIDENTIFIER, expecting keyword_end
..., "desayuno", ["cereal", "leche"], "ponga el cereal en un pl...
...                          ^~~~~
/home/paulo/Desktop/API-recipeApp/API-recipeApp/app/controllers/recipes_controller.rb:18: syntax error, unexpected tIDENTIFIER, expecting keyword_end
...o", ["cereal", "leche"], "ponga el cereal en un plato hondo ...
...                          ^~~~~
/home/paulo/Desktop/API-recipeApp/API-recipeApp/app/controllers/recipes_controller.rb:18: syntax error, unexpected tIDENTIFIER, expecting keyword_end
...o y agregue la leche", ["cereal.png"]], ["macarrones", "almu...
...                         ^~~~~~
/home/paulo/Desktop/API-recipeApp/API-recipeApp/app/controllers/recipes_controller.rb:18: syntax error, unexpected tIDENTIFIER, expecting keyword_end
..., ["cereal.png"]], ["macarrones", "almuerzo", ["espaguetti",...
...                     ^~~~~~~~~~
/home/paulo/Desktop/API-recipeApp/API-recipeApp/app/controllers/recipes_controller.rb:18: syntax error, unexpected tIDENTIFIER, expecting keyword_end
...ng"]], ["macarrones", "almuerzo", ["espaguetti", "salsa de t...
...                       ^~~~~~~~
/home/paulo/Desktop/API-recipeApp/API-recipeApp/app/controllers/recipes_controller.rb:18: syntax error, unexpected tIDENTIFIER, expecting keyword_end
...ones", "almuerzo", ["espaguetti", "salsa de tomate", "queso"...
...                     ^~~~~~~~~~
/home/paulo/Desktop/API-recipeApp/API-recipeApp/app/controllers/recipes_controller.rb:18: syntax error, unexpected tIDENTIFIER, expecting keyword_end
...lmuerzo", ["espaguetti", "salsa de tomate", "queso"], "cocin...
...                          ^~~~~
/home/paulo/Desktop/API-recipeApp/API-recipeApp/app/controllers/recipes_controller.rb:18: syntax error, unexpected tIDENTIFIER, expecting keyword_end
...tti", "salsa de tomate", "queso"], "cocine los espaguetties,...
...                          ^~~~~
/home/paulo/Desktop/API-recipeApp/API-recipeApp/app/controllers/recipes_controller.rb:18: syntax error, unexpected tIDENTIFIER, expecting keyword_end
...a de tomate", "queso"], "cocine los espaguetties, agregue la...
...                         ^~~~~~
/home/paulo/Desktop/API-recipeApp/API-recipeApp/app/controllers/recipes_controller.rb:18: syntax error, unexpected tIDENTIFIER, expecting keyword_do or '{' or '('
...ne los espaguetties, agregue la salsa y luego el queso", ["m...
...                             ^~
/home/paulo/Desktop/API-recipeApp/API-recipeApp/app/controllers/recipes_controller.rb:18: syntax error, unexpected tIDENTIFIER, expecting keyword_end
...y luego el queso", ["macarrones.png"]], ["arepas", "desayuno...
...                     ^~~~~~~~~~
/home/paulo/Desktop/API-recipeApp/API-recipeApp/app/controllers/recipes_controller.rb:18: syntax error, unexpected tIDENTIFIER, expecting keyword_end
..., ["macarrones.png"]], ["arepas", "desayuno", ["leche", "pol...
...                         ^~~~~~
/home/paulo/Desktop/API-recipeApp/API-recipeApp/app/controllers/recipes_controller.rb:18: syntax error, unexpected tIDENTIFIER, expecting keyword_end
...es.png"]], ["arepas", "desayuno", ["leche", "polvito de arep...
...                       ^~~~~~~~
/home/paulo/Desktop/API-recipeApp/API-recipeApp/app/controllers/recipes_controller.rb:18: syntax error, unexpected tIDENTIFIER, expecting keyword_end
... ["arepas", "desayuno", ["leche", "polvito de arepa", "azuca...
...                          ^~~~~
/home/paulo/Desktop/API-recipeApp/API-recipeApp/app/controllers/recipes_controller.rb:18: syntax error, unexpected tIDENTIFIER, expecting keyword_end
... "desayuno", ["leche", "polvito de arepa", "azucar", "huevo"...
...                        ^~~~~~~
/home/paulo/Desktop/API-recipeApp/API-recipeApp/app/controllers/recipes_controller.rb:18: syntax error, unexpected tIDENTIFIER, expecting keyword_end
...e", "polvito de arepa", "azucar", "huevo"], "haga una masa c...
...                         ^~~~~~
/home/paulo/Desktop/API-recipeApp/API-recipeApp/app/controllers/recipes_controller.rb:18: syntax error, unexpected tIDENTIFIER, expecting keyword_end
...ito de arepa", "azucar", "huevo"], "haga una masa con el pol...
...                          ^~~~~
/home/paulo/Desktop/API-recipeApp/API-recipeApp/app/controllers/recipes_controller.rb:18: syntax error, unexpected tIDENTIFIER, expecting keyword_end
...epa", "azucar", "huevo"], "haga una masa con el polvo, la le...
...                           ^~~~
/home/paulo/Desktop/API-recipeApp/API-recipeApp/app/controllers/recipes_controller.rb:18: syntax error, unexpected tIDENTIFIER, expecting keyword_do or '{' or '('
...una masa con el polvo, la leche y el huevo, agrega azucar al...
...                          ^~~~~
/home/paulo/Desktop/API-recipeApp/API-recipeApp/app/controllers/recipes_controller.rb:18: syntax error, unexpected tIDENTIFIER, expecting keyword_do or '{' or '('
...leche y el huevo, agrega azucar al gusto y frie arepitas en ...
...                         ^~~~~~
/home/paulo/Desktop/API-recipeApp/API-recipeApp/app/controllers/recipes_controller.rb:18: syntax error, unexpected tIDENTIFIER, expecting keyword_end
...arepitas en el sarten", ["arepa.png"]]]"
...                          ^~~~~
/home/paulo/Desktop/API-recipeApp/API-recipeApp/app/controllers/recipes_controller.rb:82: syntax error, unexpected keyword_end, expecting end-of-input):
  
app/controllers/recipes_controller.rb:18: syntax error, unexpected tIDENTIFIER, expecting keyword_end
app/controllers/recipes_controller.rb:18: syntax error, unexpected tIDENTIFIER, expecting keyword_end
app/controllers/recipes_controller.rb:18: syntax error, unexpected tIDENTIFIER, expecting keyword_end
app/controllers/recipes_controller.rb:18: syntax error, unexpected tIDENTIFIER, expecting keyword_end
app/controllers/recipes_controller.rb:18: syntax error, unexpected tIDENTIFIER, expecting keyword_end
app/controllers/recipes_controller.rb:18: syntax error, unexpected tIDENTIFIER, expecting keyword_end
app/controllers/recipes_controller.rb:18: syntax error, unexpected tIDENTIFIER, expecting keyword_end
app/controllers/recipes_controller.rb:18: syntax error, unexpected tIDENTIFIER, expecting keyword_end
app/controllers/recipes_controller.rb:18: syntax error, unexpected tIDENTIFIER, expecting keyword_end
app/controllers/recipes_controller.rb:18: syntax error, unexpected tIDENTIFIER, expecting keyword_end
app/controllers/recipes_controller.rb:18: syntax error, unexpected tIDENTIFIER, expecting keyword_end
app/controllers/recipes_controller.rb:18: syntax error, unexpected tIDENTIFIER, expecting keyword_end
app/controllers/recipes_controller.rb:18: syntax error, unexpected tIDENTIFIER, expecting keyword_end
app/controllers/recipes_controller.rb:18: syntax error, unexpected tIDENTIFIER, expecting keyword_end
app/controllers/recipes_controller.rb:18: syntax error, unexpected tIDENTIFIER, expecting keyword_end
app/controllers/recipes_controller.rb:18: syntax error, unexpected tIDENTIFIER, expecting keyword_end
app/controllers/recipes_controller.rb:18: syntax error, unexpected tIDENTIFIER, expecting keyword_end
app/controllers/recipes_controller.rb:18: syntax error, unexpected tIDENTIFIER, expecting keyword_end
app/controllers/recipes_controller.rb:18: syntax error, unexpected tIDENTIFIER, expecting keyword_end
app/controllers/recipes_controller.rb:18: syntax error, unexpected tIDENTIFIER, expecting keyword_end
app/controllers/recipes_controller.rb:18: syntax error, unexpected tIDENTIFIER, expecting keyword_end
app/controllers/recipes_controller.rb:18: syntax error, unexpected tIDENTIFIER, expecting keyword_end
app/controllers/recipes_controller.rb:18: syntax error, unexpected tIDENTIFIER, expecting keyword_end
app/controllers/recipes_controller.rb:18: syntax error, unexpected tIDENTIFIER, expecting keyword_end
app/controllers/recipes_controller.rb:18: syntax error, unexpected tIDENTIFIER, expecting keyword_end
app/controllers/recipes_controller.rb:18: syntax error, unexpected tIDENTIFIER, expecting keyword_end
app/controllers/recipes_controller.rb:18: syntax error, unexpected tIDENTIFIER, expecting keyword_end
app/controllers/recipes_controller.rb:18: syntax error, unexpected tIDENTIFIER, expecting keyword_end
app/controllers/recipes_controller.rb:18: syntax error, unexpected tIDENTIFIER, expecting keyword_end
app/controllers/recipes_controller.rb:18: syntax error, unexpected tIDENTIFIER, expecting keyword_end
app/controllers/recipes_controller.rb:18: syntax error, unexpected tIDENTIFIER, expecting keyword_end
app/controllers/recipes_controller.rb:18: syntax error, unexpected tIDENTIFIER, expecting keyword_do or '{' or '('
app/controllers/recipes_controller.rb:18: syntax error, unexpected tIDENTIFIER, expecting keyword_end
app/controllers/recipes_controller.rb:18: syntax error, unexpected tIDENTIFIER, expecting keyword_end
app/controllers/recipes_controller.rb:18: syntax error, unexpected tIDENTIFIER, expecting keyword_end
app/controllers/recipes_controller.rb:18: syntax error, unexpected tIDENTIFIER, expecting keyword_end
app/controllers/recipes_controller.rb:18: syntax error, unexpected tIDENTIFIER, expecting keyword_end
app/controllers/recipes_controller.rb:18: syntax error, unexpected tIDENTIFIER, expecting keyword_end
app/controllers/recipes_controller.rb:18: syntax error, unexpected tIDENTIFIER, expecting keyword_end
app/controllers/recipes_controller.rb:18: syntax error, unexpected tIDENTIFIER, expecting keyword_end
app/controllers/recipes_controller.rb:18: syntax error, unexpected tIDENTIFIER, expecting keyword_do or '{' or '('
app/controllers/recipes_controller.rb:18: syntax error, unexpected tIDENTIFIER, expecting keyword_do or '{' or '('
app/controllers/recipes_controller.rb:18: syntax error, unexpected tIDENTIFIER, expecting keyword_end
app/controllers/recipes_controller.rb:82: syntax error, unexpected keyword_end, expecting end-of-input
Started GET "/recipes" for ::1 at 2019-06-03 11:14:54 -0600
  
SyntaxError (/home/paulo/Desktop/API-recipeApp/API-recipeApp/app/controllers/recipes_controller.rb:18: syntax error, unexpected tIDENTIFIER, expecting keyword_end
      file = "{"recetas": [["puerco asado", "cena", ...
                ^~~~~~~
/home/paulo/Desktop/API-recipeApp/API-recipeApp/app/controllers/recipes_controller.rb:18: syntax error, unexpected tIDENTIFIER, expecting keyword_end
...  file = "{"recetas": [["puerco asado", "cena", ["puerco", "...
...                         ^~~~~~
/home/paulo/Desktop/API-recipeApp/API-recipeApp/app/controllers/recipes_controller.rb:18: syntax error, unexpected tIDENTIFIER, expecting keyword_end
...cetas": [["puerco asado", "cena", ["puerco", "sal", "pimient...
...                           ^~~~
/home/paulo/Desktop/API-recipeApp/API-recipeApp/app/controllers/recipes_controller.rb:18: syntax error, unexpected tIDENTIFIER, expecting keyword_end
...puerco asado", "cena", ["puerco", "sal", "pimienta"], "embar...
...                         ^~~~~~
/home/paulo/Desktop/API-recipeApp/API-recipeApp/app/controllers/recipes_controller.rb:18: syntax error, unexpected tIDENTIFIER, expecting keyword_end
...asado", "cena", ["puerco", "sal", "pimienta"], "embarre el p...
...                            ^~~
/home/paulo/Desktop/API-recipeApp/API-recipeApp/app/controllers/recipes_controller.rb:18: syntax error, unexpected tIDENTIFIER, expecting keyword_end
...a", ["puerco", "sal", "pimienta"], "embarre el puerco de sal...
...                       ^~~~~~~~
/home/paulo/Desktop/API-recipeApp/API-recipeApp/app/controllers/recipes_controller.rb:18: syntax error, unexpected tIDENTIFIER, expecting keyword_end
...", "sal", "pimienta"], "embarre el puerco de sal y pimienta ...
...                        ^~~~~~~
/home/paulo/Desktop/API-recipeApp/API-recipeApp/app/controllers/recipes_controller.rb:18: syntax error, unexpected tIDENTIFIER, expecting keyword_end
...alo al fuego", ["chanchoalhorno.png"]], ["arroz con huevo", ...
...                 ^~~~~~~~~~~~~~
/home/paulo/Desktop/API-recipeApp/API-recipeApp/app/controllers/recipes_controller.rb:18: syntax error, unexpected tIDENTIFIER, expecting keyword_end
..."chanchoalhorno.png"]], ["arroz con huevo", "almuerzo", ["ar...
...                          ^~~~~
/home/paulo/Desktop/API-recipeApp/API-recipeApp/app/controllers/recipes_controller.rb:18: syntax error, unexpected tIDENTIFIER, expecting keyword_end
..., ["arroz con huevo", "almuerzo", ["arroz", "huevo"], "ponga...
...                       ^~~~~~~~
/home/paulo/Desktop/API-recipeApp/API-recipeApp/app/controllers/recipes_controller.rb:18: syntax error, unexpected tIDENTIFIER, expecting keyword_end
...con huevo", "almuerzo", ["arroz", "huevo"], "ponga a hacer e...
...                          ^~~~~
/home/paulo/Desktop/API-recipeApp/API-recipeApp/app/controllers/recipes_controller.rb:18: syntax error, unexpected tIDENTIFIER, expecting keyword_end
...", "almuerzo", ["arroz", "huevo"], "ponga a hacer el huevo c...
...                          ^~~~~
/home/paulo/Desktop/API-recipeApp/API-recipeApp/app/controllers/recipes_controller.rb:18: syntax error, unexpected tIDENTIFIER, expecting keyword_end
...zo", ["arroz", "huevo"], "ponga a hacer el huevo como si fue...
...                          ^~~~~
/home/paulo/Desktop/API-recipeApp/API-recipeApp/app/controllers/recipes_controller.rb:18: syntax error, unexpected tIDENTIFIER, expecting keyword_end
...grega el arroz", ["arrozconuevo.png"]], ["sopa negra", "cena...
...                   ^~~~~~~~~~~~
/home/paulo/Desktop/API-recipeApp/API-recipeApp/app/controllers/recipes_controller.rb:18: syntax error, unexpected tIDENTIFIER, expecting keyword_end
..., ["arrozconuevo.png"]], ["sopa negra", "cena", ["frijoles",...
...                           ^~~~
/home/paulo/Desktop/API-recipeApp/API-recipeApp/app/controllers/recipes_controller.rb:18: syntax error, unexpected tIDENTIFIER, expecting keyword_end
...vo.png"]], ["sopa negra", "cena", ["frijoles", "huevo"], "ha...
...                           ^~~~
/home/paulo/Desktop/API-recipeApp/API-recipeApp/app/controllers/recipes_controller.rb:18: syntax error, unexpected tIDENTIFIER, expecting keyword_end
...sopa negra", "cena", ["frijoles", "huevo"], "haga frijoles y...
...                       ^~~~~~~~
/home/paulo/Desktop/API-recipeApp/API-recipeApp/app/controllers/recipes_controller.rb:18: syntax error, unexpected tIDENTIFIER, expecting keyword_end
...a", "cena", ["frijoles", "huevo"], "haga frijoles y agregue ...
...                          ^~~~~
/home/paulo/Desktop/API-recipeApp/API-recipeApp/app/controllers/recipes_controller.rb:18: syntax error, unexpected tIDENTIFIER, expecting keyword_end
...", ["frijoles", "huevo"], "haga frijoles y agregue el huevo ...
...                           ^~~~
/home/paulo/Desktop/API-recipeApp/API-recipeApp/app/controllers/recipes_controller.rb:18: syntax error, unexpected tIDENTIFIER, expecting keyword_end
...que se ponga duro", ["sopanegra.png"]], ["cereal", "desayuno...
...                      ^~~~~~~~~
/home/paulo/Desktop/API-recipeApp/API-recipeApp/app/controllers/recipes_controller.rb:18: syntax error, unexpected tIDENTIFIER, expecting keyword_end
...", ["sopanegra.png"]], ["cereal", "desayuno", ["cereal", "le...
...                         ^~~~~~
/home/paulo/Desktop/API-recipeApp/API-recipeApp/app/controllers/recipes_controller.rb:18: syntax error, unexpected tIDENTIFIER, expecting keyword_end
...ra.png"]], ["cereal", "desayuno", ["cereal", "leche"], "pong...
...                       ^~~~~~~~
/home/paulo/Desktop/API-recipeApp/API-recipeApp/app/controllers/recipes_controller.rb:18: syntax error, unexpected tIDENTIFIER, expecting keyword_end
...["cereal", "desayuno", ["cereal", "leche"], "ponga el cereal...
...                         ^~~~~~
/home/paulo/Desktop/API-recipeApp/API-recipeApp/app/controllers/recipes_controller.rb:18: syntax error, unexpected tIDENTIFIER, expecting keyword_end
..., "desayuno", ["cereal", "leche"], "ponga el cereal en un pl...
...                          ^~~~~
/home/paulo/Desktop/API-recipeApp/API-recipeApp/app/controllers/recipes_controller.rb:18: syntax error, unexpected tIDENTIFIER, expecting keyword_end
...o", ["cereal", "leche"], "ponga el cereal en un plato hondo ...
...                          ^~~~~
/home/paulo/Desktop/API-recipeApp/API-recipeApp/app/controllers/recipes_controller.rb:18: syntax error, unexpected tIDENTIFIER, expecting keyword_end
...o y agregue la leche", ["cereal.png"]], ["macarrones", "almu...
...                         ^~~~~~
/home/paulo/Desktop/API-recipeApp/API-recipeApp/app/controllers/recipes_controller.rb:18: syntax error, unexpected tIDENTIFIER, expecting keyword_end
..., ["cereal.png"]], ["macarrones", "almuerzo", ["espaguetti",...
...                     ^~~~~~~~~~
/home/paulo/Desktop/API-recipeApp/API-recipeApp/app/controllers/recipes_controller.rb:18: syntax error, unexpected tIDENTIFIER, expecting keyword_end
...ng"]], ["macarrones", "almuerzo", ["espaguetti", "salsa de t...
...                       ^~~~~~~~
/home/paulo/Desktop/API-recipeApp/API-recipeApp/app/controllers/recipes_controller.rb:18: syntax error, unexpected tIDENTIFIER, expecting keyword_end
...ones", "almuerzo", ["espaguetti", "salsa de tomate", "queso"...
...                     ^~~~~~~~~~
/home/paulo/Desktop/API-recipeApp/API-recipeApp/app/controllers/recipes_controller.rb:18: syntax error, unexpected tIDENTIFIER, expecting keyword_end
...lmuerzo", ["espaguetti", "salsa de tomate", "queso"], "cocin...
...                          ^~~~~
/home/paulo/Desktop/API-recipeApp/API-recipeApp/app/controllers/recipes_controller.rb:18: syntax error, unexpected tIDENTIFIER, expecting keyword_end
...tti", "salsa de tomate", "queso"], "cocine los espaguetties,...
...                          ^~~~~
/home/paulo/Desktop/API-recipeApp/API-recipeApp/app/controllers/recipes_controller.rb:18: syntax error, unexpected tIDENTIFIER, expecting keyword_end
...a de tomate", "queso"], "cocine los espaguetties, agregue la...
...                         ^~~~~~
/home/paulo/Desktop/API-recipeApp/API-recipeApp/app/controllers/recipes_controller.rb:18: syntax error, unexpected tIDENTIFIER, expecting keyword_do or '{' or '('
...ne los espaguetties, agregue la salsa y luego el queso", ["m...
...                             ^~
/home/paulo/Desktop/API-recipeApp/API-recipeApp/app/controllers/recipes_controller.rb:18: syntax error, unexpected tIDENTIFIER, expecting keyword_end
...y luego el queso", ["macarrones.png"]], ["arepas", "desayuno...
...                     ^~~~~~~~~~
/home/paulo/Desktop/API-recipeApp/API-recipeApp/app/controllers/recipes_controller.rb:18: syntax error, unexpected tIDENTIFIER, expecting keyword_end
..., ["macarrones.png"]], ["arepas", "desayuno", ["leche", "pol...
...                         ^~~~~~
/home/paulo/Desktop/API-recipeApp/API-recipeApp/app/controllers/recipes_controller.rb:18: syntax error, unexpected tIDENTIFIER, expecting keyword_end
...es.png"]], ["arepas", "desayuno", ["leche", "polvito de arep...
...                       ^~~~~~~~
/home/paulo/Desktop/API-recipeApp/API-recipeApp/app/controllers/recipes_controller.rb:18: syntax error, unexpected tIDENTIFIER, expecting keyword_end
... ["arepas", "desayuno", ["leche", "polvito de arepa", "azuca...
...                          ^~~~~
/home/paulo/Desktop/API-recipeApp/API-recipeApp/app/controllers/recipes_controller.rb:18: syntax error, unexpected tIDENTIFIER, expecting keyword_end
... "desayuno", ["leche", "polvito de arepa", "azucar", "huevo"...
...                        ^~~~~~~
/home/paulo/Desktop/API-recipeApp/API-recipeApp/app/controllers/recipes_controller.rb:18: syntax error, unexpected tIDENTIFIER, expecting keyword_end
...e", "polvito de arepa", "azucar", "huevo"], "haga una masa c...
...                         ^~~~~~
/home/paulo/Desktop/API-recipeApp/API-recipeApp/app/controllers/recipes_controller.rb:18: syntax error, unexpected tIDENTIFIER, expecting keyword_end
...ito de arepa", "azucar", "huevo"], "haga una masa con el pol...
...                          ^~~~~
/home/paulo/Desktop/API-recipeApp/API-recipeApp/app/controllers/recipes_controller.rb:18: syntax error, unexpected tIDENTIFIER, expecting keyword_end
...epa", "azucar", "huevo"], "haga una masa con el polvo, la le...
...                           ^~~~
/home/paulo/Desktop/API-recipeApp/API-recipeApp/app/controllers/recipes_controller.rb:18: syntax error, unexpected tIDENTIFIER, expecting keyword_do or '{' or '('
...una masa con el polvo, la leche y el huevo, agrega azucar al...
...                          ^~~~~
/home/paulo/Desktop/API-recipeApp/API-recipeApp/app/controllers/recipes_controller.rb:18: syntax error, unexpected tIDENTIFIER, expecting keyword_do or '{' or '('
...leche y el huevo, agrega azucar al gusto y frie arepitas en ...
...                         ^~~~~~
/home/paulo/Desktop/API-recipeApp/API-recipeApp/app/controllers/recipes_controller.rb:18: syntax error, unexpected tIDENTIFIER, expecting keyword_end
...arepitas en el sarten", ["arepa.png"]]]}"
...                          ^~~~~
/home/paulo/Desktop/API-recipeApp/API-recipeApp/app/controllers/recipes_controller.rb:82: syntax error, unexpected keyword_end, expecting end-of-input):
  
app/controllers/recipes_controller.rb:18: syntax error, unexpected tIDENTIFIER, expecting keyword_end
app/controllers/recipes_controller.rb:18: syntax error, unexpected tIDENTIFIER, expecting keyword_end
app/controllers/recipes_controller.rb:18: syntax error, unexpected tIDENTIFIER, expecting keyword_end
app/controllers/recipes_controller.rb:18: syntax error, unexpected tIDENTIFIER, expecting keyword_end
app/controllers/recipes_controller.rb:18: syntax error, unexpected tIDENTIFIER, expecting keyword_end
app/controllers/recipes_controller.rb:18: syntax error, unexpected tIDENTIFIER, expecting keyword_end
app/controllers/recipes_controller.rb:18: syntax error, unexpected tIDENTIFIER, expecting keyword_end
app/controllers/recipes_controller.rb:18: syntax error, unexpected tIDENTIFIER, expecting keyword_end
app/controllers/recipes_controller.rb:18: syntax error, unexpected tIDENTIFIER, expecting keyword_end
app/controllers/recipes_controller.rb:18: syntax error, unexpected tIDENTIFIER, expecting keyword_end
app/controllers/recipes_controller.rb:18: syntax error, unexpected tIDENTIFIER, expecting keyword_end
app/controllers/recipes_controller.rb:18: syntax error, unexpected tIDENTIFIER, expecting keyword_end
app/controllers/recipes_controller.rb:18: syntax error, unexpected tIDENTIFIER, expecting keyword_end
app/controllers/recipes_controller.rb:18: syntax error, unexpected tIDENTIFIER, expecting keyword_end
app/controllers/recipes_controller.rb:18: syntax error, unexpected tIDENTIFIER, expecting keyword_end
app/controllers/recipes_controller.rb:18: syntax error, unexpected tIDENTIFIER, expecting keyword_end
app/controllers/recipes_controller.rb:18: syntax error, unexpected tIDENTIFIER, expecting keyword_end
app/controllers/recipes_controller.rb:18: syntax error, unexpected tIDENTIFIER, expecting keyword_end
app/controllers/recipes_controller.rb:18: syntax error, unexpected tIDENTIFIER, expecting keyword_end
app/controllers/recipes_controller.rb:18: syntax error, unexpected tIDENTIFIER, expecting keyword_end
app/controllers/recipes_controller.rb:18: syntax error, unexpected tIDENTIFIER, expecting keyword_end
app/controllers/recipes_controller.rb:18: syntax error, unexpected tIDENTIFIER, expecting keyword_end
app/controllers/recipes_controller.rb:18: syntax error, unexpected tIDENTIFIER, expecting keyword_end
app/controllers/recipes_controller.rb:18: syntax error, unexpected tIDENTIFIER, expecting keyword_end
app/controllers/recipes_controller.rb:18: syntax error, unexpected tIDENTIFIER, expecting keyword_end
app/controllers/recipes_controller.rb:18: syntax error, unexpected tIDENTIFIER, expecting keyword_end
app/controllers/recipes_controller.rb:18: syntax error, unexpected tIDENTIFIER, expecting keyword_end
app/controllers/recipes_controller.rb:18: syntax error, unexpected tIDENTIFIER, expecting keyword_end
app/controllers/recipes_controller.rb:18: syntax error, unexpected tIDENTIFIER, expecting keyword_end
app/controllers/recipes_controller.rb:18: syntax error, unexpected tIDENTIFIER, expecting keyword_end
app/controllers/recipes_controller.rb:18: syntax error, unexpected tIDENTIFIER, expecting keyword_end
app/controllers/recipes_controller.rb:18: syntax error, unexpected tIDENTIFIER, expecting keyword_end
app/controllers/recipes_controller.rb:18: syntax error, unexpected tIDENTIFIER, expecting keyword_do or '{' or '('
app/controllers/recipes_controller.rb:18: syntax error, unexpected tIDENTIFIER, expecting keyword_end
app/controllers/recipes_controller.rb:18: syntax error, unexpected tIDENTIFIER, expecting keyword_end
app/controllers/recipes_controller.rb:18: syntax error, unexpected tIDENTIFIER, expecting keyword_end
app/controllers/recipes_controller.rb:18: syntax error, unexpected tIDENTIFIER, expecting keyword_end
app/controllers/recipes_controller.rb:18: syntax error, unexpected tIDENTIFIER, expecting keyword_end
app/controllers/recipes_controller.rb:18: syntax error, unexpected tIDENTIFIER, expecting keyword_end
app/controllers/recipes_controller.rb:18: syntax error, unexpected tIDENTIFIER, expecting keyword_end
app/controllers/recipes_controller.rb:18: syntax error, unexpected tIDENTIFIER, expecting keyword_end
app/controllers/recipes_controller.rb:18: syntax error, unexpected tIDENTIFIER, expecting keyword_do or '{' or '('
app/controllers/recipes_controller.rb:18: syntax error, unexpected tIDENTIFIER, expecting keyword_do or '{' or '('
app/controllers/recipes_controller.rb:18: syntax error, unexpected tIDENTIFIER, expecting keyword_end
app/controllers/recipes_controller.rb:82: syntax error, unexpected keyword_end, expecting end-of-input
Started GET "/recipes" for ::1 at 2019-06-03 11:19:23 -0600
  
SyntaxError (/home/paulo/Desktop/API-recipeApp/API-recipeApp/app/controllers/recipes_controller.rb:18: syntax error, unexpected tIDENTIFIER, expecting keyword_end
      file = "{"recetas": [["puerco asado", "cena", ...
                ^~~~~~~
/home/paulo/Desktop/API-recipeApp/API-recipeApp/app/controllers/recipes_controller.rb:18: syntax error, unexpected tIDENTIFIER, expecting keyword_end
...  file = "{"recetas": [["puerco asado", "cena", ["puerco", "...
...                         ^~~~~~
/home/paulo/Desktop/API-recipeApp/API-recipeApp/app/controllers/recipes_controller.rb:18: syntax error, unexpected tIDENTIFIER, expecting keyword_end
...cetas": [["puerco asado", "cena", ["puerco", "sal", "pimient...
...                           ^~~~
/home/paulo/Desktop/API-recipeApp/API-recipeApp/app/controllers/recipes_controller.rb:18: syntax error, unexpected tIDENTIFIER, expecting keyword_end
...puerco asado", "cena", ["puerco", "sal", "pimienta"], "embar...
...                         ^~~~~~
/home/paulo/Desktop/API-recipeApp/API-recipeApp/app/controllers/recipes_controller.rb:18: syntax error, unexpected tIDENTIFIER, expecting keyword_end
...asado", "cena", ["puerco", "sal", "pimienta"], "embarre el p...
...                            ^~~
/home/paulo/Desktop/API-recipeApp/API-recipeApp/app/controllers/recipes_controller.rb:18: syntax error, unexpected tIDENTIFIER, expecting keyword_end
...a", ["puerco", "sal", "pimienta"], "embarre el puerco de sal...
...                       ^~~~~~~~
/home/paulo/Desktop/API-recipeApp/API-recipeApp/app/controllers/recipes_controller.rb:18: syntax error, unexpected tIDENTIFIER, expecting keyword_end
...", "sal", "pimienta"], "embarre el puerco de sal y pimienta ...
...                        ^~~~~~~
/home/paulo/Desktop/API-recipeApp/API-recipeApp/app/controllers/recipes_controller.rb:18: syntax error, unexpected tIDENTIFIER, expecting keyword_end
...alo al fuego", ["chanchoalhorno.png"]], ["arroz con huevo", ...
...                 ^~~~~~~~~~~~~~
/home/paulo/Desktop/API-recipeApp/API-recipeApp/app/controllers/recipes_controller.rb:18: syntax error, unexpected tIDENTIFIER, expecting keyword_end
..."chanchoalhorno.png"]], ["arroz con huevo", "almuerzo", ["ar...
...                          ^~~~~
/home/paulo/Desktop/API-recipeApp/API-recipeApp/app/controllers/recipes_controller.rb:18: syntax error, unexpected tIDENTIFIER, expecting keyword_end
..., ["arroz con huevo", "almuerzo", ["arroz", "huevo"], "ponga...
...                       ^~~~~~~~
/home/paulo/Desktop/API-recipeApp/API-recipeApp/app/controllers/recipes_controller.rb:18: syntax error, unexpected tIDENTIFIER, expecting keyword_end
...con huevo", "almuerzo", ["arroz", "huevo"], "ponga a hacer e...
...                          ^~~~~
/home/paulo/Desktop/API-recipeApp/API-recipeApp/app/controllers/recipes_controller.rb:18: syntax error, unexpected tIDENTIFIER, expecting keyword_end
...", "almuerzo", ["arroz", "huevo"], "ponga a hacer el huevo c...
...                          ^~~~~
/home/paulo/Desktop/API-recipeApp/API-recipeApp/app/controllers/recipes_controller.rb:18: syntax error, unexpected tIDENTIFIER, expecting keyword_end
...zo", ["arroz", "huevo"], "ponga a hacer el huevo como si fue...
...                          ^~~~~
/home/paulo/Desktop/API-recipeApp/API-recipeApp/app/controllers/recipes_controller.rb:18: syntax error, unexpected tIDENTIFIER, expecting keyword_end
...grega el arroz", ["arrozconuevo.png"]], ["sopa negra", "cena...
...                   ^~~~~~~~~~~~
/home/paulo/Desktop/API-recipeApp/API-recipeApp/app/controllers/recipes_controller.rb:18: syntax error, unexpected tIDENTIFIER, expecting keyword_end
..., ["arrozconuevo.png"]], ["sopa negra", "cena", ["frijoles",...
...                           ^~~~
/home/paulo/Desktop/API-recipeApp/API-recipeApp/app/controllers/recipes_controller.rb:18: syntax error, unexpected tIDENTIFIER, expecting keyword_end
...vo.png"]], ["sopa negra", "cena", ["frijoles", "huevo"], "ha...
...                           ^~~~
/home/paulo/Desktop/API-recipeApp/API-recipeApp/app/controllers/recipes_controller.rb:18: syntax error, unexpected tIDENTIFIER, expecting keyword_end
...sopa negra", "cena", ["frijoles", "huevo"], "haga frijoles y...
...                       ^~~~~~~~
/home/paulo/Desktop/API-recipeApp/API-recipeApp/app/controllers/recipes_controller.rb:18: syntax error, unexpected tIDENTIFIER, expecting keyword_end
...a", "cena", ["frijoles", "huevo"], "haga frijoles y agregue ...
...                          ^~~~~
/home/paulo/Desktop/API-recipeApp/API-recipeApp/app/controllers/recipes_controller.rb:18: syntax error, unexpected tIDENTIFIER, expecting keyword_end
...", ["frijoles", "huevo"], "haga frijoles y agregue el huevo ...
...                           ^~~~
/home/paulo/Desktop/API-recipeApp/API-recipeApp/app/controllers/recipes_controller.rb:18: syntax error, unexpected tIDENTIFIER, expecting keyword_end
...que se ponga duro", ["sopanegra.png"]], ["cereal", "desayuno...
...                      ^~~~~~~~~
/home/paulo/Desktop/API-recipeApp/API-recipeApp/app/controllers/recipes_controller.rb:18: syntax error, unexpected tIDENTIFIER, expecting keyword_end
...", ["sopanegra.png"]], ["cereal", "desayuno", ["cereal", "le...
...                         ^~~~~~
/home/paulo/Desktop/API-recipeApp/API-recipeApp/app/controllers/recipes_controller.rb:18: syntax error, unexpected tIDENTIFIER, expecting keyword_end
...ra.png"]], ["cereal", "desayuno", ["cereal", "leche"], "pong...
...                       ^~~~~~~~
/home/paulo/Desktop/API-recipeApp/API-recipeApp/app/controllers/recipes_controller.rb:18: syntax error, unexpected tIDENTIFIER, expecting keyword_end
...["cereal", "desayuno", ["cereal", "leche"], "ponga el cereal...
...                         ^~~~~~
/home/paulo/Desktop/API-recipeApp/API-recipeApp/app/controllers/recipes_controller.rb:18: syntax error, unexpected tIDENTIFIER, expecting keyword_end
..., "desayuno", ["cereal", "leche"], "ponga el cereal en un pl...
...                          ^~~~~
/home/paulo/Desktop/API-recipeApp/API-recipeApp/app/controllers/recipes_controller.rb:18: syntax error, unexpected tIDENTIFIER, expecting keyword_end
...o", ["cereal", "leche"], "ponga el cereal en un plato hondo ...
...                          ^~~~~
/home/paulo/Desktop/API-recipeApp/API-recipeApp/app/controllers/recipes_controller.rb:18: syntax error, unexpected tIDENTIFIER, expecting keyword_end
...o y agregue la leche", ["cereal.png"]], ["macarrones", "almu...
...                         ^~~~~~
/home/paulo/Desktop/API-recipeApp/API-recipeApp/app/controllers/recipes_controller.rb:18: syntax error, unexpected tIDENTIFIER, expecting keyword_end
..., ["cereal.png"]], ["macarrones", "almuerzo", ["espaguetti",...
...                     ^~~~~~~~~~
/home/paulo/Desktop/API-recipeApp/API-recipeApp/app/controllers/recipes_controller.rb:18: syntax error, unexpected tIDENTIFIER, expecting keyword_end
...ng"]], ["macarrones", "almuerzo", ["espaguetti", "salsa de t...
...                       ^~~~~~~~
/home/paulo/Desktop/API-recipeApp/API-recipeApp/app/controllers/recipes_controller.rb:18: syntax error, unexpected tIDENTIFIER, expecting keyword_end
...ones", "almuerzo", ["espaguetti", "salsa de tomate", "queso"...
...                     ^~~~~~~~~~
/home/paulo/Desktop/API-recipeApp/API-recipeApp/app/controllers/recipes_controller.rb:18: syntax error, unexpected tIDENTIFIER, expecting keyword_end
...lmuerzo", ["espaguetti", "salsa de tomate", "queso"], "cocin...
...                          ^~~~~
/home/paulo/Desktop/API-recipeApp/API-recipeApp/app/controllers/recipes_controller.rb:18: syntax error, unexpected tIDENTIFIER, expecting keyword_end
...tti", "salsa de tomate", "queso"], "cocine los espaguetties,...
...                          ^~~~~
/home/paulo/Desktop/API-recipeApp/API-recipeApp/app/controllers/recipes_controller.rb:18: syntax error, unexpected tIDENTIFIER, expecting keyword_end
...a de tomate", "queso"], "cocine los espaguetties, agregue la...
...                         ^~~~~~
/home/paulo/Desktop/API-recipeApp/API-recipeApp/app/controllers/recipes_controller.rb:18: syntax error, unexpected tIDENTIFIER, expecting keyword_do or '{' or '('
...ne los espaguetties, agregue la salsa y luego el queso", ["m...
...                             ^~
/home/paulo/Desktop/API-recipeApp/API-recipeApp/app/controllers/recipes_controller.rb:18: syntax error, unexpected tIDENTIFIER, expecting keyword_end
...y luego el queso", ["macarrones.png"]], ["arepas", "desayuno...
...                     ^~~~~~~~~~
/home/paulo/Desktop/API-recipeApp/API-recipeApp/app/controllers/recipes_controller.rb:18: syntax error, unexpected tIDENTIFIER, expecting keyword_end
..., ["macarrones.png"]], ["arepas", "desayuno", ["leche", "pol...
...                         ^~~~~~
/home/paulo/Desktop/API-recipeApp/API-recipeApp/app/controllers/recipes_controller.rb:18: syntax error, unexpected tIDENTIFIER, expecting keyword_end
...es.png"]], ["arepas", "desayuno", ["leche", "polvito de arep...
...                       ^~~~~~~~
/home/paulo/Desktop/API-recipeApp/API-recipeApp/app/controllers/recipes_controller.rb:18: syntax error, unexpected tIDENTIFIER, expecting keyword_end
... ["arepas", "desayuno", ["leche", "polvito de arepa", "azuca...
...                          ^~~~~
/home/paulo/Desktop/API-recipeApp/API-recipeApp/app/controllers/recipes_controller.rb:18: syntax error, unexpected tIDENTIFIER, expecting keyword_end
... "desayuno", ["leche", "polvito de arepa", "azucar", "huevo"...
...                        ^~~~~~~
/home/paulo/Desktop/API-recipeApp/API-recipeApp/app/controllers/recipes_controller.rb:18: syntax error, unexpected tIDENTIFIER, expecting keyword_end
...e", "polvito de arepa", "azucar", "huevo"], "haga una masa c...
...                         ^~~~~~
/home/paulo/Desktop/API-recipeApp/API-recipeApp/app/controllers/recipes_controller.rb:18: syntax error, unexpected tIDENTIFIER, expecting keyword_end
...ito de arepa", "azucar", "huevo"], "haga una masa con el pol...
...                          ^~~~~
/home/paulo/Desktop/API-recipeApp/API-recipeApp/app/controllers/recipes_controller.rb:18: syntax error, unexpected tIDENTIFIER, expecting keyword_end
...epa", "azucar", "huevo"], "haga una masa con el polvo, la le...
...                           ^~~~
/home/paulo/Desktop/API-recipeApp/API-recipeApp/app/controllers/recipes_controller.rb:18: syntax error, unexpected tIDENTIFIER, expecting keyword_do or '{' or '('
...una masa con el polvo, la leche y el huevo, agrega azucar al...
...                          ^~~~~
/home/paulo/Desktop/API-recipeApp/API-recipeApp/app/controllers/recipes_controller.rb:18: syntax error, unexpected tIDENTIFIER, expecting keyword_do or '{' or '('
...leche y el huevo, agrega azucar al gusto y frie arepitas en ...
...                         ^~~~~~
/home/paulo/Desktop/API-recipeApp/API-recipeApp/app/controllers/recipes_controller.rb:18: syntax error, unexpected tIDENTIFIER, expecting keyword_end
...arepitas en el sarten", ["arepa.png"]]]}"
...                          ^~~~~):
  
app/controllers/recipes_controller.rb:18: syntax error, unexpected tIDENTIFIER, expecting keyword_end
app/controllers/recipes_controller.rb:18: syntax error, unexpected tIDENTIFIER, expecting keyword_end
app/controllers/recipes_controller.rb:18: syntax error, unexpected tIDENTIFIER, expecting keyword_end
app/controllers/recipes_controller.rb:18: syntax error, unexpected tIDENTIFIER, expecting keyword_end
app/controllers/recipes_controller.rb:18: syntax error, unexpected tIDENTIFIER, expecting keyword_end
app/controllers/recipes_controller.rb:18: syntax error, unexpected tIDENTIFIER, expecting keyword_end
app/controllers/recipes_controller.rb:18: syntax error, unexpected tIDENTIFIER, expecting keyword_end
app/controllers/recipes_controller.rb:18: syntax error, unexpected tIDENTIFIER, expecting keyword_end
app/controllers/recipes_controller.rb:18: syntax error, unexpected tIDENTIFIER, expecting keyword_end
app/controllers/recipes_controller.rb:18: syntax error, unexpected tIDENTIFIER, expecting keyword_end
app/controllers/recipes_controller.rb:18: syntax error, unexpected tIDENTIFIER, expecting keyword_end
app/controllers/recipes_controller.rb:18: syntax error, unexpected tIDENTIFIER, expecting keyword_end
app/controllers/recipes_controller.rb:18: syntax error, unexpected tIDENTIFIER, expecting keyword_end
app/controllers/recipes_controller.rb:18: syntax error, unexpected tIDENTIFIER, expecting keyword_end
app/controllers/recipes_controller.rb:18: syntax error, unexpected tIDENTIFIER, expecting keyword_end
app/controllers/recipes_controller.rb:18: syntax error, unexpected tIDENTIFIER, expecting keyword_end
app/controllers/recipes_controller.rb:18: syntax error, unexpected tIDENTIFIER, expecting keyword_end
app/controllers/recipes_controller.rb:18: syntax error, unexpected tIDENTIFIER, expecting keyword_end
app/controllers/recipes_controller.rb:18: syntax error, unexpected tIDENTIFIER, expecting keyword_end
app/controllers/recipes_controller.rb:18: syntax error, unexpected tIDENTIFIER, expecting keyword_end
app/controllers/recipes_controller.rb:18: syntax error, unexpected tIDENTIFIER, expecting keyword_end
app/controllers/recipes_controller.rb:18: syntax error, unexpected tIDENTIFIER, expecting keyword_end
app/controllers/recipes_controller.rb:18: syntax error, unexpected tIDENTIFIER, expecting keyword_end
app/controllers/recipes_controller.rb:18: syntax error, unexpected tIDENTIFIER, expecting keyword_end
app/controllers/recipes_controller.rb:18: syntax error, unexpected tIDENTIFIER, expecting keyword_end
app/controllers/recipes_controller.rb:18: syntax error, unexpected tIDENTIFIER, expecting keyword_end
app/controllers/recipes_controller.rb:18: syntax error, unexpected tIDENTIFIER, expecting keyword_end
app/controllers/recipes_controller.rb:18: syntax error, unexpected tIDENTIFIER, expecting keyword_end
app/controllers/recipes_controller.rb:18: syntax error, unexpected tIDENTIFIER, expecting keyword_end
app/controllers/recipes_controller.rb:18: syntax error, unexpected tIDENTIFIER, expecting keyword_end
app/controllers/recipes_controller.rb:18: syntax error, unexpected tIDENTIFIER, expecting keyword_end
app/controllers/recipes_controller.rb:18: syntax error, unexpected tIDENTIFIER, expecting keyword_end
app/controllers/recipes_controller.rb:18: syntax error, unexpected tIDENTIFIER, expecting keyword_do or '{' or '('
app/controllers/recipes_controller.rb:18: syntax error, unexpected tIDENTIFIER, expecting keyword_end
app/controllers/recipes_controller.rb:18: syntax error, unexpected tIDENTIFIER, expecting keyword_end
app/controllers/recipes_controller.rb:18: syntax error, unexpected tIDENTIFIER, expecting keyword_end
app/controllers/recipes_controller.rb:18: syntax error, unexpected tIDENTIFIER, expecting keyword_end
app/controllers/recipes_controller.rb:18: syntax error, unexpected tIDENTIFIER, expecting keyword_end
app/controllers/recipes_controller.rb:18: syntax error, unexpected tIDENTIFIER, expecting keyword_end
app/controllers/recipes_controller.rb:18: syntax error, unexpected tIDENTIFIER, expecting keyword_end
app/controllers/recipes_controller.rb:18: syntax error, unexpected tIDENTIFIER, expecting keyword_end
app/controllers/recipes_controller.rb:18: syntax error, unexpected tIDENTIFIER, expecting keyword_do or '{' or '('
app/controllers/recipes_controller.rb:18: syntax error, unexpected tIDENTIFIER, expecting keyword_do or '{' or '('
app/controllers/recipes_controller.rb:18: syntax error, unexpected tIDENTIFIER, expecting keyword_end
Started GET "/recipes" for ::1 at 2019-06-03 11:24:28 -0600
  
SyntaxError (/home/paulo/Desktop/API-recipeApp/API-recipeApp/app/controllers/recipes_controller.rb:18: syntax error, unexpected tIDENTIFIER, expecting keyword_end
      file = "{"recetas": [["puerco asado", "cena", ...
                ^~~~~~~
/home/paulo/Desktop/API-recipeApp/API-recipeApp/app/controllers/recipes_controller.rb:18: syntax error, unexpected tIDENTIFIER, expecting keyword_end
...  file = "{"recetas": [["puerco asado", "cena", ["puerco", "...
...                         ^~~~~~
/home/paulo/Desktop/API-recipeApp/API-recipeApp/app/controllers/recipes_controller.rb:18: syntax error, unexpected tIDENTIFIER, expecting keyword_end
...cetas": [["puerco asado", "cena", ["puerco", "sal", "pimient...
...                           ^~~~
/home/paulo/Desktop/API-recipeApp/API-recipeApp/app/controllers/recipes_controller.rb:18: syntax error, unexpected tIDENTIFIER, expecting keyword_end
...puerco asado", "cena", ["puerco", "sal", "pimienta"], "embar...
...                         ^~~~~~
/home/paulo/Desktop/API-recipeApp/API-recipeApp/app/controllers/recipes_controller.rb:18: syntax error, unexpected tIDENTIFIER, expecting keyword_end
...asado", "cena", ["puerco", "sal", "pimienta"], "embarre el p...
...                            ^~~
/home/paulo/Desktop/API-recipeApp/API-recipeApp/app/controllers/recipes_controller.rb:18: syntax error, unexpected tIDENTIFIER, expecting keyword_end
...a", ["puerco", "sal", "pimienta"], "embarre el puerco de sal...
...                       ^~~~~~~~
/home/paulo/Desktop/API-recipeApp/API-recipeApp/app/controllers/recipes_controller.rb:18: syntax error, unexpected tIDENTIFIER, expecting keyword_end
...", "sal", "pimienta"], "embarre el puerco de sal y pimienta ...
...                        ^~~~~~~
/home/paulo/Desktop/API-recipeApp/API-recipeApp/app/controllers/recipes_controller.rb:18: syntax error, unexpected tIDENTIFIER, expecting keyword_end
...alo al fuego", ["chanchoalhorno.png"]], ["arroz con huevo", ...
...                 ^~~~~~~~~~~~~~
/home/paulo/Desktop/API-recipeApp/API-recipeApp/app/controllers/recipes_controller.rb:18: syntax error, unexpected tIDENTIFIER, expecting keyword_end
..."chanchoalhorno.png"]], ["arroz con huevo", "almuerzo", ["ar...
...                          ^~~~~
/home/paulo/Desktop/API-recipeApp/API-recipeApp/app/controllers/recipes_controller.rb:18: syntax error, unexpected tIDENTIFIER, expecting keyword_end
..., ["arroz con huevo", "almuerzo", ["arroz", "huevo"], "ponga...
...                       ^~~~~~~~
/home/paulo/Desktop/API-recipeApp/API-recipeApp/app/controllers/recipes_controller.rb:18: syntax error, unexpected tIDENTIFIER, expecting keyword_end
...con huevo", "almuerzo", ["arroz", "huevo"], "ponga a hacer e...
...                          ^~~~~
/home/paulo/Desktop/API-recipeApp/API-recipeApp/app/controllers/recipes_controller.rb:18: syntax error, unexpected tIDENTIFIER, expecting keyword_end
...", "almuerzo", ["arroz", "huevo"], "ponga a hacer el huevo c...
...                          ^~~~~
/home/paulo/Desktop/API-recipeApp/API-recipeApp/app/controllers/recipes_controller.rb:18: syntax error, unexpected tIDENTIFIER, expecting keyword_end
...zo", ["arroz", "huevo"], "ponga a hacer el huevo como si fue...
...                          ^~~~~
/home/paulo/Desktop/API-recipeApp/API-recipeApp/app/controllers/recipes_controller.rb:18: syntax error, unexpected tIDENTIFIER, expecting keyword_end
...grega el arroz", ["arrozconuevo.png"]], ["sopa negra", "cena...
...                   ^~~~~~~~~~~~
/home/paulo/Desktop/API-recipeApp/API-recipeApp/app/controllers/recipes_controller.rb:18: syntax error, unexpected tIDENTIFIER, expecting keyword_end
..., ["arrozconuevo.png"]], ["sopa negra", "cena", ["frijoles",...
...                           ^~~~
/home/paulo/Desktop/API-recipeApp/API-recipeApp/app/controllers/recipes_controller.rb:18: syntax error, unexpected tIDENTIFIER, expecting keyword_end
...vo.png"]], ["sopa negra", "cena", ["frijoles", "huevo"], "ha...
...                           ^~~~
/home/paulo/Desktop/API-recipeApp/API-recipeApp/app/controllers/recipes_controller.rb:18: syntax error, unexpected tIDENTIFIER, expecting keyword_end
...sopa negra", "cena", ["frijoles", "huevo"], "haga frijoles y...
...                       ^~~~~~~~
/home/paulo/Desktop/API-recipeApp/API-recipeApp/app/controllers/recipes_controller.rb:18: syntax error, unexpected tIDENTIFIER, expecting keyword_end
...a", "cena", ["frijoles", "huevo"], "haga frijoles y agregue ...
...                          ^~~~~
/home/paulo/Desktop/API-recipeApp/API-recipeApp/app/controllers/recipes_controller.rb:18: syntax error, unexpected tIDENTIFIER, expecting keyword_end
...", ["frijoles", "huevo"], "haga frijoles y agregue el huevo ...
...                           ^~~~
/home/paulo/Desktop/API-recipeApp/API-recipeApp/app/controllers/recipes_controller.rb:18: syntax error, unexpected tIDENTIFIER, expecting keyword_end
...que se ponga duro", ["sopanegra.png"]], ["cereal", "desayuno...
...                      ^~~~~~~~~
/home/paulo/Desktop/API-recipeApp/API-recipeApp/app/controllers/recipes_controller.rb:18: syntax error, unexpected tIDENTIFIER, expecting keyword_end
...", ["sopanegra.png"]], ["cereal", "desayuno", ["cereal", "le...
...                         ^~~~~~
/home/paulo/Desktop/API-recipeApp/API-recipeApp/app/controllers/recipes_controller.rb:18: syntax error, unexpected tIDENTIFIER, expecting keyword_end
...ra.png"]], ["cereal", "desayuno", ["cereal", "leche"], "pong...
...                       ^~~~~~~~
/home/paulo/Desktop/API-recipeApp/API-recipeApp/app/controllers/recipes_controller.rb:18: syntax error, unexpected tIDENTIFIER, expecting keyword_end
...["cereal", "desayuno", ["cereal", "leche"], "ponga el cereal...
...                         ^~~~~~
/home/paulo/Desktop/API-recipeApp/API-recipeApp/app/controllers/recipes_controller.rb:18: syntax error, unexpected tIDENTIFIER, expecting keyword_end
..., "desayuno", ["cereal", "leche"], "ponga el cereal en un pl...
...                          ^~~~~
/home/paulo/Desktop/API-recipeApp/API-recipeApp/app/controllers/recipes_controller.rb:18: syntax error, unexpected tIDENTIFIER, expecting keyword_end
...o", ["cereal", "leche"], "ponga el cereal en un plato hondo ...
...                          ^~~~~
/home/paulo/Desktop/API-recipeApp/API-recipeApp/app/controllers/recipes_controller.rb:18: syntax error, unexpected tIDENTIFIER, expecting keyword_end
...o y agregue la leche", ["cereal.png"]], ["macarrones", "almu...
...                         ^~~~~~
/home/paulo/Desktop/API-recipeApp/API-recipeApp/app/controllers/recipes_controller.rb:18: syntax error, unexpected tIDENTIFIER, expecting keyword_end
..., ["cereal.png"]], ["macarrones", "almuerzo", ["espaguetti",...
...                     ^~~~~~~~~~
/home/paulo/Desktop/API-recipeApp/API-recipeApp/app/controllers/recipes_controller.rb:18: syntax error, unexpected tIDENTIFIER, expecting keyword_end
...ng"]], ["macarrones", "almuerzo", ["espaguetti", "salsa de t...
...                       ^~~~~~~~
/home/paulo/Desktop/API-recipeApp/API-recipeApp/app/controllers/recipes_controller.rb:18: syntax error, unexpected tIDENTIFIER, expecting keyword_end
...ones", "almuerzo", ["espaguetti", "salsa de tomate", "queso"...
...                     ^~~~~~~~~~
/home/paulo/Desktop/API-recipeApp/API-recipeApp/app/controllers/recipes_controller.rb:18: syntax error, unexpected tIDENTIFIER, expecting keyword_end
...lmuerzo", ["espaguetti", "salsa de tomate", "queso"], "cocin...
...                          ^~~~~
/home/paulo/Desktop/API-recipeApp/API-recipeApp/app/controllers/recipes_controller.rb:18: syntax error, unexpected tIDENTIFIER, expecting keyword_end
...tti", "salsa de tomate", "queso"], "cocine los espaguetties,...
...                          ^~~~~
/home/paulo/Desktop/API-recipeApp/API-recipeApp/app/controllers/recipes_controller.rb:18: syntax error, unexpected tIDENTIFIER, expecting keyword_end
...a de tomate", "queso"], "cocine los espaguetties, agregue la...
...                         ^~~~~~
/home/paulo/Desktop/API-recipeApp/API-recipeApp/app/controllers/recipes_controller.rb:18: syntax error, unexpected tIDENTIFIER, expecting keyword_do or '{' or '('
...ne los espaguetties, agregue la salsa y luego el queso", ["m...
...                             ^~
/home/paulo/Desktop/API-recipeApp/API-recipeApp/app/controllers/recipes_controller.rb:18: syntax error, unexpected tIDENTIFIER, expecting keyword_end
...y luego el queso", ["macarrones.png"]], ["arepas", "desayuno...
...                     ^~~~~~~~~~
/home/paulo/Desktop/API-recipeApp/API-recipeApp/app/controllers/recipes_controller.rb:18: syntax error, unexpected tIDENTIFIER, expecting keyword_end
..., ["macarrones.png"]], ["arepas", "desayuno", ["leche", "pol...
...                         ^~~~~~
/home/paulo/Desktop/API-recipeApp/API-recipeApp/app/controllers/recipes_controller.rb:18: syntax error, unexpected tIDENTIFIER, expecting keyword_end
...es.png"]], ["arepas", "desayuno", ["leche", "polvito de arep...
...                       ^~~~~~~~
/home/paulo/Desktop/API-recipeApp/API-recipeApp/app/controllers/recipes_controller.rb:18: syntax error, unexpected tIDENTIFIER, expecting keyword_end
... ["arepas", "desayuno", ["leche", "polvito de arepa", "azuca...
...                          ^~~~~
/home/paulo/Desktop/API-recipeApp/API-recipeApp/app/controllers/recipes_controller.rb:18: syntax error, unexpected tIDENTIFIER, expecting keyword_end
... "desayuno", ["leche", "polvito de arepa", "azucar", "huevo"...
...                        ^~~~~~~
/home/paulo/Desktop/API-recipeApp/API-recipeApp/app/controllers/recipes_controller.rb:18: syntax error, unexpected tIDENTIFIER, expecting keyword_end
...e", "polvito de arepa", "azucar", "huevo"], "haga una masa c...
...                         ^~~~~~
/home/paulo/Desktop/API-recipeApp/API-recipeApp/app/controllers/recipes_controller.rb:18: syntax error, unexpected tIDENTIFIER, expecting keyword_end
...ito de arepa", "azucar", "huevo"], "haga una masa con el pol...
...                          ^~~~~
/home/paulo/Desktop/API-recipeApp/API-recipeApp/app/controllers/recipes_controller.rb:18: syntax error, unexpected tIDENTIFIER, expecting keyword_end
...epa", "azucar", "huevo"], "haga una masa con el polvo, la le...
...                           ^~~~
/home/paulo/Desktop/API-recipeApp/API-recipeApp/app/controllers/recipes_controller.rb:18: syntax error, unexpected tIDENTIFIER, expecting keyword_do or '{' or '('
...una masa con el polvo, la leche y el huevo, agrega azucar al...
...                          ^~~~~
/home/paulo/Desktop/API-recipeApp/API-recipeApp/app/controllers/recipes_controller.rb:18: syntax error, unexpected tIDENTIFIER, expecting keyword_do or '{' or '('
...leche y el huevo, agrega azucar al gusto y frie arepitas en ...
...                         ^~~~~~
/home/paulo/Desktop/API-recipeApp/API-recipeApp/app/controllers/recipes_controller.rb:18: syntax error, unexpected tIDENTIFIER, expecting keyword_end
...arepitas en el sarten", ["arepa.png"]]]}"
...                          ^~~~~
/home/paulo/Desktop/API-recipeApp/API-recipeApp/app/controllers/recipes_controller.rb:82: syntax error, unexpected keyword_end, expecting end-of-input):
  
app/controllers/recipes_controller.rb:18: syntax error, unexpected tIDENTIFIER, expecting keyword_end
app/controllers/recipes_controller.rb:18: syntax error, unexpected tIDENTIFIER, expecting keyword_end
app/controllers/recipes_controller.rb:18: syntax error, unexpected tIDENTIFIER, expecting keyword_end
app/controllers/recipes_controller.rb:18: syntax error, unexpected tIDENTIFIER, expecting keyword_end
app/controllers/recipes_controller.rb:18: syntax error, unexpected tIDENTIFIER, expecting keyword_end
app/controllers/recipes_controller.rb:18: syntax error, unexpected tIDENTIFIER, expecting keyword_end
app/controllers/recipes_controller.rb:18: syntax error, unexpected tIDENTIFIER, expecting keyword_end
app/controllers/recipes_controller.rb:18: syntax error, unexpected tIDENTIFIER, expecting keyword_end
app/controllers/recipes_controller.rb:18: syntax error, unexpected tIDENTIFIER, expecting keyword_end
app/controllers/recipes_controller.rb:18: syntax error, unexpected tIDENTIFIER, expecting keyword_end
app/controllers/recipes_controller.rb:18: syntax error, unexpected tIDENTIFIER, expecting keyword_end
app/controllers/recipes_controller.rb:18: syntax error, unexpected tIDENTIFIER, expecting keyword_end
app/controllers/recipes_controller.rb:18: syntax error, unexpected tIDENTIFIER, expecting keyword_end
app/controllers/recipes_controller.rb:18: syntax error, unexpected tIDENTIFIER, expecting keyword_end
app/controllers/recipes_controller.rb:18: syntax error, unexpected tIDENTIFIER, expecting keyword_end
app/controllers/recipes_controller.rb:18: syntax error, unexpected tIDENTIFIER, expecting keyword_end
app/controllers/recipes_controller.rb:18: syntax error, unexpected tIDENTIFIER, expecting keyword_end
app/controllers/recipes_controller.rb:18: syntax error, unexpected tIDENTIFIER, expecting keyword_end
app/controllers/recipes_controller.rb:18: syntax error, unexpected tIDENTIFIER, expecting keyword_end
app/controllers/recipes_controller.rb:18: syntax error, unexpected tIDENTIFIER, expecting keyword_end
app/controllers/recipes_controller.rb:18: syntax error, unexpected tIDENTIFIER, expecting keyword_end
app/controllers/recipes_controller.rb:18: syntax error, unexpected tIDENTIFIER, expecting keyword_end
app/controllers/recipes_controller.rb:18: syntax error, unexpected tIDENTIFIER, expecting keyword_end
app/controllers/recipes_controller.rb:18: syntax error, unexpected tIDENTIFIER, expecting keyword_end
app/controllers/recipes_controller.rb:18: syntax error, unexpected tIDENTIFIER, expecting keyword_end
app/controllers/recipes_controller.rb:18: syntax error, unexpected tIDENTIFIER, expecting keyword_end
app/controllers/recipes_controller.rb:18: syntax error, unexpected tIDENTIFIER, expecting keyword_end
app/controllers/recipes_controller.rb:18: syntax error, unexpected tIDENTIFIER, expecting keyword_end
app/controllers/recipes_controller.rb:18: syntax error, unexpected tIDENTIFIER, expecting keyword_end
app/controllers/recipes_controller.rb:18: syntax error, unexpected tIDENTIFIER, expecting keyword_end
app/controllers/recipes_controller.rb:18: syntax error, unexpected tIDENTIFIER, expecting keyword_end
app/controllers/recipes_controller.rb:18: syntax error, unexpected tIDENTIFIER, expecting keyword_end
app/controllers/recipes_controller.rb:18: syntax error, unexpected tIDENTIFIER, expecting keyword_do or '{' or '('
app/controllers/recipes_controller.rb:18: syntax error, unexpected tIDENTIFIER, expecting keyword_end
app/controllers/recipes_controller.rb:18: syntax error, unexpected tIDENTIFIER, expecting keyword_end
app/controllers/recipes_controller.rb:18: syntax error, unexpected tIDENTIFIER, expecting keyword_end
app/controllers/recipes_controller.rb:18: syntax error, unexpected tIDENTIFIER, expecting keyword_end
app/controllers/recipes_controller.rb:18: syntax error, unexpected tIDENTIFIER, expecting keyword_end
app/controllers/recipes_controller.rb:18: syntax error, unexpected tIDENTIFIER, expecting keyword_end
app/controllers/recipes_controller.rb:18: syntax error, unexpected tIDENTIFIER, expecting keyword_end
app/controllers/recipes_controller.rb:18: syntax error, unexpected tIDENTIFIER, expecting keyword_end
app/controllers/recipes_controller.rb:18: syntax error, unexpected tIDENTIFIER, expecting keyword_do or '{' or '('
app/controllers/recipes_controller.rb:18: syntax error, unexpected tIDENTIFIER, expecting keyword_do or '{' or '('
app/controllers/recipes_controller.rb:18: syntax error, unexpected tIDENTIFIER, expecting keyword_end
app/controllers/recipes_controller.rb:82: syntax error, unexpected keyword_end, expecting end-of-input
Started GET "/recipes" for ::1 at 2019-06-03 11:25:51 -0600
  
SyntaxError (/home/paulo/Desktop/API-recipeApp/API-recipeApp/app/controllers/recipes_controller.rb:18: syntax error, unexpected tIDENTIFIER, expecting keyword_end
      file = "{"recetas": [["puerco asado", "cena", ...
                ^~~~~~~
/home/paulo/Desktop/API-recipeApp/API-recipeApp/app/controllers/recipes_controller.rb:18: syntax error, unexpected tIDENTIFIER, expecting keyword_end
...  file = "{"recetas": [["puerco asado", "cena", ["puerco", "...
...                         ^~~~~~
/home/paulo/Desktop/API-recipeApp/API-recipeApp/app/controllers/recipes_controller.rb:18: syntax error, unexpected tIDENTIFIER, expecting keyword_end
...cetas": [["puerco asado", "cena", ["puerco", "sal", "pimient...
...                           ^~~~
/home/paulo/Desktop/API-recipeApp/API-recipeApp/app/controllers/recipes_controller.rb:18: syntax error, unexpected tIDENTIFIER, expecting keyword_end
...puerco asado", "cena", ["puerco", "sal", "pimienta"], "embar...
...                         ^~~~~~
/home/paulo/Desktop/API-recipeApp/API-recipeApp/app/controllers/recipes_controller.rb:18: syntax error, unexpected tIDENTIFIER, expecting keyword_end
...asado", "cena", ["puerco", "sal", "pimienta"], "embarre el p...
...                            ^~~
/home/paulo/Desktop/API-recipeApp/API-recipeApp/app/controllers/recipes_controller.rb:18: syntax error, unexpected tIDENTIFIER, expecting keyword_end
...a", ["puerco", "sal", "pimienta"], "embarre el puerco de sal...
...                       ^~~~~~~~
/home/paulo/Desktop/API-recipeApp/API-recipeApp/app/controllers/recipes_controller.rb:18: syntax error, unexpected tIDENTIFIER, expecting keyword_end
...", "sal", "pimienta"], "embarre el puerco de sal y pimienta ...
...                        ^~~~~~~
/home/paulo/Desktop/API-recipeApp/API-recipeApp/app/controllers/recipes_controller.rb:18: syntax error, unexpected tIDENTIFIER, expecting keyword_end
...alo al fuego", ["chanchoalhorno.png"]]}"
...                 ^~~~~~~~~~~~~~
/home/paulo/Desktop/API-recipeApp/API-recipeApp/app/controllers/recipes_controller.rb:82: syntax error, unexpected keyword_end, expecting end-of-input):
  
app/controllers/recipes_controller.rb:18: syntax error, unexpected tIDENTIFIER, expecting keyword_end
app/controllers/recipes_controller.rb:18: syntax error, unexpected tIDENTIFIER, expecting keyword_end
app/controllers/recipes_controller.rb:18: syntax error, unexpected tIDENTIFIER, expecting keyword_end
app/controllers/recipes_controller.rb:18: syntax error, unexpected tIDENTIFIER, expecting keyword_end
app/controllers/recipes_controller.rb:18: syntax error, unexpected tIDENTIFIER, expecting keyword_end
app/controllers/recipes_controller.rb:18: syntax error, unexpected tIDENTIFIER, expecting keyword_end
app/controllers/recipes_controller.rb:18: syntax error, unexpected tIDENTIFIER, expecting keyword_end
app/controllers/recipes_controller.rb:18: syntax error, unexpected tIDENTIFIER, expecting keyword_end
app/controllers/recipes_controller.rb:82: syntax error, unexpected keyword_end, expecting end-of-input
Started GET "/recipes" for ::1 at 2019-06-03 11:27:37 -0600
  
SyntaxError (/home/paulo/Desktop/API-recipeApp/API-recipeApp/app/controllers/recipes_controller.rb:18: syntax error, unexpected tIDENTIFIER, expecting keyword_end
      file = "{"recetas": [["puerco asado", "cena", ...
                ^~~~~~~
/home/paulo/Desktop/API-recipeApp/API-recipeApp/app/controllers/recipes_controller.rb:18: syntax error, unexpected tIDENTIFIER, expecting keyword_end
...  file = "{"recetas": [["puerco asado", "cena", ["puerco", "...
...                         ^~~~~~
/home/paulo/Desktop/API-recipeApp/API-recipeApp/app/controllers/recipes_controller.rb:18: syntax error, unexpected tIDENTIFIER, expecting keyword_end
...cetas": [["puerco asado", "cena", ["puerco", "sal", "pimient...
...                           ^~~~
/home/paulo/Desktop/API-recipeApp/API-recipeApp/app/controllers/recipes_controller.rb:18: syntax error, unexpected tIDENTIFIER, expecting keyword_end
...puerco asado", "cena", ["puerco", "sal", "pimienta"], "embar...
...                         ^~~~~~
/home/paulo/Desktop/API-recipeApp/API-recipeApp/app/controllers/recipes_controller.rb:18: syntax error, unexpected tIDENTIFIER, expecting keyword_end
...asado", "cena", ["puerco", "sal", "pimienta"], "embarre el p...
...                            ^~~
/home/paulo/Desktop/API-recipeApp/API-recipeApp/app/controllers/recipes_controller.rb:18: syntax error, unexpected tIDENTIFIER, expecting keyword_end
...a", ["puerco", "sal", "pimienta"], "embarre el puerco de sal...
...                       ^~~~~~~~
/home/paulo/Desktop/API-recipeApp/API-recipeApp/app/controllers/recipes_controller.rb:18: syntax error, unexpected tIDENTIFIER, expecting keyword_end
...", "sal", "pimienta"], "embarre el puerco de sal y pimienta ...
...                        ^~~~~~~
/home/paulo/Desktop/API-recipeApp/API-recipeApp/app/controllers/recipes_controller.rb:18: syntax error, unexpected tIDENTIFIER, expecting keyword_end
...alo al fuego", ["chanchoalhorno.png"]]}"
...                 ^~~~~~~~~~~~~~
/home/paulo/Desktop/API-recipeApp/API-recipeApp/app/controllers/recipes_controller.rb:82: syntax error, unexpected keyword_end, expecting end-of-input):
  
app/controllers/recipes_controller.rb:18: syntax error, unexpected tIDENTIFIER, expecting keyword_end
app/controllers/recipes_controller.rb:18: syntax error, unexpected tIDENTIFIER, expecting keyword_end
app/controllers/recipes_controller.rb:18: syntax error, unexpected tIDENTIFIER, expecting keyword_end
app/controllers/recipes_controller.rb:18: syntax error, unexpected tIDENTIFIER, expecting keyword_end
app/controllers/recipes_controller.rb:18: syntax error, unexpected tIDENTIFIER, expecting keyword_end
app/controllers/recipes_controller.rb:18: syntax error, unexpected tIDENTIFIER, expecting keyword_end
app/controllers/recipes_controller.rb:18: syntax error, unexpected tIDENTIFIER, expecting keyword_end
app/controllers/recipes_controller.rb:18: syntax error, unexpected tIDENTIFIER, expecting keyword_end
app/controllers/recipes_controller.rb:82: syntax error, unexpected keyword_end, expecting end-of-input
Started GET "/recipes" for ::1 at 2019-06-03 11:32:20 -0600
Processing by RecipesController#index as */*
  [1m[36mUser Load (0.1ms)[0m  [1m[34mSELECT  "users".* FROM "users" WHERE "users"."id" = ? LIMIT ?[0m  [["id", 1], ["LIMIT", 1]]
  â†³ app/controllers/application_controller.rb:12
Completed 500 Internal Server Error in 726ms (ActiveRecord: 5.7ms)


  
Errno::ENOENT (No such file or directory @ rb_sysopen - BC.txt):
  
app/controllers/recipes_controller.rb:18:in `read'
app/controllers/recipes_controller.rb:18:in `block in index'
app/controllers/recipes_controller.rb:16:in `index'
Started GET "/recipes" for ::1 at 2019-06-03 11:33:43 -0600
Processing by RecipesController#index as */*
  [1m[36mUser Load (0.2ms)[0m  [1m[34mSELECT  "users".* FROM "users" WHERE "users"."id" = ? LIMIT ?[0m  [["id", 1], ["LIMIT", 1]]
  â†³ app/controllers/application_controller.rb:12
Completed 500 Internal Server Error in 2585ms (ActiveRecord: 1.8ms)


  
Errno::ENOENT (No such file or directory @ rb_sysopen - /app/controllers/BC.txt):
  
app/controllers/recipes_controller.rb:18:in `read'
app/controllers/recipes_controller.rb:18:in `block in index'
app/controllers/recipes_controller.rb:16:in `index'
Started GET "/recipes" for ::1 at 2019-06-03 11:36:38 -0600
Processing by RecipesController#index as */*
  [1m[36mUser Load (0.1ms)[0m  [1m[34mSELECT  "users".* FROM "users" WHERE "users"."id" = ? LIMIT ?[0m  [["id", 1], ["LIMIT", 1]]
  â†³ app/controllers/application_controller.rb:12
Completed 200 OK in 780ms (Views: 0.8ms | ActiveRecord: 0.9ms)


Started GET "/recipes" for ::1 at 2019-06-03 11:37:47 -0600
Processing by RecipesController#index as */*
  [1m[36mUser Load (0.1ms)[0m  [1m[34mSELECT  "users".* FROM "users" WHERE "users"."id" = ? LIMIT ?[0m  [["id", 1], ["LIMIT", 1]]
  â†³ app/controllers/application_controller.rb:12
Completed 200 OK in 706ms (Views: 0.7ms | ActiveRecord: 0.1ms)


Started GET "/recipes" for ::1 at 2019-06-03 11:48:42 -0600
Processing by RecipesController#index as */*
  [1m[36mUser Load (0.5ms)[0m  [1m[34mSELECT  "users".* FROM "users" WHERE "users"."id" = ? LIMIT ?[0m  [["id", 1], ["LIMIT", 1]]
  â†³ app/controllers/application_controller.rb:12
Completed 500 Internal Server Error in 1381ms (ActiveRecord: 7.3ms)


  
JSON::ParserError (765: unexpected token at 'puerco
sal
pimienta
arroz
huevo
frijoles
huevo
cereal
leche
espaguetti
salsa de tomate
queso
leche
polvito de arepa
azucar
huevo
[["puerco asado", "cena", ["puerco", "sal", "pimienta"], "embarre el puerco de sal y pimienta y pongalo al fuego", ["chanchoalhorno.png"]], ["arroz con huevo", "almuerzo", ["arroz", "huevo"], "ponga a hacer el huevo como si fuese a ser pateado y agrega el arroz", ["arrozconuevo.png"]], ["sopa negra", "cena", ["frijoles", "huevo"], "haga frijoles y agregue el huevo sin pelar para que se ponga duro", ["sopanegra.png"]], ["cereal", "desayuno", ["cereal", "leche"], "ponga el cereal en un plato hondo y agregue la leche", ["cereal.png"]], ["macarrones", "almuerzo", ["espaguetti", "salsa de tomate", "queso"], "cocine los espaguetties, agregue la salsa y luego el queso", ["macarrones.png"]], ["arepas", "desayuno", ["leche", "polvito de arepa", "azucar", "huevo"], "haga una masa con el polvo, la leche y el huevo, agrega azucar al gusto y frie arepitas en el sarten", ["arepa.png"]]]
[['puerco asado', 'cena', ['puerco', 'sal', 'pimienta'], 'embarre el puerco de sal y pimienta y pongalo al fuego', ['chanchoalhorno.png']], ['arroz con huevo', 'almuerzo', ['arroz', 'huevo'], 'ponga a hacer el huevo como si fuese a ser pateado y agrega el arroz', ['arrozconuevo.png']], ['sopa negra', 'cena', ['frijoles', 'huevo'], 'haga frijoles y agregue el huevo sin pelar para que se ponga duro', ['sopanegra.png']], ['cereal', 'desayuno', ['cereal', 'leche'], 'ponga el cereal en un plato hondo y agregue la leche', ['cereal.png']], ['macarrones', 'almuerzo', ['espaguetti', 'salsa de tomate', 'queso'], 'cocine los espaguetties, agregue la salsa y luego el queso', ['macarrones.png']], ['arepas', 'desayuno', ['leche', 'polvito de arepa', 'azucar', 'huevo'], 'haga una masa con el polvo, la leche y el huevo, agrega azucar al gusto y frie arepitas en el sarten', ['arepa.png']]]
'):
  
app/controllers/recipes_controller.rb:17:in `block in index'
app/controllers/recipes_controller.rb:16:in `index'
Started GET "/recipes" for ::1 at 2019-06-03 11:50:54 -0600
Processing by RecipesController#index as */*
  [1m[36mUser Load (0.1ms)[0m  [1m[34mSELECT  "users".* FROM "users" WHERE "users"."id" = ? LIMIT ?[0m  [["id", 1], ["LIMIT", 1]]
  â†³ app/controllers/application_controller.rb:12
Completed 500 Internal Server Error in 1778ms (ActiveRecord: 0.1ms)


  
TypeError (no implicit conversion of Array into String):
  
app/controllers/recipes_controller.rb:19:in `block in index'
app/controllers/recipes_controller.rb:16:in `index'
Started GET "/recipes" for ::1 at 2019-06-03 11:51:56 -0600
Processing by RecipesController#index as */*
  [1m[36mUser Load (0.2ms)[0m  [1m[34mSELECT  "users".* FROM "users" WHERE "users"."id" = ? LIMIT ?[0m  [["id", 1], ["LIMIT", 1]]
  â†³ app/controllers/application_controller.rb:12
Completed 500 Internal Server Error in 1686ms (ActiveRecord: 1.0ms)


  
NameError (undefined local variable or method `recipes' for #<RecipesController:0x0000563edfb4dc90>
Did you mean?  @recipes):
  
app/controllers/recipes_controller.rb:19:in `block in index'
app/controllers/recipes_controller.rb:16:in `index'
Started GET "/recipes" for ::1 at 2019-06-03 11:52:12 -0600
Processing by RecipesController#index as */*
  [1m[36mUser Load (2.5ms)[0m  [1m[34mSELECT  "users".* FROM "users" WHERE "users"."id" = ? LIMIT ?[0m  [["id", 1], ["LIMIT", 1]]
  â†³ app/controllers/application_controller.rb:12
Completed 500 Internal Server Error in 1181ms (ActiveRecord: 6.0ms)


  
TypeError (no implicit conversion of Array into String):
  
app/controllers/recipes_controller.rb:20:in `block in index'
app/controllers/recipes_controller.rb:16:in `index'
Started GET "/recipes" for ::1 at 2019-06-03 11:53:23 -0600
Processing by RecipesController#index as */*
  [1m[36mUser Load (0.2ms)[0m  [1m[34mSELECT  "users".* FROM "users" WHERE "users"."id" = ? LIMIT ?[0m  [["id", 1], ["LIMIT", 1]]
  â†³ app/controllers/application_controller.rb:12
Completed 200 OK in 1211ms (Views: 0.6ms | ActiveRecord: 3.5ms)


Started GET "/recipes" for ::1 at 2019-06-03 11:54:04 -0600
Processing by RecipesController#index as */*
  [1m[36mUser Load (0.1ms)[0m  [1m[34mSELECT  "users".* FROM "users" WHERE "users"."id" = ? LIMIT ?[0m  [["id", 1], ["LIMIT", 1]]
  â†³ app/controllers/application_controller.rb:12
Completed 200 OK in 1388ms (Views: 0.6ms | ActiveRecord: 2.2ms)


Started GET "/recipes" for ::1 at 2019-06-03 11:54:31 -0600
Processing by RecipesController#index as */*
  [1m[36mUser Load (0.2ms)[0m  [1m[34mSELECT  "users".* FROM "users" WHERE "users"."id" = ? LIMIT ?[0m  [["id", 1], ["LIMIT", 1]]
  â†³ app/controllers/application_controller.rb:12
Completed 200 OK in 1089ms (Views: 0.6ms | ActiveRecord: 1.0ms)


Started GET "/recipes" for ::1 at 2019-06-03 11:57:45 -0600
Processing by RecipesController#index as */*
  [1m[36mUser Load (0.2ms)[0m  [1m[34mSELECT  "users".* FROM "users" WHERE "users"."id" = ? LIMIT ?[0m  [["id", 1], ["LIMIT", 1]]
  â†³ app/controllers/application_controller.rb:12
Completed 200 OK in 1161ms (Views: 0.7ms | ActiveRecord: 0.2ms)


Started POST "/auth/login?email=paulozuniga17@gmail.com&password=[FILTERED]" for ::1 at 2019-06-03 12:01:18 -0600
Processing by AuthenticationController#login as */*
  Parameters: {"email"=>"paulozuniga17@gmail.com", "password"=>"[FILTERED]"}
  [1m[36mUser Load (1.0ms)[0m  [1m[34mSELECT  "users".* FROM "users" WHERE "users"."email" = ? LIMIT ?[0m  [["email", "paulozuniga17@gmail.com"], ["LIMIT", 1]]
  â†³ app/controllers/authentication_controller.rb:6
Completed 200 OK in 165ms (Views: 0.2ms | ActiveRecord: 2.0ms)


Started GET "/recipes" for ::1 at 2019-06-03 12:01:32 -0600
Processing by RecipesController#index as */*
  [1m[36mUser Load (8.6ms)[0m  [1m[34mSELECT  "users".* FROM "users" WHERE "users"."id" = ? LIMIT ?[0m  [["id", 1], ["LIMIT", 1]]
  â†³ app/controllers/application_controller.rb:12
Completed 200 OK in 1121ms (Views: 9.3ms | ActiveRecord: 8.6ms)


Started POST "/auth/login?email=paulozuniga17@gmail.com&password=[FILTERED]" for ::1 at 2019-06-04 17:32:44 -0600
  [1m[35m (0.2ms)[0m  [1m[34mSELECT "schema_migrations"."version" FROM "schema_migrations" ORDER BY "schema_migrations"."version" ASC[0m
  â†³ /home/paulo/.rvm/gems/ruby-2.5.1/gems/activerecord-5.2.3/lib/active_record/log_subscriber.rb:98
Processing by AuthenticationController#login as */*
  Parameters: {"email"=>"paulozuniga17@gmail.com", "password"=>"[FILTERED]"}
  [1m[36mUser Load (4.9ms)[0m  [1m[34mSELECT  "users".* FROM "users" WHERE "users"."email" = ? LIMIT ?[0m  [["email", "paulozuniga17@gmail.com"], ["LIMIT", 1]]
  â†³ app/controllers/authentication_controller.rb:6
Completed 200 OK in 173ms (Views: 0.3ms | ActiveRecord: 5.7ms)


Started GET "/recipes" for ::1 at 2019-06-04 17:33:00 -0600
  
SyntaxError (/home/paulo/Desktop/API-recipeApp/API-recipeApp/app/controllers/recipes_controller.rb:55: syntax error, unexpected ')', expecting keyword_end
..._env/bin/activate;"+@cmd.to_s))
...                              ^
/home/paulo/Desktop/API-recipeApp/API-recipeApp/app/controllers/recipes_controller.rb:102: syntax error, unexpected keyword_end, expecting end-of-input):
  
app/controllers/recipes_controller.rb:55: syntax error, unexpected ')', expecting keyword_end
app/controllers/recipes_controller.rb:102: syntax error, unexpected keyword_end, expecting end-of-input
Started GET "/recipes" for ::1 at 2019-06-04 17:34:44 -0600
  
SyntaxError (/home/paulo/Desktop/API-recipeApp/API-recipeApp/app/controllers/recipes_controller.rb:55: syntax error, unexpected ')', expecting keyword_end
..._env/bin/activate;"+@cmd.to_s))
...                              ^
/home/paulo/Desktop/API-recipeApp/API-recipeApp/app/controllers/recipes_controller.rb:102: syntax error, unexpected keyword_end, expecting end-of-input):
  
app/controllers/recipes_controller.rb:55: syntax error, unexpected ')', expecting keyword_end
app/controllers/recipes_controller.rb:102: syntax error, unexpected keyword_end, expecting end-of-input
Started GET "/recipes" for ::1 at 2019-06-04 17:34:54 -0600
  
SyntaxError (/home/paulo/Desktop/API-recipeApp/API-recipeApp/app/controllers/recipes_controller.rb:55: syntax error, unexpected ')', expecting keyword_end
..._env/bin/activate;"+@cmd.to_s))
...                              ^
/home/paulo/Desktop/API-recipeApp/API-recipeApp/app/controllers/recipes_controller.rb:102: syntax error, unexpected keyword_end, expecting end-of-input):
  
app/controllers/recipes_controller.rb:55: syntax error, unexpected ')', expecting keyword_end
app/controllers/recipes_controller.rb:102: syntax error, unexpected keyword_end, expecting end-of-input
Started GET "/recipes" for ::1 at 2019-06-04 17:37:17 -0600
Processing by RecipesController#index as */*
  [1m[36mUser Load (0.1ms)[0m  [1m[34mSELECT  "users".* FROM "users" WHERE "users"."id" = ? LIMIT ?[0m  [["id", 1], ["LIMIT", 1]]
  â†³ app/controllers/application_controller.rb:12
Completed 200 OK in 1375ms (Views: 0.8ms | ActiveRecord: 5.0ms)


Started POST "/newRecipe?Authorization=eyJhbGciOiJIUzI1NiJ9.eyJ1c2VyX2lkIjoxLCJleHAiOjE1NTk3Nzc1NjV9.VJenQbMGuqZyrVT9SDNraZZbPW8hTHhxp0Tm0Ih-Um8" for ::1 at 2019-06-04 17:51:07 -0600
  
SyntaxError (/home/paulo/Desktop/API-recipeApp/API-recipeApp/config/routes.rb:8: syntax error, unexpected tIDENTIFIER, expecting keyword_end
  post '/new-recipe' to: 'recipes#create'
                     ^~):
  
config/routes.rb:8: syntax error, unexpected tIDENTIFIER, expecting keyword_end
Started POST "/auth/login?email=paulozuniga17@gmail.com&password=[FILTERED]" for ::1 at 2019-06-04 17:55:40 -0600
  [1m[35m (0.2ms)[0m  [1m[34mSELECT "schema_migrations"."version" FROM "schema_migrations" ORDER BY "schema_migrations"."version" ASC[0m
  â†³ /home/paulo/.rvm/gems/ruby-2.5.1/gems/activerecord-5.2.3/lib/active_record/log_subscriber.rb:98
Processing by AuthenticationController#login as */*
  Parameters: {"email"=>"paulozuniga17@gmail.com", "password"=>"[FILTERED]"}
  [1m[36mUser Load (0.2ms)[0m  [1m[34mSELECT  "users".* FROM "users" WHERE "users"."email" = ? LIMIT ?[0m  [["email", "paulozuniga17@gmail.com"], ["LIMIT", 1]]
  â†³ app/controllers/authentication_controller.rb:6
Completed 200 OK in 87ms (Views: 0.2ms | ActiveRecord: 0.9ms)


Started POST "/newRecipe" for ::1 at 2019-06-04 17:56:15 -0600
  
ActionController::RoutingError (No route matches [POST] "/newRecipe"):
  
actionpack (5.2.3) lib/action_dispatch/middleware/debug_exceptions.rb:65:in `call'
actionpack (5.2.3) lib/action_dispatch/middleware/show_exceptions.rb:33:in `call'
railties (5.2.3) lib/rails/rack/logger.rb:38:in `call_app'
railties (5.2.3) lib/rails/rack/logger.rb:26:in `block in call'
activesupport (5.2.3) lib/active_support/tagged_logging.rb:71:in `block in tagged'
activesupport (5.2.3) lib/active_support/tagged_logging.rb:28:in `tagged'
activesupport (5.2.3) lib/active_support/tagged_logging.rb:71:in `tagged'
railties (5.2.3) lib/rails/rack/logger.rb:26:in `call'
actionpack (5.2.3) lib/action_dispatch/middleware/remote_ip.rb:81:in `call'
actionpack (5.2.3) lib/action_dispatch/middleware/request_id.rb:27:in `call'
rack (2.0.7) lib/rack/runtime.rb:22:in `call'
activesupport (5.2.3) lib/active_support/cache/strategy/local_cache_middleware.rb:29:in `call'
actionpack (5.2.3) lib/action_dispatch/middleware/executor.rb:14:in `call'
actionpack (5.2.3) lib/action_dispatch/middleware/static.rb:127:in `call'
rack (2.0.7) lib/rack/sendfile.rb:111:in `call'
railties (5.2.3) lib/rails/engine.rb:524:in `call'
puma (3.12.1) lib/puma/configuration.rb:227:in `call'
puma (3.12.1) lib/puma/server.rb:660:in `handle_request'
puma (3.12.1) lib/puma/server.rb:474:in `process_client'
puma (3.12.1) lib/puma/server.rb:334:in `block in run'
puma (3.12.1) lib/puma/thread_pool.rb:135:in `block in spawn_thread'
Started POST "/new-recipe" for ::1 at 2019-06-04 17:56:48 -0600
Processing by RecipesController#create as */*
  [1m[36mUser Load (0.2ms)[0m  [1m[34mSELECT  "users".* FROM "users" WHERE "users"."id" = ? LIMIT ?[0m  [["id", 1], ["LIMIT", 1]]
  â†³ app/controllers/application_controller.rb:12
Completed 500 Internal Server Error in 6ms (ActiveRecord: 0.2ms)


  
NoMethodError (undefined method `errors' for nil:NilClass):
  
app/controllers/recipes_controller.rb:60:in `create'
Started POST "/new-recipe" for ::1 at 2019-06-04 17:58:07 -0600
Processing by RecipesController#create as */*
  [1m[36mUser Load (0.2ms)[0m  [1m[34mSELECT  "users".* FROM "users" WHERE "users"."id" = ? LIMIT ?[0m  [["id", 1], ["LIMIT", 1]]
  â†³ app/controllers/application_controller.rb:12
Completed 422 Unprocessable Entity in 30ms (Views: 3.3ms | ActiveRecord: 1.0ms)


Started POST "/new-recipe?name=sopa&type=saca%20gomas&ingredients=agua,maggie&steps=echar%20maggie%20al%20agua%20y%20calentar&images=sopa.png" for ::1 at 2019-06-04 18:03:49 -0600
  
SyntaxError (/home/paulo/Desktop/API-recipeApp/API-recipeApp/app/controllers/recipes_controller.rb:55: syntax error, unexpected ')', expecting keyword_end
..._env/bin/activate;"+@cmd.to_s))
...                              ^
/home/paulo/Desktop/API-recipeApp/API-recipeApp/app/controllers/recipes_controller.rb:102: syntax error, unexpected keyword_end, expecting end-of-input):
  
app/controllers/recipes_controller.rb:55: syntax error, unexpected ')', expecting keyword_end
app/controllers/recipes_controller.rb:102: syntax error, unexpected keyword_end, expecting end-of-input
Started POST "/new-recipe?name=sopa&type=saca%20gomas&ingredients=agua,maggie&steps=echar%20maggie%20al%20agua%20y%20calentar&images=sopa.png" for ::1 at 2019-06-04 18:04:49 -0600
  
SyntaxError (/home/paulo/Desktop/API-recipeApp/API-recipeApp/app/controllers/recipes_controller.rb:55: syntax error, unexpected ')', expecting keyword_end
..._env/bin/activate;"+@cmd.to_s))
...                              ^
/home/paulo/Desktop/API-recipeApp/API-recipeApp/app/controllers/recipes_controller.rb:102: syntax error, unexpected keyword_end, expecting end-of-input):
  
app/controllers/recipes_controller.rb:55: syntax error, unexpected ')', expecting keyword_end
app/controllers/recipes_controller.rb:102: syntax error, unexpected keyword_end, expecting end-of-input
Started POST "/new-recipe?name=sopa&type=saca%20gomas&ingredients=agua,maggie&steps=echar%20maggie%20al%20agua%20y%20calentar&images=sopa.png" for ::1 at 2019-06-04 18:05:14 -0600
Processing by RecipesController#create as */*
  Parameters: {"name"=>"sopa", "type"=>"saca gomas", "ingredients"=>"agua,maggie", "steps"=>"echar maggie al agua y calentar", "images"=>"sopa.png"}
  [1m[36mUser Load (0.1ms)[0m  [1m[34mSELECT  "users".* FROM "users" WHERE "users"."id" = ? LIMIT ?[0m  [["id", 1], ["LIMIT", 1]]
  â†³ app/controllers/application_controller.rb:12
Completed 500 Internal Server Error in 32ms (ActiveRecord: 1.3ms)


  
ActiveRecord::SubclassNotFound (The single-table inheritance mechanism failed to locate the subclass: 'saca gomas'. This error is raised because the column 'type' is reserved for storing the class in case of inheritance. Please rename this column if you didn't intend it to be used for storing the inheritance class or overwrite Recipe.inheritance_column to use another column for that information.):
  
app/controllers/recipes_controller.rb:46:in `create'
Started POST "/new-recipe?name=sopa&type=saca%20gomas&ingredients=agua,maggie&steps=echar%20maggie%20al%20agua%20y%20calentar&images=sopa.png" for ::1 at 2019-06-04 18:09:45 -0600
Processing by RecipesController#create as */*
  Parameters: {"name"=>"sopa", "type"=>"saca gomas", "ingredients"=>"agua,maggie", "steps"=>"echar maggie al agua y calentar", "images"=>"sopa.png"}
  [1m[36mUser Load (0.2ms)[0m  [1m[34mSELECT  "users".* FROM "users" WHERE "users"."id" = ? LIMIT ?[0m  [["id", 1], ["LIMIT", 1]]
  â†³ app/controllers/application_controller.rb:12
Completed 200 OK in 906ms (Views: 0.2ms | ActiveRecord: 4.2ms)


  [1m[35m (0.3ms)[0m  [1m[34mSELECT "schema_migrations"."version" FROM "schema_migrations" ORDER BY "schema_migrations"."version" ASC[0m
  â†³ /home/paulo/.rvm/gems/ruby-2.5.1/bin/rake:23
  [1m[35m (0.1ms)[0m  [1m[34mSELECT "schema_migrations"."version" FROM "schema_migrations" ORDER BY "schema_migrations"."version" ASC[0m
  â†³ /home/paulo/.rvm/gems/ruby-2.5.1/bin/rake:23
  [1m[35m (0.1ms)[0m  [1m[34mSELECT "schema_migrations"."version" FROM "schema_migrations" ORDER BY "schema_migrations"."version" ASC[0m
  â†³ /home/paulo/.rvm/gems/ruby-2.5.1/bin/rake:23
  [1m[35m (0.1ms)[0m  [1m[34mSELECT "schema_migrations"."version" FROM "schema_migrations" ORDER BY "schema_migrations"."version" ASC[0m
  â†³ /home/paulo/.rvm/gems/ruby-2.5.1/bin/rake:23
Migrating to CreateRecipes (20190529191821)
  [1m[35m (0.1ms)[0m  [1m[36mbegin transaction[0m
  â†³ /home/paulo/.rvm/gems/ruby-2.5.1/bin/rake:23
  [1m[35m (1.4ms)[0m  [1m[35mDROP TABLE "recipes"[0m
  â†³ /home/paulo/.rvm/gems/ruby-2.5.1/bin/rake:23
  [1m[36mActiveRecord::SchemaMigration Destroy (0.2ms)[0m  [1m[31mDELETE FROM "schema_migrations" WHERE "schema_migrations"."version" = ?[0m  [["version", "20190529191821"]]
  â†³ /home/paulo/.rvm/gems/ruby-2.5.1/bin/rake:23
  [1m[35m (11.4ms)[0m  [1m[36mcommit transaction[0m
  â†³ /home/paulo/.rvm/gems/ruby-2.5.1/bin/rake:23
  [1m[35m (0.1ms)[0m  [1m[34mSELECT "schema_migrations"."version" FROM "schema_migrations" ORDER BY "schema_migrations"."version" ASC[0m
  â†³ /home/paulo/.rvm/gems/ruby-2.5.1/bin/rake:23
  [1m[35m (0.2ms)[0m  [1m[34mSELECT "schema_migrations"."version" FROM "schema_migrations" ORDER BY "schema_migrations"."version" ASC[0m
  â†³ /home/paulo/.rvm/gems/ruby-2.5.1/bin/rake:23
  [1m[35m (0.1ms)[0m  [1m[34mSELECT "schema_migrations"."version" FROM "schema_migrations" ORDER BY "schema_migrations"."version" ASC[0m
  â†³ /home/paulo/.rvm/gems/ruby-2.5.1/bin/rake:23
  [1m[35m (0.1ms)[0m  [1m[34mSELECT "schema_migrations"."version" FROM "schema_migrations" ORDER BY "schema_migrations"."version" ASC[0m
  â†³ /home/paulo/.rvm/gems/ruby-2.5.1/bin/rake:23
  [1m[35m (0.1ms)[0m  [1m[34mSELECT "schema_migrations"."version" FROM "schema_migrations" ORDER BY "schema_migrations"."version" ASC[0m
  â†³ /home/paulo/.rvm/gems/ruby-2.5.1/bin/rake:23
Migrating to CreateUsers (20190527004757)
  [1m[35m (0.1ms)[0m  [1m[36mbegin transaction[0m
  â†³ /home/paulo/.rvm/gems/ruby-2.5.1/bin/rake:23
  [1m[35m (2.4ms)[0m  [1m[35mDROP TABLE "users"[0m
  â†³ /home/paulo/.rvm/gems/ruby-2.5.1/bin/rake:23
  [1m[36mActiveRecord::SchemaMigration Destroy (0.2ms)[0m  [1m[31mDELETE FROM "schema_migrations" WHERE "schema_migrations"."version" = ?[0m  [["version", "20190527004757"]]
  â†³ /home/paulo/.rvm/gems/ruby-2.5.1/bin/rake:23
  [1m[35m (21.0ms)[0m  [1m[36mcommit transaction[0m
  â†³ /home/paulo/.rvm/gems/ruby-2.5.1/bin/rake:23
  [1m[35m (0.1ms)[0m  [1m[34mSELECT "schema_migrations"."version" FROM "schema_migrations" ORDER BY "schema_migrations"."version" ASC[0m
  â†³ /home/paulo/.rvm/gems/ruby-2.5.1/bin/rake:23
  [1m[35m (0.2ms)[0m  [1m[34mSELECT "schema_migrations"."version" FROM "schema_migrations" ORDER BY "schema_migrations"."version" ASC[0m
  â†³ bin/rails:9
Migrating to CreateUsers (20190527004757)
  [1m[35m (0.1ms)[0m  [1m[36mbegin transaction[0m
  â†³ bin/rails:9
  [1m[35m (0.1ms)[0m  [1m[34mSELECT sqlite_version(*)[0m
  â†³ db/migrate/20190527004757_create_users.rb:3
  [1m[35m (2.0ms)[0m  [1m[35mCREATE TABLE "users" ("id" integer PRIMARY KEY AUTOINCREMENT NOT NULL, "email" varchar, "password_digest" varchar, "created_at" datetime NOT NULL, "updated_at" datetime NOT NULL)[0m
  â†³ db/migrate/20190527004757_create_users.rb:3
  [1m[36mActiveRecord::SchemaMigration Create (0.2ms)[0m  [1m[32mINSERT INTO "schema_migrations" ("version") VALUES (?)[0m  [["version", "20190527004757"]]
  â†³ bin/rails:9
  [1m[35m (13.1ms)[0m  [1m[36mcommit transaction[0m
  â†³ bin/rails:9
  [1m[36mActiveRecord::InternalMetadata Load (0.3ms)[0m  [1m[34mSELECT  "ar_internal_metadata".* FROM "ar_internal_metadata" WHERE "ar_internal_metadata"."key" = ? LIMIT ?[0m  [["key", "environment"], ["LIMIT", 1]]
  â†³ bin/rails:9
  [1m[35m (0.1ms)[0m  [1m[36mbegin transaction[0m
  â†³ bin/rails:9
  [1m[35m (0.1ms)[0m  [1m[36mcommit transaction[0m
  â†³ bin/rails:9
  [1m[35m (0.2ms)[0m  [1m[34mSELECT "schema_migrations"."version" FROM "schema_migrations" ORDER BY "schema_migrations"."version" ASC[0m
  â†³ bin/rails:9
Started POST "/?email=paulozuniga17@gmail.com&password=[FILTERED]" for ::1 at 2019-06-04 18:24:07 -0600
  [1m[35m (0.2ms)[0m  [1m[34mSELECT "schema_migrations"."version" FROM "schema_migrations" ORDER BY "schema_migrations"."version" ASC[0m
  â†³ /home/paulo/.rvm/gems/ruby-2.5.1/gems/activerecord-5.2.3/lib/active_record/log_subscriber.rb:98
  
ActionController::RoutingError (No route matches [POST] "/"):
  
actionpack (5.2.3) lib/action_dispatch/middleware/debug_exceptions.rb:65:in `call'
actionpack (5.2.3) lib/action_dispatch/middleware/show_exceptions.rb:33:in `call'
railties (5.2.3) lib/rails/rack/logger.rb:38:in `call_app'
railties (5.2.3) lib/rails/rack/logger.rb:26:in `block in call'
activesupport (5.2.3) lib/active_support/tagged_logging.rb:71:in `block in tagged'
activesupport (5.2.3) lib/active_support/tagged_logging.rb:28:in `tagged'
activesupport (5.2.3) lib/active_support/tagged_logging.rb:71:in `tagged'
railties (5.2.3) lib/rails/rack/logger.rb:26:in `call'
actionpack (5.2.3) lib/action_dispatch/middleware/remote_ip.rb:81:in `call'
actionpack (5.2.3) lib/action_dispatch/middleware/request_id.rb:27:in `call'
rack (2.0.7) lib/rack/runtime.rb:22:in `call'
activesupport (5.2.3) lib/active_support/cache/strategy/local_cache_middleware.rb:29:in `call'
actionpack (5.2.3) lib/action_dispatch/middleware/executor.rb:14:in `call'
actionpack (5.2.3) lib/action_dispatch/middleware/static.rb:127:in `call'
rack (2.0.7) lib/rack/sendfile.rb:111:in `call'
railties (5.2.3) lib/rails/engine.rb:524:in `call'
puma (3.12.1) lib/puma/configuration.rb:227:in `call'
puma (3.12.1) lib/puma/server.rb:660:in `handle_request'
puma (3.12.1) lib/puma/server.rb:474:in `process_client'
puma (3.12.1) lib/puma/server.rb:334:in `block in run'
puma (3.12.1) lib/puma/thread_pool.rb:135:in `block in spawn_thread'
  [1m[35m (0.1ms)[0m  [1m[36mbegin transaction[0m
  [1m[36mUser Exists (0.3ms)[0m  [1m[34mSELECT  1 AS one FROM "users" WHERE "users"."email" = ? LIMIT ?[0m  [["email", "paulozuniga17@gmail.com"], ["LIMIT", 1]]
  [1m[36mUser Create (5.2ms)[0m  [1m[32mINSERT INTO "users" ("email", "password_digest", "created_at", "updated_at") VALUES (?, ?, ?, ?)[0m  [["email", "paulozuniga17@gmail.com"], ["password_digest", "$2a$10$bKobnLPkZIePmmoeX.GRZeWvJJMH8anbAtZfLtgmFTVBhmcYG0.3O"], ["created_at", "2019-06-05 00:27:10.899371"], ["updated_at", "2019-06-05 00:27:10.899371"]]
  [1m[35m (19.7ms)[0m  [1m[36mcommit transaction[0m
Started POST "/auth/login?email=paulozuniga17@gmail.com&password=[FILTERED]" for ::1 at 2019-06-04 18:27:31 -0600
Processing by AuthenticationController#login as */*
  Parameters: {"email"=>"paulozuniga17@gmail.com", "password"=>"[FILTERED]"}
  [1m[36mUser Load (0.2ms)[0m  [1m[34mSELECT  "users".* FROM "users" WHERE "users"."email" = ? LIMIT ?[0m  [["email", "paulozuniga17@gmail.com"], ["LIMIT", 1]]
  â†³ app/controllers/authentication_controller.rb:6
Completed 200 OK in 148ms (Views: 0.3ms | ActiveRecord: 6.1ms)


  [1m[35m (0.1ms)[0m  [1m[34mSELECT "schema_migrations"."version" FROM "schema_migrations" ORDER BY "schema_migrations"."version" ASC[0m
  â†³ bin/rails:9
Migrating to CreateRecipes (20190605002829)
  [1m[35m (0.1ms)[0m  [1m[36mbegin transaction[0m
  â†³ bin/rails:9
  [1m[35m (0.1ms)[0m  [1m[34mSELECT sqlite_version(*)[0m
  â†³ db/migrate/20190605002829_create_recipes.rb:3
  [1m[35m (1.9ms)[0m  [1m[35mCREATE TABLE "recipes" ("id" integer PRIMARY KEY AUTOINCREMENT NOT NULL, "name" varchar, "tipo" varchar, "ingredients" varchar, "steps" varchar, "images" varchar, "created_at" datetime NOT NULL, "updated_at" datetime NOT NULL)[0m
  â†³ db/migrate/20190605002829_create_recipes.rb:3
  [1m[36mActiveRecord::SchemaMigration Create (0.2ms)[0m  [1m[32mINSERT INTO "schema_migrations" ("version") VALUES (?)[0m  [["version", "20190605002829"]]
  â†³ bin/rails:9
  [1m[35m (18.3ms)[0m  [1m[36mcommit transaction[0m
  â†³ bin/rails:9
  [1m[36mActiveRecord::InternalMetadata Load (0.2ms)[0m  [1m[34mSELECT  "ar_internal_metadata".* FROM "ar_internal_metadata" WHERE "ar_internal_metadata"."key" = ? LIMIT ?[0m  [["key", "environment"], ["LIMIT", 1]]
  â†³ bin/rails:9
  [1m[35m (0.1ms)[0m  [1m[36mbegin transaction[0m
  â†³ bin/rails:9
  [1m[35m (0.0ms)[0m  [1m[36mcommit transaction[0m
  â†³ bin/rails:9
  [1m[35m (0.1ms)[0m  [1m[34mSELECT "schema_migrations"."version" FROM "schema_migrations" ORDER BY "schema_migrations"."version" ASC[0m
  â†³ bin/rails:9
Started POST "/new-recipe?name=sopa&type=saca%20gomas&ingredients=agua,maggie&steps=echar%20maggie%20al%20agua%20y%20calentar&images=sopa.png" for ::1 at 2019-06-04 18:30:27 -0600
  [1m[35m (0.1ms)[0m  [1m[34mSELECT "schema_migrations"."version" FROM "schema_migrations" ORDER BY "schema_migrations"."version" ASC[0m
  â†³ /home/paulo/.rvm/gems/ruby-2.5.1/gems/activerecord-5.2.3/lib/active_record/log_subscriber.rb:98
Processing by RecipesController#create as */*
  Parameters: {"name"=>"sopa", "type"=>"saca gomas", "ingredients"=>"agua,maggie", "steps"=>"echar maggie al agua y calentar", "images"=>"sopa.png"}
  [1m[36mUser Load (0.1ms)[0m  [1m[34mSELECT  "users".* FROM "users" WHERE "users"."id" = ? LIMIT ?[0m  [["id", 1], ["LIMIT", 1]]
  â†³ app/controllers/application_controller.rb:12
Completed 500 Internal Server Error in 56ms (ActiveRecord: 1.7ms)


  
ActiveRecord::SerializationTypeMismatch (can't serialize `ingredients`: was supposed to be a Array, but was a String. -- "agua,maggie"):
  
app/controllers/recipes_controller.rb:46:in `create'
Started POST "/new-recipe?name=sopa&type=saca%20gomas&ingredients=agua,maggie&steps=echar%20maggie%20al%20agua%20y%20calentar&images=sopa.png" for ::1 at 2019-06-04 18:33:36 -0600
Processing by RecipesController#create as */*
  Parameters: {"name"=>"sopa", "type"=>"saca gomas", "ingredients"=>"agua,maggie", "steps"=>"echar maggie al agua y calentar", "images"=>"sopa.png"}
  [1m[36mUser Load (0.2ms)[0m  [1m[34mSELECT  "users".* FROM "users" WHERE "users"."id" = ? LIMIT ?[0m  [["id", 1], ["LIMIT", 1]]
  â†³ app/controllers/application_controller.rb:12
Completed 500 Internal Server Error in 66ms (ActiveRecord: 4.8ms)


  
ActiveModel::UnknownAttributeError (unknown attribute 'type' for Recipe.):
  
app/controllers/recipes_controller.rb:46:in `create'
Started POST "/new-recipe?name=sopa&tipo=saca%20gomas&ingredients=agua,maggie&steps=echar%20maggie%20al%20agua%20y%20calentar&images=sopa.png" for ::1 at 2019-06-04 18:34:20 -0600
Processing by RecipesController#create as */*
  Parameters: {"name"=>"sopa", "tipo"=>"saca gomas", "ingredients"=>"agua,maggie", "steps"=>"echar maggie al agua y calentar", "images"=>"sopa.png"}
  [1m[36mUser Load (0.2ms)[0m  [1m[34mSELECT  "users".* FROM "users" WHERE "users"."id" = ? LIMIT ?[0m  [["id", 1], ["LIMIT", 1]]
  â†³ app/controllers/application_controller.rb:12
Unpermitted parameter: :tipo
  [1m[35m (0.1ms)[0m  [1m[36mbegin transaction[0m
  â†³ app/controllers/recipes_controller.rb:47
  [1m[36mRecipe Exists (0.2ms)[0m  [1m[34mSELECT  1 AS one FROM "recipes" WHERE "recipes"."name" = ? LIMIT ?[0m  [["name", "sopa"], ["LIMIT", 1]]
  â†³ app/controllers/recipes_controller.rb:47
  [1m[36mRecipe Create (1.2ms)[0m  [1m[32mINSERT INTO "recipes" ("name", "ingredients", "steps", "images", "created_at", "updated_at") VALUES (?, ?, ?, ?, ?, ?)[0m  [["name", "sopa"], ["ingredients", "agua,maggie"], ["steps", "echar maggie al agua y calentar"], ["images", "sopa.png"], ["created_at", "2019-06-05 00:34:20.795807"], ["updated_at", "2019-06-05 00:34:20.795807"]]
  â†³ app/controllers/recipes_controller.rb:47
  [1m[35m (14.7ms)[0m  [1m[36mcommit transaction[0m
  â†³ app/controllers/recipes_controller.rb:47
Completed 200 OK in 966ms (Views: 0.6ms | ActiveRecord: 19.0ms)


Started POST "/new-recipe?name=sopa&tipo=saca%20gomas&ingredients=agua,maggie&steps=echar%20maggie%20al%20agua%20y%20calentar&images=sopa.png" for ::1 at 2019-06-04 18:36:07 -0600
Processing by RecipesController#create as */*
  Parameters: {"name"=>"sopa", "tipo"=>"saca gomas", "ingredients"=>"agua,maggie", "steps"=>"echar maggie al agua y calentar", "images"=>"sopa.png"}
  [1m[36mUser Load (0.2ms)[0m  [1m[34mSELECT  "users".* FROM "users" WHERE "users"."id" = ? LIMIT ?[0m  [["id", 1], ["LIMIT", 1]]
  â†³ app/controllers/application_controller.rb:12
Unpermitted parameter: :tipo
  [1m[35m (0.2ms)[0m  [1m[36mbegin transaction[0m
  â†³ app/controllers/recipes_controller.rb:47
  [1m[36mRecipe Exists (0.2ms)[0m  [1m[34mSELECT  1 AS one FROM "recipes" WHERE "recipes"."name" = ? LIMIT ?[0m  [["name", "sopa"], ["LIMIT", 1]]
  â†³ app/controllers/recipes_controller.rb:47
  [1m[35m (0.1ms)[0m  [1m[31mrollback transaction[0m
  â†³ app/controllers/recipes_controller.rb:47
Completed 422 Unprocessable Entity in 107ms (Views: 0.2ms | ActiveRecord: 2.2ms)


Started POST "/new-recipe?name=sopa1&tipo=saca%20gomas&ingredients=agua,maggie&steps=echar%20maggie%20al%20agua%20y%20calentar&images=sopa.png" for ::1 at 2019-06-04 18:36:16 -0600
Processing by RecipesController#create as */*
  Parameters: {"name"=>"sopa1", "tipo"=>"saca gomas", "ingredients"=>"agua,maggie", "steps"=>"echar maggie al agua y calentar", "images"=>"sopa.png"}
  [1m[36mUser Load (0.2ms)[0m  [1m[34mSELECT  "users".* FROM "users" WHERE "users"."id" = ? LIMIT ?[0m  [["id", 1], ["LIMIT", 1]]
  â†³ app/controllers/application_controller.rb:12
Unpermitted parameter: :tipo
  [1m[35m (0.1ms)[0m  [1m[36mbegin transaction[0m
  â†³ app/controllers/recipes_controller.rb:47
  [1m[36mRecipe Exists (0.2ms)[0m  [1m[34mSELECT  1 AS one FROM "recipes" WHERE "recipes"."name" = ? LIMIT ?[0m  [["name", "sopa1"], ["LIMIT", 1]]
  â†³ app/controllers/recipes_controller.rb:47
  [1m[36mRecipe Create (1.9ms)[0m  [1m[32mINSERT INTO "recipes" ("name", "ingredients", "steps", "images", "created_at", "updated_at") VALUES (?, ?, ?, ?, ?, ?)[0m  [["name", "sopa1"], ["ingredients", "agua,maggie"], ["steps", "echar maggie al agua y calentar"], ["images", "sopa.png"], ["created_at", "2019-06-05 00:36:16.271829"], ["updated_at", "2019-06-05 00:36:16.271829"]]
  â†³ app/controllers/recipes_controller.rb:47
  [1m[35m (12.6ms)[0m  [1m[36mcommit transaction[0m
  â†³ app/controllers/recipes_controller.rb:47
Completed 500 Internal Server Error in 1093ms (ActiveRecord: 14.9ms)


  
NameError (undefined local variable or method `respose' for #<RecipesController:0x000055a8da4854d0>
Did you mean?  response
               response=
               @_response):
  
app/controllers/recipes_controller.rb:58:in `create'
Started POST "/new-recipe?name=sopa1&tipo=saca%20gomas&ingredients=agua,maggie&steps=echar%20maggie%20al%20agua%20y%20calentar&images=sopa.png" for ::1 at 2019-06-04 18:36:43 -0600
Processing by RecipesController#create as */*
  Parameters: {"name"=>"sopa1", "tipo"=>"saca gomas", "ingredients"=>"agua,maggie", "steps"=>"echar maggie al agua y calentar", "images"=>"sopa.png"}
  [1m[36mUser Load (0.3ms)[0m  [1m[34mSELECT  "users".* FROM "users" WHERE "users"."id" = ? LIMIT ?[0m  [["id", 1], ["LIMIT", 1]]
  â†³ app/controllers/application_controller.rb:12
Unpermitted parameter: :tipo
  [1m[35m (0.1ms)[0m  [1m[36mbegin transaction[0m
  â†³ app/controllers/recipes_controller.rb:47
  [1m[36mRecipe Exists (0.3ms)[0m  [1m[34mSELECT  1 AS one FROM "recipes" WHERE "recipes"."name" = ? LIMIT ?[0m  [["name", "sopa1"], ["LIMIT", 1]]
  â†³ app/controllers/recipes_controller.rb:47
  [1m[35m (0.1ms)[0m  [1m[31mrollback transaction[0m
  â†³ app/controllers/recipes_controller.rb:47
Completed 422 Unprocessable Entity in 76ms (Views: 0.2ms | ActiveRecord: 2.5ms)


Started POST "/new-recipe?name=sopa2&tipo=saca%20gomas&ingredients=agua,maggie&steps=echar%20maggie%20al%20agua%20y%20calentar&images=sopa.png" for ::1 at 2019-06-04 18:36:49 -0600
Processing by RecipesController#create as */*
  Parameters: {"name"=>"sopa2", "tipo"=>"saca gomas", "ingredients"=>"agua,maggie", "steps"=>"echar maggie al agua y calentar", "images"=>"sopa.png"}
  [1m[36mUser Load (0.2ms)[0m  [1m[34mSELECT  "users".* FROM "users" WHERE "users"."id" = ? LIMIT ?[0m  [["id", 1], ["LIMIT", 1]]
  â†³ app/controllers/application_controller.rb:12
Unpermitted parameter: :tipo
  [1m[35m (0.1ms)[0m  [1m[36mbegin transaction[0m
  â†³ app/controllers/recipes_controller.rb:47
  [1m[36mRecipe Exists (0.3ms)[0m  [1m[34mSELECT  1 AS one FROM "recipes" WHERE "recipes"."name" = ? LIMIT ?[0m  [["name", "sopa2"], ["LIMIT", 1]]
  â†³ app/controllers/recipes_controller.rb:47
  [1m[36mRecipe Create (3.6ms)[0m  [1m[32mINSERT INTO "recipes" ("name", "ingredients", "steps", "images", "created_at", "updated_at") VALUES (?, ?, ?, ?, ?, ?)[0m  [["name", "sopa2"], ["ingredients", "agua,maggie"], ["steps", "echar maggie al agua y calentar"], ["images", "sopa.png"], ["created_at", "2019-06-05 00:36:49.766674"], ["updated_at", "2019-06-05 00:36:49.766674"]]
  â†³ app/controllers/recipes_controller.rb:47
  [1m[35m (21.1ms)[0m  [1m[36mcommit transaction[0m
  â†³ app/controllers/recipes_controller.rb:47
Completed 500 Internal Server Error in 948ms (ActiveRecord: 25.2ms)


  
SystemStackError (stack level too deep):
  
app/controllers/recipes_controller.rb:58:in `create'
Started POST "/new-recipe?name=sopa2&tipo=saca%20gomas&ingredients=agua,maggie&steps=echar%20maggie%20al%20agua%20y%20calentar&images=sopa.png" for ::1 at 2019-06-04 18:39:05 -0600
Processing by RecipesController#create as */*
  Parameters: {"name"=>"sopa2", "tipo"=>"saca gomas", "ingredients"=>"agua,maggie", "steps"=>"echar maggie al agua y calentar", "images"=>"sopa.png"}
  [1m[36mUser Load (0.1ms)[0m  [1m[34mSELECT  "users".* FROM "users" WHERE "users"."id" = ? LIMIT ?[0m  [["id", 1], ["LIMIT", 1]]
  â†³ app/controllers/application_controller.rb:12
Unpermitted parameter: :tipo
  [1m[35m (0.1ms)[0m  [1m[36mbegin transaction[0m
  â†³ app/controllers/recipes_controller.rb:47
  [1m[36mRecipe Exists (0.2ms)[0m  [1m[34mSELECT  1 AS one FROM "recipes" WHERE "recipes"."name" = ? LIMIT ?[0m  [["name", "sopa2"], ["LIMIT", 1]]
  â†³ app/controllers/recipes_controller.rb:47
  [1m[35m (0.1ms)[0m  [1m[31mrollback transaction[0m
  â†³ app/controllers/recipes_controller.rb:47
Completed 422 Unprocessable Entity in 13ms (Views: 0.2ms | ActiveRecord: 0.5ms)


Started POST "/new-recipe?name=sopa3&tipo=saca%20gomas&ingredients=agua,maggie&steps=echar%20maggie%20al%20agua%20y%20calentar&images=sopa.png" for ::1 at 2019-06-04 18:39:12 -0600
Processing by RecipesController#create as */*
  Parameters: {"name"=>"sopa3", "tipo"=>"saca gomas", "ingredients"=>"agua,maggie", "steps"=>"echar maggie al agua y calentar", "images"=>"sopa.png"}
  [1m[36mUser Load (0.1ms)[0m  [1m[34mSELECT  "users".* FROM "users" WHERE "users"."id" = ? LIMIT ?[0m  [["id", 1], ["LIMIT", 1]]
  â†³ app/controllers/application_controller.rb:12
Unpermitted parameter: :tipo
  [1m[35m (0.1ms)[0m  [1m[36mbegin transaction[0m
  â†³ app/controllers/recipes_controller.rb:47
  [1m[36mRecipe Exists (0.2ms)[0m  [1m[34mSELECT  1 AS one FROM "recipes" WHERE "recipes"."name" = ? LIMIT ?[0m  [["name", "sopa3"], ["LIMIT", 1]]
  â†³ app/controllers/recipes_controller.rb:47
  [1m[36mRecipe Create (3.1ms)[0m  [1m[32mINSERT INTO "recipes" ("name", "ingredients", "steps", "images", "created_at", "updated_at") VALUES (?, ?, ?, ?, ?, ?)[0m  [["name", "sopa3"], ["ingredients", "agua,maggie"], ["steps", "echar maggie al agua y calentar"], ["images", "sopa.png"], ["created_at", "2019-06-05 00:39:12.162368"], ["updated_at", "2019-06-05 00:39:12.162368"]]
  â†³ app/controllers/recipes_controller.rb:47
  [1m[35m (15.5ms)[0m  [1m[36mcommit transaction[0m
  â†³ app/controllers/recipes_controller.rb:47
Completed 500 Internal Server Error in 931ms (ActiveRecord: 19.0ms)


  
SystemStackError (stack level too deep):
  
app/controllers/recipes_controller.rb:58:in `create'
Started POST "/new-recipe?name=sopa4&tipo=saca%20gomas&ingredients=agua,maggie&steps=echar%20maggie%20al%20agua%20y%20calentar&images=sopa.png" for ::1 at 2019-06-04 18:40:21 -0600
Processing by RecipesController#create as */*
  Parameters: {"name"=>"sopa4", "tipo"=>"saca gomas", "ingredients"=>"agua,maggie", "steps"=>"echar maggie al agua y calentar", "images"=>"sopa.png"}
  [1m[36mUser Load (0.1ms)[0m  [1m[34mSELECT  "users".* FROM "users" WHERE "users"."id" = ? LIMIT ?[0m  [["id", 1], ["LIMIT", 1]]
  â†³ app/controllers/application_controller.rb:12
Unpermitted parameter: :tipo
  [1m[35m (0.1ms)[0m  [1m[36mbegin transaction[0m
  â†³ app/controllers/recipes_controller.rb:47
  [1m[36mRecipe Exists (0.3ms)[0m  [1m[34mSELECT  1 AS one FROM "recipes" WHERE "recipes"."name" = ? LIMIT ?[0m  [["name", "sopa4"], ["LIMIT", 1]]
  â†³ app/controllers/recipes_controller.rb:47
  [1m[36mRecipe Create (1.5ms)[0m  [1m[32mINSERT INTO "recipes" ("name", "ingredients", "steps", "images", "created_at", "updated_at") VALUES (?, ?, ?, ?, ?, ?)[0m  [["name", "sopa4"], ["ingredients", "agua,maggie"], ["steps", "echar maggie al agua y calentar"], ["images", "sopa.png"], ["created_at", "2019-06-05 00:40:21.451867"], ["updated_at", "2019-06-05 00:40:21.451867"]]
  â†³ app/controllers/recipes_controller.rb:47
  [1m[35m (13.7ms)[0m  [1m[36mcommit transaction[0m
  â†³ app/controllers/recipes_controller.rb:47
Completed 200 OK in 888ms (Views: 0.6ms | ActiveRecord: 17.1ms)


Started POST "/new-recipe?name=sopa4&tipo=saca%20gomas&ingredients=agua,maggie&steps=echar%20maggie%20al%20agua%20y%20calentar&images=sopa.png" for ::1 at 2019-06-04 18:48:51 -0600
Processing by RecipesController#create as */*
  Parameters: {"name"=>"sopa4", "tipo"=>"saca gomas", "ingredients"=>"agua,maggie", "steps"=>"echar maggie al agua y calentar", "images"=>"sopa.png"}
  [1m[36mUser Load (0.2ms)[0m  [1m[34mSELECT  "users".* FROM "users" WHERE "users"."id" = ? LIMIT ?[0m  [["id", 1], ["LIMIT", 1]]
  â†³ app/controllers/application_controller.rb:12
Unpermitted parameter: :tipo
  [1m[35m (0.1ms)[0m  [1m[36mbegin transaction[0m
  â†³ app/controllers/recipes_controller.rb:47
  [1m[36mRecipe Exists (0.2ms)[0m  [1m[34mSELECT  1 AS one FROM "recipes" WHERE "recipes"."name" = ? LIMIT ?[0m  [["name", "sopa4"], ["LIMIT", 1]]
  â†³ app/controllers/recipes_controller.rb:47
  [1m[35m (0.1ms)[0m  [1m[31mrollback transaction[0m
  â†³ app/controllers/recipes_controller.rb:47
Completed 422 Unprocessable Entity in 77ms (Views: 0.2ms | ActiveRecord: 7.6ms)


Started POST "/new-recipe?name=sopa5&tipo=saca%20gomas&ingredients=agua,maggie&steps=echar%20maggie%20al%20agua%20y%20calentar&images=sopa.png" for ::1 at 2019-06-04 18:49:00 -0600
Processing by RecipesController#create as */*
  Parameters: {"name"=>"sopa5", "tipo"=>"saca gomas", "ingredients"=>"agua,maggie", "steps"=>"echar maggie al agua y calentar", "images"=>"sopa.png"}
  [1m[36mUser Load (0.1ms)[0m  [1m[34mSELECT  "users".* FROM "users" WHERE "users"."id" = ? LIMIT ?[0m  [["id", 1], ["LIMIT", 1]]
  â†³ app/controllers/application_controller.rb:12
Unpermitted parameter: :tipo
  [1m[35m (0.1ms)[0m  [1m[36mbegin transaction[0m
  â†³ app/controllers/recipes_controller.rb:47
  [1m[36mRecipe Exists (0.2ms)[0m  [1m[34mSELECT  1 AS one FROM "recipes" WHERE "recipes"."name" = ? LIMIT ?[0m  [["name", "sopa5"], ["LIMIT", 1]]
  â†³ app/controllers/recipes_controller.rb:47
  [1m[36mRecipe Create (2.2ms)[0m  [1m[32mINSERT INTO "recipes" ("name", "ingredients", "steps", "images", "created_at", "updated_at") VALUES (?, ?, ?, ?, ?, ?)[0m  [["name", "sopa5"], ["ingredients", "agua,maggie"], ["steps", "echar maggie al agua y calentar"], ["images", "sopa.png"], ["created_at", "2019-06-05 00:49:00.129451"], ["updated_at", "2019-06-05 00:49:00.129451"]]
  â†³ app/controllers/recipes_controller.rb:47
  [1m[35m (7.7ms)[0m  [1m[36mcommit transaction[0m
  â†³ app/controllers/recipes_controller.rb:47
Completed 200 OK in 1085ms (Views: 0.7ms | ActiveRecord: 10.4ms)


Started POST "/new-recipe?name=sopa6&tipo=saca%20gomas&ingredients=agua,maggie&steps=echar%20maggie%20al%20agua%20y%20calentar&images=sopa.png" for ::1 at 2019-06-04 18:49:59 -0600
Processing by RecipesController#create as */*
  Parameters: {"name"=>"sopa6", "tipo"=>"saca gomas", "ingredients"=>"agua,maggie", "steps"=>"echar maggie al agua y calentar", "images"=>"sopa.png"}
  [1m[36mUser Load (0.2ms)[0m  [1m[34mSELECT  "users".* FROM "users" WHERE "users"."id" = ? LIMIT ?[0m  [["id", 1], ["LIMIT", 1]]
  â†³ app/controllers/application_controller.rb:12
Unpermitted parameter: :tipo
  [1m[35m (4.6ms)[0m  [1m[36mbegin transaction[0m
  â†³ app/controllers/recipes_controller.rb:47
  [1m[36mRecipe Exists (0.2ms)[0m  [1m[34mSELECT  1 AS one FROM "recipes" WHERE "recipes"."name" = ? LIMIT ?[0m  [["name", "sopa6"], ["LIMIT", 1]]
  â†³ app/controllers/recipes_controller.rb:47
  [1m[36mRecipe Create (3.5ms)[0m  [1m[32mINSERT INTO "recipes" ("name", "ingredients", "steps", "images", "created_at", "updated_at") VALUES (?, ?, ?, ?, ?, ?)[0m  [["name", "sopa6"], ["ingredients", "agua,maggie"], ["steps", "echar maggie al agua y calentar"], ["images", "sopa.png"], ["created_at", "2019-06-05 00:49:59.257497"], ["updated_at", "2019-06-05 00:49:59.257497"]]
  â†³ app/controllers/recipes_controller.rb:47
  [1m[35m (6.5ms)[0m  [1m[36mcommit transaction[0m
  â†³ app/controllers/recipes_controller.rb:47
Completed 200 OK in 926ms (Views: 0.7ms | ActiveRecord: 17.0ms)


Started POST "/new-recipe?name=sopa7&tipo=saca%20gomas&ingredients=agua,maggie&steps=echar%20maggie%20al%20agua%20y%20calentar&images=sopa.png" for ::1 at 2019-06-04 18:50:31 -0600
Processing by RecipesController#create as */*
  Parameters: {"name"=>"sopa7", "tipo"=>"saca gomas", "ingredients"=>"agua,maggie", "steps"=>"echar maggie al agua y calentar", "images"=>"sopa.png"}
  [1m[36mUser Load (0.2ms)[0m  [1m[34mSELECT  "users".* FROM "users" WHERE "users"."id" = ? LIMIT ?[0m  [["id", 1], ["LIMIT", 1]]
  â†³ app/controllers/application_controller.rb:12
Unpermitted parameter: :tipo
  [1m[35m (0.1ms)[0m  [1m[36mbegin transaction[0m
  â†³ app/controllers/recipes_controller.rb:47
  [1m[36mRecipe Exists (0.2ms)[0m  [1m[34mSELECT  1 AS one FROM "recipes" WHERE "recipes"."name" = ? LIMIT ?[0m  [["name", "sopa7"], ["LIMIT", 1]]
  â†³ app/controllers/recipes_controller.rb:47
  [1m[36mRecipe Create (4.0ms)[0m  [1m[32mINSERT INTO "recipes" ("name", "ingredients", "steps", "images", "created_at", "updated_at") VALUES (?, ?, ?, ?, ?, ?)[0m  [["name", "sopa7"], ["ingredients", "agua,maggie"], ["steps", "echar maggie al agua y calentar"], ["images", "sopa.png"], ["created_at", "2019-06-05 00:50:31.471254"], ["updated_at", "2019-06-05 00:50:31.471254"]]
  â†³ app/controllers/recipes_controller.rb:47
  [1m[35m (12.3ms)[0m  [1m[36mcommit transaction[0m
  â†³ app/controllers/recipes_controller.rb:47
Completed 200 OK in 893ms (Views: 0.7ms | ActiveRecord: 18.8ms)


Started POST "/new-recipe?name=%27sopa8%27&tipo=%27saca%20gomas%27&ingredients=%27agua,maggie%27&steps=%27echar%20maggie%20al%20agua%20y%20calentar%27&images=%27sopa.png%27" for ::1 at 2019-06-04 18:52:16 -0600
Processing by RecipesController#create as */*
  Parameters: {"name"=>"'sopa8'", "tipo"=>"'saca gomas'", "ingredients"=>"'agua,maggie'", "steps"=>"'echar maggie al agua y calentar'", "images"=>"'sopa.png'"}
  [1m[36mUser Load (0.2ms)[0m  [1m[34mSELECT  "users".* FROM "users" WHERE "users"."id" = ? LIMIT ?[0m  [["id", 1], ["LIMIT", 1]]
  â†³ app/controllers/application_controller.rb:12
Unpermitted parameter: :tipo
  [1m[35m (0.1ms)[0m  [1m[36mbegin transaction[0m
  â†³ app/controllers/recipes_controller.rb:47
  [1m[36mRecipe Exists (0.2ms)[0m  [1m[34mSELECT  1 AS one FROM "recipes" WHERE "recipes"."name" = ? LIMIT ?[0m  [["name", "'sopa8'"], ["LIMIT", 1]]
  â†³ app/controllers/recipes_controller.rb:47
  [1m[36mRecipe Create (4.1ms)[0m  [1m[32mINSERT INTO "recipes" ("name", "ingredients", "steps", "images", "created_at", "updated_at") VALUES (?, ?, ?, ?, ?, ?)[0m  [["name", "'sopa8'"], ["ingredients", "'agua,maggie'"], ["steps", "'echar maggie al agua y calentar'"], ["images", "'sopa.png'"], ["created_at", "2019-06-05 00:52:16.075649"], ["updated_at", "2019-06-05 00:52:16.075649"]]
  â†³ app/controllers/recipes_controller.rb:47
  [1m[35m (13.8ms)[0m  [1m[36mcommit transaction[0m
  â†³ app/controllers/recipes_controller.rb:47
Completed 200 OK in 832ms (Views: 7.6ms | ActiveRecord: 18.4ms)


Started POST "/auth/login?email=paulozuniga17@gmail.com&password=[FILTERED]" for ::1 at 2019-06-04 19:04:15 -0600
Processing by AuthenticationController#login as */*
  Parameters: {"email"=>"paulozuniga17@gmail.com", "password"=>"[FILTERED]"}
  [1m[36mUser Load (0.2ms)[0m  [1m[34mSELECT  "users".* FROM "users" WHERE "users"."email" = ? LIMIT ?[0m  [["email", "paulozuniga17@gmail.com"], ["LIMIT", 1]]
  â†³ app/controllers/authentication_controller.rb:6
Completed 200 OK in 138ms (Views: 0.3ms | ActiveRecord: 0.2ms)


Started GET "/recipes" for ::1 at 2019-06-04 19:04:24 -0600
Processing by RecipesController#index as */*
  [1m[36mUser Load (0.2ms)[0m  [1m[34mSELECT  "users".* FROM "users" WHERE "users"."id" = ? LIMIT ?[0m  [["id", 1], ["LIMIT", 1]]
  â†³ app/controllers/application_controller.rb:12
Completed 200 OK in 945ms (Views: 0.8ms | ActiveRecord: 0.2ms)


Started GET "/recipes" for ::1 at 2019-06-04 19:04:43 -0600
Processing by RecipesController#index as */*
  [1m[36mUser Load (0.1ms)[0m  [1m[34mSELECT  "users".* FROM "users" WHERE "users"."id" = ? LIMIT ?[0m  [["id", 1], ["LIMIT", 1]]
  â†³ app/controllers/application_controller.rb:12
Completed 200 OK in 850ms (Views: 0.7ms | ActiveRecord: 0.1ms)


  [1m[36mRecipe Destroy (15.8ms)[0m  [1m[31mDELETE FROM "recipes"[0m
Started POST "/auth/login?email=paulozuniga17@gmail.com&password=[FILTERED]" for ::1 at 2019-06-05 16:23:13 -0600
  [1m[35m (0.2ms)[0m  [1m[34mSELECT "schema_migrations"."version" FROM "schema_migrations" ORDER BY "schema_migrations"."version" ASC[0m
  â†³ /home/paulo/.rvm/gems/ruby-2.5.1/gems/activerecord-5.2.3/lib/active_record/log_subscriber.rb:98
Processing by AuthenticationController#login as */*
  Parameters: {"email"=>"paulozuniga17@gmail.com", "password"=>"[FILTERED]"}
  [1m[36mUser Load (0.8ms)[0m  [1m[34mSELECT  "users".* FROM "users" WHERE "users"."email" = ? LIMIT ?[0m  [["email", "paulozuniga17@gmail.com"], ["LIMIT", 1]]
  â†³ app/controllers/authentication_controller.rb:6
Completed 200 OK in 178ms (Views: 0.9ms | ActiveRecord: 5.1ms)


Started GET "/recipes" for ::1 at 2019-06-05 16:24:00 -0600
Processing by RecipesController#index as */*
  [1m[36mUser Load (0.2ms)[0m  [1m[34mSELECT  "users".* FROM "users" WHERE "users"."id" = ? LIMIT ?[0m  [["id", 1], ["LIMIT", 1]]
  â†³ app/controllers/application_controller.rb:12
Completed 200 OK in 1051ms (Views: 0.7ms | ActiveRecord: 0.2ms)


Started POST "/new-recipe?name=%27sopa%27&tipo=%27saca%20gomas%27&ingredients=%27agua,maggie%27&steps=%27echar%20maggie%20al%20agua%20y%20calentar%27&images=%27sopa.png%27" for ::1 at 2019-06-05 16:25:24 -0600
Processing by RecipesController#create as */*
  Parameters: {"name"=>"'sopa'", "tipo"=>"'saca gomas'", "ingredients"=>"'agua,maggie'", "steps"=>"'echar maggie al agua y calentar'", "images"=>"'sopa.png'"}
  [1m[36mUser Load (0.2ms)[0m  [1m[34mSELECT  "users".* FROM "users" WHERE "users"."id" = ? LIMIT ?[0m  [["id", 1], ["LIMIT", 1]]
  â†³ app/controllers/application_controller.rb:12
Unpermitted parameter: :tipo
  [1m[35m (0.1ms)[0m  [1m[36mbegin transaction[0m
  â†³ app/controllers/recipes_controller.rb:47
  [1m[36mRecipe Exists (5.0ms)[0m  [1m[34mSELECT  1 AS one FROM "recipes" WHERE "recipes"."name" = ? LIMIT ?[0m  [["name", "'sopa'"], ["LIMIT", 1]]
  â†³ app/controllers/recipes_controller.rb:47
  [1m[36mRecipe Create (1.5ms)[0m  [1m[32mINSERT INTO "recipes" ("name", "ingredients", "steps", "images", "created_at", "updated_at") VALUES (?, ?, ?, ?, ?, ?)[0m  [["name", "'sopa'"], ["ingredients", "'agua,maggie'"], ["steps", "'echar maggie al agua y calentar'"], ["images", "'sopa.png'"], ["created_at", "2019-06-05 22:25:25.039127"], ["updated_at", "2019-06-05 22:25:25.039127"]]
  â†³ app/controllers/recipes_controller.rb:47
  [1m[35m (6.8ms)[0m  [1m[36mcommit transaction[0m
  â†³ app/controllers/recipes_controller.rb:47
Completed 200 OK in 1044ms (Views: 0.6ms | ActiveRecord: 14.3ms)


Started GET "/recipes/sopa" for ::1 at 2019-06-05 16:26:55 -0600
Processing by RecipesController#show as */*
  Parameters: {"name"=>"sopa"}
  [1m[36mUser Load (0.3ms)[0m  [1m[34mSELECT  "users".* FROM "users" WHERE "users"."id" = ? LIMIT ?[0m  [["id", 1], ["LIMIT", 1]]
  â†³ app/controllers/application_controller.rb:12
Completed 500 Internal Server Error in 1082ms (ActiveRecord: 0.3ms)


  
JSON::ParserError (765: unexpected token at 'Traceback (most recent call last):
  File "recipeByName.py", line 31, in <module>
    main()
  File "recipeByName.py", line 10, in main
    result = list(prolog.query("buscarXnombre("+str(sys.argv[1])+",A,B,C,D,E)"))
  File "/home/paulozuniga/pyswip_env/lib/python3.5/site-packages/pyswip/prolog.py", line 127, in __call__
    "Returned: '", str(term), "'."]))
pyswip.prolog.PrologError: Caused by: 'buscarXnombre(sopa,A,B,C,D,E)'. Returned: 'error(existence_error(procedure, /(buscarXnombre, 6)), context(/(pyrun, 2), _G962))'.
'):
  
app/controllers/recipes_controller.rb:35:in `block in show'
app/controllers/recipes_controller.rb:34:in `show'
Started GET "/recipes/%27sopa%27" for ::1 at 2019-06-05 16:36:15 -0600
Processing by RecipesController#show as */*
  Parameters: {"name"=>"'sopa'"}
  [1m[36mUser Load (0.3ms)[0m  [1m[34mSELECT  "users".* FROM "users" WHERE "users"."id" = ? LIMIT ?[0m  [["id", 1], ["LIMIT", 1]]
  â†³ app/controllers/application_controller.rb:12
Completed 500 Internal Server Error in 1063ms (ActiveRecord: 1.1ms)


  
JSON::ParserError (765: unexpected token at 'Traceback (most recent call last):
  File "recipeByName.py", line 31, in <module>
    main()
  File "recipeByName.py", line 10, in main
    result = list(prolog.query("buscarXnombre("+str(sys.argv[1])+",A,B,C,D,E)"))
  File "/home/paulozuniga/pyswip_env/lib/python3.5/site-packages/pyswip/prolog.py", line 127, in __call__
    "Returned: '", str(term), "'."]))
pyswip.prolog.PrologError: Caused by: 'buscarXnombre(sopa,A,B,C,D,E)'. Returned: 'error(existence_error(procedure, /(buscarXnombre, 6)), context(/(pyrun, 2), _G962))'.
'):
  
app/controllers/recipes_controller.rb:36:in `block in show'
app/controllers/recipes_controller.rb:35:in `show'
Started POST "/auth/login?email=paulozuniga17@gmail.com&password=[FILTERED]" for ::1 at 2019-06-05 16:38:35 -0600
  [1m[35m (0.4ms)[0m  [1m[34mSELECT "schema_migrations"."version" FROM "schema_migrations" ORDER BY "schema_migrations"."version" ASC[0m
  â†³ /home/paulo/.rvm/gems/ruby-2.5.1/gems/activerecord-5.2.3/lib/active_record/log_subscriber.rb:98
Processing by AuthenticationController#login as */*
  Parameters: {"email"=>"paulozuniga17@gmail.com", "password"=>"[FILTERED]"}
  [1m[36mUser Load (0.2ms)[0m  [1m[34mSELECT  "users".* FROM "users" WHERE "users"."email" = ? LIMIT ?[0m  [["email", "paulozuniga17@gmail.com"], ["LIMIT", 1]]
  â†³ app/controllers/authentication_controller.rb:6
Completed 200 OK in 86ms (Views: 0.2ms | ActiveRecord: 1.0ms)


Started GET "/recipe/?name=%27sopa%27" for ::1 at 2019-06-05 16:39:05 -0600
Processing by RecipesController#show as */*
  Parameters: {"name"=>"'sopa'"}
  [1m[36mUser Load (2.7ms)[0m  [1m[34mSELECT  "users".* FROM "users" WHERE "users"."id" = ? LIMIT ?[0m  [["id", 1], ["LIMIT", 1]]
  â†³ app/controllers/application_controller.rb:12
Completed 500 Internal Server Error in 1031ms (ActiveRecord: 2.7ms)


  
JSON::ParserError (765: unexpected token at 'Traceback (most recent call last):
  File "recipeByName.py", line 31, in <module>
    main()
  File "recipeByName.py", line 10, in main
    result = list(prolog.query("buscarXnombre("+str(sys.argv[1])+",A,B,C,D,E)"))
  File "/home/paulozuniga/pyswip_env/lib/python3.5/site-packages/pyswip/prolog.py", line 127, in __call__
    "Returned: '", str(term), "'."]))
pyswip.prolog.PrologError: Caused by: 'buscarXnombre(sopa,A,B,C,D,E)'. Returned: 'error(existence_error(procedure, /(buscarXnombre, 6)), context(/(pyrun, 2), _G962))'.
'):
  
app/controllers/recipes_controller.rb:36:in `block in show'
app/controllers/recipes_controller.rb:35:in `show'
Started GET "/recipe/?name=%27sopa%27" for ::1 at 2019-06-05 16:45:12 -0600
Processing by RecipesController#show as */*
  Parameters: {"name"=>"'sopa'"}
  [1m[36mUser Load (0.2ms)[0m  [1m[34mSELECT  "users".* FROM "users" WHERE "users"."id" = ? LIMIT ?[0m  [["id", 1], ["LIMIT", 1]]
  â†³ app/controllers/application_controller.rb:12
Completed 500 Internal Server Error in 1063ms (ActiveRecord: 0.2ms)


  
JSON::ParserError (765: unexpected token at 'Traceback (most recent call last):
  File "recipeByName.py", line 31, in <module>
    main()
  File "recipeByName.py", line 10, in main
    result = list(prolog.query("buscarXnombre("+str(sys.argv[1])+",A,B,C,D,E)"))
  File "/home/paulozuniga/pyswip_env/lib/python3.5/site-packages/pyswip/prolog.py", line 127, in __call__
    "Returned: '", str(term), "'."]))
pyswip.prolog.PrologError: Caused by: 'buscarXnombre(sopa,A,B,C,D,E)'. Returned: 'error(existence_error(procedure, /(buscarXnombre, 6)), context(/(pyrun, 2), _G962))'.
'):
  
app/controllers/recipes_controller.rb:36:in `block in show'
app/controllers/recipes_controller.rb:35:in `show'
Started GET "/recipe/?name=%27arepas%27" for ::1 at 2019-06-05 16:50:14 -0600
Processing by RecipesController#show as */*
  Parameters: {"name"=>"'arepas'"}
  [1m[36mUser Load (0.1ms)[0m  [1m[34mSELECT  "users".* FROM "users" WHERE "users"."id" = ? LIMIT ?[0m  [["id", 1], ["LIMIT", 1]]
  â†³ app/controllers/application_controller.rb:12
Completed 500 Internal Server Error in 1041ms (ActiveRecord: 0.1ms)


  
JSON::ParserError (765: unexpected token at 'Traceback (most recent call last):
  File "recipeByName.py", line 31, in <module>
    main()
  File "recipeByName.py", line 10, in main
    result = list(prolog.query("buscarXnombre("+str(sys.argv[1])+",A,B,C,D,E)"))
  File "/home/paulozuniga/pyswip_env/lib/python3.5/site-packages/pyswip/prolog.py", line 127, in __call__
    "Returned: '", str(term), "'."]))
pyswip.prolog.PrologError: Caused by: 'buscarXnombre(arepas,A,B,C,D,E)'. Returned: 'error(existence_error(procedure, /(buscarXnombre, 6)), context(/(pyrun, 2), _G968))'.
'):
  
app/controllers/recipes_controller.rb:36:in `block in show'
app/controllers/recipes_controller.rb:35:in `show'
Started GET "/recipe/?name=%27arepas%27" for ::1 at 2019-06-05 16:51:24 -0600
Processing by RecipesController#show as */*
  Parameters: {"name"=>"'arepas'"}
  [1m[36mUser Load (0.2ms)[0m  [1m[34mSELECT  "users".* FROM "users" WHERE "users"."id" = ? LIMIT ?[0m  [["id", 1], ["LIMIT", 1]]
  â†³ app/controllers/application_controller.rb:12
Completed 200 OK in 1056ms (Views: 0.4ms | ActiveRecord: 0.2ms)


Started GET "/recipe-by-name/?name=%27arepas%27" for ::1 at 2019-06-05 17:01:24 -0600
Processing by ApplicationController#not_found as */*
  Parameters: {"name"=>"'arepas'", "a"=>"recipe-by-name"}
Completed 200 OK in 0ms (Views: 0.2ms | ActiveRecord: 0.0ms)


Started POST "/auth/login?email=paulozuniga17@gmail.com&password=[FILTERED]" for ::1 at 2019-06-05 17:02:04 -0600
  [1m[35m (0.3ms)[0m  [1m[34mSELECT "schema_migrations"."version" FROM "schema_migrations" ORDER BY "schema_migrations"."version" ASC[0m
  â†³ /home/paulo/.rvm/gems/ruby-2.5.1/gems/activerecord-5.2.3/lib/active_record/log_subscriber.rb:98
Processing by AuthenticationController#login as */*
  Parameters: {"email"=>"paulozuniga17@gmail.com", "password"=>"[FILTERED]"}
  [1m[36mUser Load (0.2ms)[0m  [1m[34mSELECT  "users".* FROM "users" WHERE "users"."email" = ? LIMIT ?[0m  [["email", "paulozuniga17@gmail.com"], ["LIMIT", 1]]
  â†³ app/controllers/authentication_controller.rb:6
Completed 200 OK in 83ms (Views: 0.2ms | ActiveRecord: 0.9ms)


Started POST "/new-recipe?name=%27sopa%27&tipo=%27saca%20gomas%27&ingredients=%27agua,maggie%27&steps=%27echar%20maggie%20al%20agua%20y%20calentar%27&images=%27sopa.png%27" for ::1 at 2019-06-05 17:02:21 -0600
Processing by RecipesController#create as */*
  Parameters: {"name"=>"'sopa'", "tipo"=>"'saca gomas'", "ingredients"=>"'agua,maggie'", "steps"=>"'echar maggie al agua y calentar'", "images"=>"'sopa.png'"}
  [1m[36mUser Load (0.2ms)[0m  [1m[34mSELECT  "users".* FROM "users" WHERE "users"."id" = ? LIMIT ?[0m  [["id", 1], ["LIMIT", 1]]
  â†³ app/controllers/application_controller.rb:12
Unpermitted parameter: :tipo
  [1m[35m (0.1ms)[0m  [1m[36mbegin transaction[0m
  â†³ app/controllers/recipes_controller.rb:48
  [1m[36mRecipe Exists (0.2ms)[0m  [1m[34mSELECT  1 AS one FROM "recipes" WHERE "recipes"."name" = ? LIMIT ?[0m  [["name", "'sopa'"], ["LIMIT", 1]]
  â†³ app/controllers/recipes_controller.rb:48
  [1m[35m (0.1ms)[0m  [1m[31mrollback transaction[0m
  â†³ app/controllers/recipes_controller.rb:48
Completed 422 Unprocessable Entity in 49ms (Views: 0.5ms | ActiveRecord: 1.2ms)


Started GET "/recipe-by-name/?name=%27arepas%27" for ::1 at 2019-06-05 17:02:38 -0600
Processing by ApplicationController#not_found as */*
  Parameters: {"name"=>"'arepas'", "a"=>"recipe-by-name"}
Completed 200 OK in 0ms (Views: 0.1ms | ActiveRecord: 0.0ms)


Started POST "/auth/login?email=paulozuniga17@gmail.com&password=[FILTERED]" for ::1 at 2019-06-05 17:03:21 -0600
  [1m[35m (0.2ms)[0m  [1m[34mSELECT "schema_migrations"."version" FROM "schema_migrations" ORDER BY "schema_migrations"."version" ASC[0m
  â†³ /home/paulo/.rvm/gems/ruby-2.5.1/gems/activerecord-5.2.3/lib/active_record/log_subscriber.rb:98
Processing by AuthenticationController#login as */*
  Parameters: {"email"=>"paulozuniga17@gmail.com", "password"=>"[FILTERED]"}
  [1m[36mUser Load (0.2ms)[0m  [1m[34mSELECT  "users".* FROM "users" WHERE "users"."email" = ? LIMIT ?[0m  [["email", "paulozuniga17@gmail.com"], ["LIMIT", 1]]
  â†³ app/controllers/authentication_controller.rb:6
Completed 200 OK in 83ms (Views: 0.3ms | ActiveRecord: 1.0ms)


Started GET "/recipe-by-name/?name=%27arepas%27" for ::1 at 2019-06-05 17:03:34 -0600
Processing by RecipesController#show as */*
  Parameters: {"name"=>"'arepas'"}
  [1m[36mUser Load (0.2ms)[0m  [1m[34mSELECT  "users".* FROM "users" WHERE "users"."id" = ? LIMIT ?[0m  [["id", 1], ["LIMIT", 1]]
  â†³ app/controllers/application_controller.rb:12
Completed 200 OK in 1022ms (Views: 0.3ms | ActiveRecord: 0.2ms)


Started GET "/recipe-by-type/?tipo=%27almuerzo%27" for ::1 at 2019-06-05 17:04:26 -0600
Processing by RecipesController#showType as */*
  Parameters: {"tipo"=>"'almuerzo'"}
Filter chain halted as :authorize_request rendered or redirected
Completed 401 Unauthorized in 1ms (Views: 0.2ms | ActiveRecord: 0.0ms)


Started GET "/recipe-by-type/?tipo=%27almuerzo%27" for ::1 at 2019-06-05 17:11:19 -0600
Processing by RecipesController#showType as */*
  Parameters: {"tipo"=>"'almuerzo'"}
Filter chain halted as :authorize_request rendered or redirected
Completed 401 Unauthorized in 2ms (Views: 0.1ms | ActiveRecord: 0.0ms)


Started GET "/recipe-by-type/?tipo=%27almuerzo%27" for ::1 at 2019-06-05 17:13:49 -0600
Processing by RecipesController#showType as */*
  Parameters: {"tipo"=>"'almuerzo'"}
Filter chain halted as :authorize_request rendered or redirected
Completed 401 Unauthorized in 0ms (Views: 0.2ms | ActiveRecord: 0.0ms)


Started POST "/auth/login?email=paulozuniga17@gmail.com&password=[FILTERED]" for ::1 at 2019-06-05 17:14:45 -0600
Processing by AuthenticationController#login as */*
  Parameters: {"email"=>"paulozuniga17@gmail.com", "password"=>"[FILTERED]"}
  [1m[36mUser Load (0.5ms)[0m  [1m[34mSELECT  "users".* FROM "users" WHERE "users"."email" = ? LIMIT ?[0m  [["email", "paulozuniga17@gmail.com"], ["LIMIT", 1]]
  â†³ app/controllers/authentication_controller.rb:6
Completed 200 OK in 173ms (Views: 0.3ms | ActiveRecord: 3.7ms)


Started GET "/recipe-by-type/?tipo=%27almuerzo%27" for ::1 at 2019-06-05 17:15:02 -0600
Processing by RecipesController#showType as */*
  Parameters: {"tipo"=>"'almuerzo'"}
  [1m[36mUser Load (0.2ms)[0m  [1m[34mSELECT  "users".* FROM "users" WHERE "users"."id" = ? LIMIT ?[0m  [["id", 1], ["LIMIT", 1]]
  â†³ app/controllers/application_controller.rb:12
Completed 200 OK in 1023ms (Views: 0.7ms | ActiveRecord: 0.2ms)


Started POST "/auth/login?email=paulozuniga17@gmail.com&password=[FILTERED]" for ::1 at 2019-06-05 17:19:48 -0600
  [1m[35m (0.2ms)[0m  [1m[34mSELECT "schema_migrations"."version" FROM "schema_migrations" ORDER BY "schema_migrations"."version" ASC[0m
  â†³ /home/paulo/.rvm/gems/ruby-2.5.1/gems/activerecord-5.2.3/lib/active_record/log_subscriber.rb:98
Processing by AuthenticationController#login as */*
  Parameters: {"email"=>"paulozuniga17@gmail.com", "password"=>"[FILTERED]"}
  [1m[36mUser Load (0.3ms)[0m  [1m[34mSELECT  "users".* FROM "users" WHERE "users"."email" = ? LIMIT ?[0m  [["email", "paulozuniga17@gmail.com"], ["LIMIT", 1]]
  â†³ app/controllers/authentication_controller.rb:6
Completed 200 OK in 102ms (Views: 0.3ms | ActiveRecord: 1.4ms)


Started GET "/recipe-by-type/?ingredients=%27huevo%27" for ::1 at 2019-06-05 17:19:57 -0600
Processing by RecipesController#showType as */*
  Parameters: {"ingredients"=>"'huevo'"}
  [1m[36mUser Load (0.3ms)[0m  [1m[34mSELECT  "users".* FROM "users" WHERE "users"."id" = ? LIMIT ?[0m  [["id", 1], ["LIMIT", 1]]
  â†³ app/controllers/application_controller.rb:12
Completed 500 Internal Server Error in 1049ms (ActiveRecord: 0.3ms)


  
JSON::ParserError (765: unexpected token at 'Traceback (most recent call last):
  File "recipeByType.py", line 31, in <module>
    main()
  File "recipeByType.py", line 10, in main
    result = list(prolog.query("buscarXtipo("+str(sys.argv[1])+",A,B,C,D,E)"))
IndexError: list index out of range
'):
  
app/controllers/recipes_controller.rb:52:in `block in showType'
app/controllers/recipes_controller.rb:51:in `showType'
Started GET "/recipe-by-ingredients/?ingredients=%27huevo%27" for ::1 at 2019-06-05 17:25:10 -0600
Processing by RecipesController#showIngredients as */*
  Parameters: {"ingredients"=>"'huevo'"}
  [1m[36mUser Load (0.1ms)[0m  [1m[34mSELECT  "users".* FROM "users" WHERE "users"."id" = ? LIMIT ?[0m  [["id", 1], ["LIMIT", 1]]
  â†³ app/controllers/application_controller.rb:12
Completed 200 OK in 1021ms (Views: 0.4ms | ActiveRecord: 0.1ms)


Started GET "/recipe-by-ingredients/?ingredients=%27huevos%27" for ::1 at 2019-06-05 17:25:26 -0600
Processing by RecipesController#showIngredients as */*
  Parameters: {"ingredients"=>"'huevos'"}
  [1m[36mUser Load (0.2ms)[0m  [1m[34mSELECT  "users".* FROM "users" WHERE "users"."id" = ? LIMIT ?[0m  [["id", 1], ["LIMIT", 1]]
  â†³ app/controllers/application_controller.rb:12
Completed 200 OK in 1014ms (Views: 0.3ms | ActiveRecord: 0.2ms)


Started GET "/recipe-by-ingredients/?ingredients=%27huevo%27" for ::1 at 2019-06-05 17:25:33 -0600
Processing by RecipesController#showIngredients as */*
  Parameters: {"ingredients"=>"'huevo'"}
  [1m[36mUser Load (0.1ms)[0m  [1m[34mSELECT  "users".* FROM "users" WHERE "users"."id" = ? LIMIT ?[0m  [["id", 1], ["LIMIT", 1]]
  â†³ app/controllers/application_controller.rb:12
Completed 200 OK in 1153ms (Views: 0.6ms | ActiveRecord: 0.1ms)


  [1m[35m (1508.9ms)[0m  [1m[35mCREATE DATABASE "db/newDatabase" ENCODING = 'utf8'[0m
  â†³ /home/paulo/.rvm/gems/ruby-2.5.1/bin/rake:23
  [1m[35m (802.3ms)[0m  [1m[35mCREATE DATABASE "db/newTest" ENCODING = 'utf8'[0m
  â†³ /home/paulo/.rvm/gems/ruby-2.5.1/bin/rake:23
  [1m[35m (43.4ms)[0m  [1m[35mCREATE TABLE "schema_migrations" ("version" character varying NOT NULL PRIMARY KEY)[0m
  â†³ /home/paulo/.rvm/gems/ruby-2.5.1/bin/rake:23
  [1m[35m (17.7ms)[0m  [1m[35mCREATE TABLE "ar_internal_metadata" ("key" character varying NOT NULL PRIMARY KEY, "value" character varying, "created_at" timestamp NOT NULL, "updated_at" timestamp NOT NULL)[0m
  â†³ /home/paulo/.rvm/gems/ruby-2.5.1/bin/rake:23
  [1m[35m (0.2ms)[0m  [1m[34mSELECT pg_try_advisory_lock(6215408685807949110)[0m
  â†³ /home/paulo/.rvm/gems/ruby-2.5.1/bin/rake:23
  [1m[35m (0.5ms)[0m  [1m[34mSELECT "schema_migrations"."version" FROM "schema_migrations" ORDER BY "schema_migrations"."version" ASC[0m
  â†³ /home/paulo/.rvm/gems/ruby-2.5.1/bin/rake:23
Migrating to CreateUsers (20190527004757)
  [1m[35m (0.1ms)[0m  [1m[35mBEGIN[0m
  â†³ /home/paulo/.rvm/gems/ruby-2.5.1/bin/rake:23
  [1m[35m (18.4ms)[0m  [1m[35mCREATE TABLE "users" ("id" bigserial primary key, "email" character varying, "password_digest" character varying, "created_at" timestamp NOT NULL, "updated_at" timestamp NOT NULL)[0m
  â†³ db/migrate/20190527004757_create_users.rb:3
  [1m[36mActiveRecord::SchemaMigration Create (0.5ms)[0m  [1m[32mINSERT INTO "schema_migrations" ("version") VALUES ($1) RETURNING "version"[0m  [["version", "20190527004757"]]
  â†³ /home/paulo/.rvm/gems/ruby-2.5.1/bin/rake:23
  [1m[35m (7.4ms)[0m  [1m[35mCOMMIT[0m
  â†³ /home/paulo/.rvm/gems/ruby-2.5.1/bin/rake:23
Migrating to CreateRecipes (20190605002829)
  [1m[35m (0.2ms)[0m  [1m[35mBEGIN[0m
  â†³ /home/paulo/.rvm/gems/ruby-2.5.1/bin/rake:23
  [1m[35m (11.1ms)[0m  [1m[35mCREATE TABLE "recipes" ("id" bigserial primary key, "name" character varying, "tipo" character varying, "ingredients" character varying, "steps" character varying, "images" character varying, "created_at" timestamp NOT NULL, "updated_at" timestamp NOT NULL)[0m
  â†³ db/migrate/20190605002829_create_recipes.rb:3
  [1m[36mActiveRecord::SchemaMigration Create (0.3ms)[0m  [1m[32mINSERT INTO "schema_migrations" ("version") VALUES ($1) RETURNING "version"[0m  [["version", "20190605002829"]]
  â†³ /home/paulo/.rvm/gems/ruby-2.5.1/bin/rake:23
  [1m[35m (2.7ms)[0m  [1m[35mCOMMIT[0m
  â†³ /home/paulo/.rvm/gems/ruby-2.5.1/bin/rake:23
  [1m[36mActiveRecord::InternalMetadata Load (0.3ms)[0m  [1m[34mSELECT  "ar_internal_metadata".* FROM "ar_internal_metadata" WHERE "ar_internal_metadata"."key" = $1 LIMIT $2[0m  [["key", "environment"], ["LIMIT", 1]]
  â†³ /home/paulo/.rvm/gems/ruby-2.5.1/bin/rake:23
  [1m[35m (0.2ms)[0m  [1m[35mBEGIN[0m
  â†³ /home/paulo/.rvm/gems/ruby-2.5.1/bin/rake:23
  [1m[36mActiveRecord::InternalMetadata Create (0.7ms)[0m  [1m[32mINSERT INTO "ar_internal_metadata" ("key", "value", "created_at", "updated_at") VALUES ($1, $2, $3, $4) RETURNING "key"[0m  [["key", "environment"], ["value", "development"], ["created_at", "2019-06-06 01:00:58.670599"], ["updated_at", "2019-06-06 01:00:58.670599"]]
  â†³ /home/paulo/.rvm/gems/ruby-2.5.1/bin/rake:23
  [1m[35m (1.9ms)[0m  [1m[35mCOMMIT[0m
  â†³ /home/paulo/.rvm/gems/ruby-2.5.1/bin/rake:23
  [1m[35m (0.2ms)[0m  [1m[34mSELECT pg_advisory_unlock(6215408685807949110)[0m
  â†³ /home/paulo/.rvm/gems/ruby-2.5.1/bin/rake:23
  [1m[35m (0.2ms)[0m  [1m[34mSELECT "schema_migrations"."version" FROM "schema_migrations" ORDER BY "schema_migrations"."version" ASC[0m
  â†³ /home/paulo/.rvm/gems/ruby-2.5.1/bin/rake:23
Started POST "/auth/login?email=paulozuniga17@gmail.com&password=[FILTERED]" for ::1 at 2019-06-05 19:03:46 -0600
  [1m[35m (0.6ms)[0m  [1m[34mSELECT "schema_migrations"."version" FROM "schema_migrations" ORDER BY "schema_migrations"."version" ASC[0m
  â†³ /home/paulo/.rvm/gems/ruby-2.5.1/gems/activerecord-5.2.3/lib/active_record/log_subscriber.rb:98
Processing by AuthenticationController#login as */*
  Parameters: {"email"=>"paulozuniga17@gmail.com", "password"=>"[FILTERED]"}
  [1m[36mUser Load (0.6ms)[0m  [1m[34mSELECT  "users".* FROM "users" WHERE "users"."email" = $1 LIMIT $2[0m  [["email", "paulozuniga17@gmail.com"], ["LIMIT", 1]]
  â†³ app/controllers/authentication_controller.rb:6
Completed 401 Unauthorized in 19ms (Views: 0.2ms | ActiveRecord: 7.0ms)


Started POST "/users?email=paulozuniga17@gmail.com&password=[FILTERED]" for ::1 at 2019-06-05 19:03:58 -0600
Processing by UsersController#create as */*
  Parameters: {"email"=>"paulozuniga17@gmail.com", "password"=>"[FILTERED]"}
  [1m[35m (3.4ms)[0m  [1m[35mBEGIN[0m
  â†³ app/controllers/users_controller.rb:19
  [1m[36mUser Exists (0.3ms)[0m  [1m[34mSELECT  1 AS one FROM "users" WHERE "users"."email" = $1 LIMIT $2[0m  [["email", "paulozuniga17@gmail.com"], ["LIMIT", 1]]
  â†³ app/controllers/users_controller.rb:19
  [1m[36mUser Create (0.8ms)[0m  [1m[32mINSERT INTO "users" ("email", "password_digest", "created_at", "updated_at") VALUES ($1, $2, $3, $4) RETURNING "id"[0m  [["email", "paulozuniga17@gmail.com"], ["password_digest", "$2a$10$GzJ3KAXxeRcVZ1eO7FFK5esvdFVNSMy9h8OSBHZ.R9E/l1bAUKXVW"], ["created_at", "2019-06-06 01:03:58.232866"], ["updated_at", "2019-06-06 01:03:58.232866"]]
  â†³ app/controllers/users_controller.rb:19
  [1m[35m (2.0ms)[0m  [1m[35mCOMMIT[0m
  â†³ app/controllers/users_controller.rb:19
Completed 201 Created in 177ms (Views: 0.6ms | ActiveRecord: 11.2ms)


Started POST "/auth/login?email=paulozuniga17@gmail.com&password=[FILTERED]" for ::1 at 2019-06-05 19:04:07 -0600
Processing by AuthenticationController#login as */*
  Parameters: {"email"=>"paulozuniga17@gmail.com", "password"=>"[FILTERED]"}
  [1m[36mUser Load (0.3ms)[0m  [1m[34mSELECT  "users".* FROM "users" WHERE "users"."email" = $1 LIMIT $2[0m  [["email", "paulozuniga17@gmail.com"], ["LIMIT", 1]]
  â†³ app/controllers/authentication_controller.rb:6
Completed 200 OK in 139ms (Views: 0.2ms | ActiveRecord: 0.3ms)


Started GET "/recipes" for ::1 at 2019-06-05 19:04:23 -0600
Processing by RecipesController#index as */*
  [1m[36mUser Load (0.3ms)[0m  [1m[34mSELECT  "users".* FROM "users" WHERE "users"."id" = $1 LIMIT $2[0m  [["id", 1], ["LIMIT", 1]]
  â†³ app/controllers/application_controller.rb:12
Completed 200 OK in 1335ms (Views: 0.6ms | ActiveRecord: 0.3ms)


Started POST "/auth/login?email=paulozuniga17@gmail.com&password=[FILTERED]" for ::1 at 2019-06-05 19:27:38 -0600
  [1m[35m (1.6ms)[0m  [1m[34mSELECT "schema_migrations"."version" FROM "schema_migrations" ORDER BY "schema_migrations"."version" ASC[0m
  â†³ /home/paulo/.rvm/gems/ruby-2.5.1/gems/activerecord-5.2.3/lib/active_record/log_subscriber.rb:98
Processing by AuthenticationController#login as */*
  Parameters: {"email"=>"paulozuniga17@gmail.com", "password"=>"[FILTERED]"}
  [1m[36mUser Load (0.9ms)[0m  [1m[34mSELECT  "users".* FROM "users" WHERE "users"."email" = $1 LIMIT $2[0m  [["email", "paulozuniga17@gmail.com"], ["LIMIT", 1]]
  â†³ app/controllers/authentication_controller.rb:6
Completed 200 OK in 114ms (Views: 0.3ms | ActiveRecord: 6.4ms)


Started POST "/auth/login?email=paulozuniga17@gmail.com&password=[FILTERED]" for ::1 at 2019-06-05 20:00:07 -0600
  [1m[35m (0.9ms)[0m  [1m[34mSELECT "schema_migrations"."version" FROM "schema_migrations" ORDER BY "schema_migrations"."version" ASC[0m
  â†³ /home/paulo/.rvm/gems/ruby-2.5.1/gems/activerecord-5.2.3/lib/active_record/log_subscriber.rb:98
Processing by AuthenticationController#login as */*
  Parameters: {"email"=>"paulozuniga17@gmail.com", "password"=>"[FILTERED]"}
  [1m[36mUser Load (0.3ms)[0m  [1m[34mSELECT  "users".* FROM "users" WHERE "users"."email" = $1 LIMIT $2[0m  [["email", "paulozuniga17@gmail.com"], ["LIMIT", 1]]
  â†³ app/controllers/authentication_controller.rb:6
Completed 200 OK in 90ms (Views: 0.3ms | ActiveRecord: 7.1ms)


